1NUMBER OF BEAM       NUMBER OF BEAM        APPROXIMATE NUMBER    AVERAGE TIME USED     TIME LEFT (RESERVED   NUMBER OF STARS
 PARTICLES HANDLED    PARTICLES LEFT        OF BEAM PARTICLES     BY A BEAM PARTICLE     10000.0 SECONDS      CREATED
                                            THAT CAN STILL BE                           FOR PRINTOUT)
                                            HANDLED

 NEXT SEEDS: 5519BC2       0       0       0       0       0   181CD    3039       0       0
          1                 99999                 99999             0.0000000E+00         1.0000000E+30                 0       
 NEXT SEEDS: 5519BFB       0       0       0       0       0   181CD    3039       0       0
       2000                 98000                 98000             2.7001691E-04         1.0000000E+30               446       
 NEXT SEEDS: 55EC7C5       0       0       0       0       0   181CD    3039       0       0
       4000                 96000                 96000             2.7901757E-04         1.0000000E+30               940       
 NEXT SEEDS: 56D90A3       0       0       0       0       0   181CD    3039       0       0
  Ferevv: Umo2 < Urmin2 !!   2.9863694098003415        3.1128534002009998               29           1  0.54744999999999999       0.93827231000000000      T           3
       6000                 94000                 94000             2.8468450E-04         1.0000000E+30              1445       
 NEXT SEEDS: 57C7336       0       0       0       0       0   181CD    3039       0       0
  *** Umfnst:amsq,np0,np,kpart -1.04083408558608426E-017           0           1           7
  *** Kaon: P_min > 1.5 GeV/c:           24   1.5338202041979867     
       8000                 92000                 92000             2.7951753E-04         1.0000000E+30              1886       
 NEXT SEEDS: 5898BA5       0       0       0       0       0   181CD    3039       0       0
  *** Kaon: P_min > 1.5 GeV/c:           15   1.5493596055434178     
  *** Kaon: P_min > 1.5 GeV/c:           24   2.4343536114613920     
  *** Kaon: P_min > 1.5 GeV/c:           24   2.5569941321742724     
      10000                 90000                 90000             2.8081751E-04         1.0000000E+30              2354       
 NEXT SEEDS: 597EB0F       0       0       0       0       0   181CD    3039       0       0
      12000                 88000                 88000             2.8201759E-04         1.0000000E+30              2841       
 NEXT SEEDS: 5A60379       0       0       0       0       0   181CD    3039       0       0
      14000                 86000                 86000             2.8087473E-04         1.0000000E+30              3286       
 NEXT SEEDS: 5B3534A       0       0       0       0       0   181CD    3039       0       0
      16000                 84000                 84000             2.8126755E-04         1.0000000E+30              3749       
 NEXT SEEDS: 5C1709A       0       0       0       0       0   181CD    3039       0       0
  *** Kaon: P_min > 1.5 GeV/c:           24   1.9805201826514907     
  *** Kaon: P_min > 1.5 GeV/c:           24   1.9473303824821340     
      18000                 82000                 82000             2.8379549E-04         1.0000000E+30              4281       
 NEXT SEEDS: 5D1536C       0       0       0       0       0   181CD    3039       0       0
      20000                 80000                 80000             2.8421776E-04         1.0000000E+30              4758       
 NEXT SEEDS: 5DFC117       0       0       0       0       0   181CD    3039       0       0
      22000                 78000                 78000             2.8310860E-04         1.0000000E+30              5199       
 NEXT SEEDS: 5ED70DD       0       0       0       0       0   181CD    3039       0       0
      24000                 76000                 76000             2.8101756E-04         1.0000000E+30              5626       
 NEXT SEEDS: 5FA6A27       0       0       0       0       0   181CD    3039       0       0
      26000                 74000                 74000             2.8140220E-04         1.0000000E+30              6104       
 NEXT SEEDS: 608A107       0       0       0       0       0   181CD    3039       0       0
  *** Kaon: P_min > 1.5 GeV/c:           15   3.1525918072812891     
  *** Kaon: P_min > 1.5 GeV/c:           15   2.1292710457548365     
      28000                 72000                 72000             2.8187474E-04         1.0000000E+30              6566       
 NEXT SEEDS: 616A3C5       0       0       0       0       0   181CD    3039       0       0
  *** Kaon: P_min > 1.5 GeV/c:           24   1.7331819976153509     
      30000                 70000                 70000             2.8068420E-04         1.0000000E+30              6992       
 NEXT SEEDS: 623559E       0       0       0       0       0   181CD    3039       0       0
      32000                 68000                 68000             2.8039254E-04         1.0000000E+30              7430       
 NEXT SEEDS: 630687A       0       0       0       0       0   181CD    3039       0       0
      34000                 66000                 66000             2.8001750E-04         1.0000000E+30              7913       
 NEXT SEEDS: 63E4CC1       0       0       0       0       0   181CD    3039       0       0
  *** Kaon: P_min > 1.5 GeV/c:           24   1.8119311257585107     
  Ferevv: R2 < Rmin2 for Pt  3.39228765617803907E-002  3.88852269286002472E-002   3.1128534002009998     
  Ferevv: Umo2 < Urmin2 !!   2.5197676628000671        3.1128534002009998               29           8  0.54744999999999999       0.93956563000000004      T           3
  Ferevv: insufficient Umo for charm/strange sea quarks   1.5873776056124980       0.49364599999999997        1.1974300000000000     
      36000                 64000                 64000             2.7990639E-04         1.0000000E+30              8360       
 NEXT SEEDS: 64B96CC       0       0       0       0       0   181CD    3039       0       0
  Ferevv: Umo2 < Urmin2 !!   3.0490118716431343        3.1128534002009998               29           8  0.54744999999999999       0.93956563000000004      T           3
      38000                 62000                 62000             2.8012277E-04         1.0000000E+30              8802       
 NEXT SEEDS: 659E563       0       0       0       0       0   181CD    3039       0       0
      40000                 60000                 60000             2.7821738E-04         1.0000000E+30              9192       
 NEXT SEEDS: 665D775       0       0       0       0       0   181CD    3039       0       0
  *** Kaon: P_min > 1.5 GeV/c:           15   1.7767302272620675     
      42000                 58000                 58000             2.7716016E-04         1.0000000E+30              9605       
 NEXT SEEDS: 6728705       0       0       0       0       0   181CD    3039       0       0
  *** Kaon: P_min > 1.5 GeV/c:           15   2.4226295023623461     
  *** Umfnst:amsq,np0,np,kpart -8.67361737988403547E-018           0           1           7
      44000                 56000                 56000             2.7665365E-04         1.0000000E+30             10061       
 NEXT SEEDS: 67F8C2C       0       0       0       0       0   181CD    3039       0       0
      46000                 54000                 54000             2.7610423E-04         1.0000000E+30             10473       
 NEXT SEEDS: 68C1B17       0       0       0       0       0   181CD    3039       0       0
      48000                 52000                 52000             2.7451715E-04         1.0000000E+30             10882       
 NEXT SEEDS: 698067D       0       0       0       0       0   181CD    3039       0       0
  Eventv: ekin+am < pla,ij,igreyt   5.6622627350825301        5.6912507983139839               14           3
      50000                 50000                 50000             2.7409711E-04         1.0000000E+30             11313       
 NEXT SEEDS: 6A52FE7       0       0       0       0       0   181CD    3039       0       0
  Ferevv: R2 < Rmin2 for Pt  3.55706310582499796E-002  3.90853167321593212E-002   3.1128534002009998     
  Ferevv: Umo2 < Urmin2 !!   2.6377635296868553        3.1128534002009998               29           1  0.54744999999999999       0.93827231000000000      T           3
      52000                 48000                 48000             2.7440178E-04         1.0000000E+30             11761       
 NEXT SEEDS: 6B285ED       0       0       0       0       0   181CD    3039       0       0
  *** Kaon: P_min > 1.5 GeV/c:           15   2.0032130730610915     
      54000                 46000                 46000             2.7557279E-04         1.0000000E+30             12285       
 NEXT SEEDS: 6C1E6CC       0       0       0       0       0   181CD    3039       0       0
      56000                 44000                 44000             2.7666014E-04         1.0000000E+30             12809       
 NEXT SEEDS: 6D16FB5       0       0       0       0       0   181CD    3039       0       0
  Eventv: ekin+am < pla,ij,igreyt   7.7604484288229107        7.7816745093402178               13           6
      58000                 42000                 42000             2.7622414E-04         1.0000000E+30             13246       
 NEXT SEEDS: 6DED458       0       0       0       0       0   181CD    3039       0       0
  Ferevv: Umo2 < Urmin2 !!   3.1389826656991491        3.3332975544317360               29           1  0.54744999999999999       0.93827231000000000      F           3
      60000                 40000                 40000             2.7668394E-04         1.0000000E+30             13763       
 NEXT SEEDS: 6EDC340       0       0       0       0       0   181CD    3039       0       0
      62000                 38000                 38000             2.7627533E-04         1.0000000E+30             14207       
 NEXT SEEDS: 6FAF902       0       0       0       0       0   181CD    3039       0       0
  *** Kaon: P_min > 1.5 GeV/c:           24   2.3879890088221751     
      64000                 36000                 36000             2.7701730E-04         1.0000000E+30             14697       
 NEXT SEEDS: 7094553       0       0       0       0       0   181CD    3039       0       0
      66000                 34000                 34000             2.7722943E-04         1.0000000E+30             15189       
 NEXT SEEDS: 7174916       0       0       0       0       0   181CD    3039       0       0
  Eventv: ekin+am < pla,ij,igreyt   6.8786528178563664        6.8968500492859190               14           2
      68000                 32000                 32000             2.7660553E-04         1.0000000E+30             15591       
 NEXT SEEDS: 7242C02       0       0       0       0       0   181CD    3039       0       0
      70000                 30000                 30000             2.7676016E-04         1.0000000E+30             16062       
 NEXT SEEDS: 73264F1       0       0       0       0       0   181CD    3039       0       0
      72000                 28000                 28000             2.7612835E-04         1.0000000E+30             16486       
 NEXT SEEDS: 73F34B1       0       0       0       0       0   181CD    3039       0       0
      74000                 26000                 26000             2.7655783E-04         1.0000000E+30             16949       
 NEXT SEEDS: 74D6B39       0       0       0       0       0   181CD    3039       0       0
      76000                 24000                 24000             2.7649097E-04         1.0000000E+30             17412       
 NEXT SEEDS: 75B11F1       0       0       0       0       0   181CD    3039       0       0
      78000                 22000                 22000             2.7581211E-04         1.0000000E+30             17821       
 NEXT SEEDS: 76736A8       0       0       0       0       0   181CD    3039       0       0
      80000                 20000                 20000             2.7551721E-04         1.0000000E+30             18257       
 NEXT SEEDS: 774AD87       0       0       0       0       0   181CD    3039       0       0
      82000                 18000                 18000             2.7562698E-04         1.0000000E+30             18737       
 NEXT SEEDS: 782AF54       0       0       0       0       0   181CD    3039       0       0
      84000                 16000                 16000             2.7568389E-04         1.0000000E+30             19182       
 NEXT SEEDS: 79050A5       0       0       0       0       0   181CD    3039       0       0
  *** Kaon: P_min > 1.5 GeV/c:           24   1.5492697858348021     
      86000                 14000                 14000             2.7517998E-04         1.0000000E+30             19625       
 NEXT SEEDS: 79D0D0E       0       0       0       0       0   181CD    3039       0       0
  *** Kaon: P_min > 1.5 GeV/c:           24   1.5332515335371100     
  *** Kaon: P_min > 1.5 GeV/c:           24   1.6721445574646003     
      88000                 12000                 12000             2.7519901E-04         1.0000000E+30             20078       
 NEXT SEEDS: 7AA7EB5       0       0       0       0       0   181CD    3039       0       0
      90000                 10000                 10000             2.7512831E-04         1.0000000E+30             20527       
 NEXT SEEDS: 7B7E151       0       0       0       0       0   181CD    3039       0       0
      92000                  8000                  8000             2.7527808E-04         1.0000000E+30             20980       
 NEXT SEEDS: 7C60DBC       0       0       0       0       0   181CD    3039       0       0
  *** Kbar: P_min > 1.8 GeV/c:           25   2.0115464505263114     
      94000                  6000                  6000             2.7584701E-04         1.0000000E+30             21496       
 NEXT SEEDS: 7D4BFA2       0       0       0       0       0   181CD    3039       0       0
  Eventv: ekin+am < pla,ij,igreyt   6.1139240722496719        6.1874691555461752               14           3
      96000                  4000                  4000             2.7539220E-04         1.0000000E+30             21926       
 NEXT SEEDS: 7E1A485       0       0       0       0       0   181CD    3039       0       0
      98000                  2000                  2000             2.7516005E-04         1.0000000E+30             22364       
 NEXT SEEDS: 7EE9A0E       0       0       0       0       0   181CD    3039       0       0
      99950                    50                    50             2.7487461E-04         1.0000000E+30             22765       
 NEXT SEEDS: 7FB91A2       0       0       0       0       0   181CD    3039       0       0
      99951                    49                    49             2.7487186E-04         1.0000000E+30             22765       
 NEXT SEEDS: 7FB9238       0       0       0       0       0   181CD    3039       0       0
      99952                    48                    48             2.7486911E-04         1.0000000E+30             22765       
 NEXT SEEDS: 7FB9294       0       0       0       0       0   181CD    3039       0       0
      99953                    47                    47             2.7486636E-04         1.0000000E+30             22770       
 NEXT SEEDS: 7FBB542       0       0       0       0       0   181CD    3039       0       0
      99954                    46                    46             2.7486361E-04         1.0000000E+30             22770       
 NEXT SEEDS: 7FBB57A       0       0       0       0       0   181CD    3039       0       0
      99955                    45                    45             2.7486086E-04         1.0000000E+30             22770       
 NEXT SEEDS: 7FBB5AC       0       0       0       0       0   181CD    3039       0       0
      99956                    44                    44             2.7485811E-04         1.0000000E+30             22770       
 NEXT SEEDS: 7FBB5E4       0       0       0       0       0   181CD    3039       0       0
      99957                    43                    43             2.7485536E-04         1.0000000E+30             22770       
 NEXT SEEDS: 7FBB645       0       0       0       0       0   181CD    3039       0       0
      99958                    42                    42             2.7489262E-04         1.0000000E+30             22770       
 NEXT SEEDS: 7FBB664       0       0       0       0       0   181CD    3039       0       0
      99959                    41                    41             2.7488987E-04         1.0000000E+30             22770       
 NEXT SEEDS: 7FBB796       0       0       0       0       0   181CD    3039       0       0
      99960                    40                    40             2.7488712E-04         1.0000000E+30             22770       
 NEXT SEEDS: 7FBB7E7       0       0       0       0       0   181CD    3039       0       0
      99961                    39                    39             2.7488437E-04         1.0000000E+30             22770       
 NEXT SEEDS: 7FBB821       0       0       0       0       0   181CD    3039       0       0
      99962                    38                    38             2.7488162E-04         1.0000000E+30             22770       
 NEXT SEEDS: 7FBB845       0       0       0       0       0   181CD    3039       0       0
      99963                    37                    37             2.7487887E-04         1.0000000E+30             22770       
 NEXT SEEDS: 7FBB89B       0       0       0       0       0   181CD    3039       0       0
      99964                    36                    36             2.7487612E-04         1.0000000E+30             22770       
 NEXT SEEDS: 7FBB8BE       0       0       0       0       0   181CD    3039       0       0
      99965                    35                    35             2.7487337E-04         1.0000000E+30             22770       
 NEXT SEEDS: 7FBB8F3       0       0       0       0       0   181CD    3039       0       0
      99966                    34                    34             2.7487063E-04         1.0000000E+30             22770       
 NEXT SEEDS: 7FBB98E       0       0       0       0       0   181CD    3039       0       0
      99967                    33                    33             2.7486788E-04         1.0000000E+30             22770       
 NEXT SEEDS: 7FBB9C3       0       0       0       0       0   181CD    3039       0       0
      99968                    32                    32             2.7486513E-04         1.0000000E+30             22770       
 NEXT SEEDS: 7FBB9FE       0       0       0       0       0   181CD    3039       0       0
      99969                    31                    31             2.7486238E-04         1.0000000E+30             22770       
 NEXT SEEDS: 7FBBA87       0       0       0       0       0   181CD    3039       0       0
      99970                    30                    30             2.7485963E-04         1.0000000E+30             22770       
 NEXT SEEDS: 7FBBAA3       0       0       0       0       0   181CD    3039       0       0
      99971                    29                    29             2.7485688E-04         1.0000000E+30             22770       
 NEXT SEEDS: 7FBBAE0       0       0       0       0       0   181CD    3039       0       0
      99972                    28                    28             2.7485413E-04         1.0000000E+30             22770       
 NEXT SEEDS: 7FBBB86       0       0       0       0       0   181CD    3039       0       0
      99973                    27                    27             2.7485138E-04         1.0000000E+30             22770       
 NEXT SEEDS: 7FBBBCE       0       0       0       0       0   181CD    3039       0       0
      99974                    26                    26             2.7484863E-04         1.0000000E+30             22770       
 NEXT SEEDS: 7FBBBFE       0       0       0       0       0   181CD    3039       0       0
      99975                    25                    25             2.7484588E-04         1.0000000E+30             22770       
 NEXT SEEDS: 7FBBC1D       0       0       0       0       0   181CD    3039       0       0
      99976                    24                    24             2.7484313E-04         1.0000000E+30             22770       
 NEXT SEEDS: 7FBBC5A       0       0       0       0       0   181CD    3039       0       0
      99977                    23                    23             2.7484038E-04         1.0000000E+30             22770       
 NEXT SEEDS: 7FBBC8F       0       0       0       0       0   181CD    3039       0       0
      99978                    22                    22             2.7483763E-04         1.0000000E+30             22770       
 NEXT SEEDS: 7FBBCC0       0       0       0       0       0   181CD    3039       0       0
      99979                    21                    21             2.7487489E-04         1.0000000E+30             22772       
 NEXT SEEDS: 7FBCF3D       0       0       0       0       0   181CD    3039       0       0
      99980                    20                    20             2.7487214E-04         1.0000000E+30             22772       
 NEXT SEEDS: 7FBCF6D       0       0       0       0       0   181CD    3039       0       0
      99981                    19                    19             2.7490942E-04         1.0000000E+30             22773       
 NEXT SEEDS: 7FBDFD5       0       0       0       0       0   181CD    3039       0       0
      99982                    18                    18             2.7490667E-04         1.0000000E+30             22773       
 NEXT SEEDS: 7FBDFF5       0       0       0       0       0   181CD    3039       0       0
      99983                    17                    17             2.7490392E-04         1.0000000E+30             22773       
 NEXT SEEDS: 7FBE01B       0       0       0       0       0   181CD    3039       0       0
      99984                    16                    16             2.7490117E-04         1.0000000E+30             22773       
 NEXT SEEDS: 7FBE05B       0       0       0       0       0   181CD    3039       0       0
      99985                    15                    15             2.7489842E-04         1.0000000E+30             22773       
 NEXT SEEDS: 7FBE07C       0       0       0       0       0   181CD    3039       0       0
      99986                    14                    14             2.7489567E-04         1.0000000E+30             22773       
 NEXT SEEDS: 7FBE09F       0       0       0       0       0   181CD    3039       0       0
      99987                    13                    13             2.7493292E-04         1.0000000E+30             22773       
 NEXT SEEDS: 7FBE0EA       0       0       0       0       0   181CD    3039       0       0
      99988                    12                    12             2.7493017E-04         1.0000000E+30             22774       
 NEXT SEEDS: 7FBE994       0       0       0       0       0   181CD    3039       0       0
      99989                    11                    11             2.7492742E-04         1.0000000E+30             22774       
 NEXT SEEDS: 7FBE9B4       0       0       0       0       0   181CD    3039       0       0
      99990                    10                    10             2.7492467E-04         1.0000000E+30             22774       
 NEXT SEEDS: 7FBEA4B       0       0       0       0       0   181CD    3039       0       0
      99991                     9                     9             2.7492192E-04         1.0000000E+30             22774       
 NEXT SEEDS: 7FBEA88       0       0       0       0       0   181CD    3039       0       0
      99992                     8                     8             2.7495917E-04         1.0000000E+30             22774       
 NEXT SEEDS: 7FBEAEB       0       0       0       0       0   181CD    3039       0       0
      99993                     7                     7             2.7495642E-04         1.0000000E+30             22774       
 NEXT SEEDS: 7FBEB54       0       0       0       0       0   181CD    3039       0       0
      99994                     6                     6             2.7495367E-04         1.0000000E+30             22774       
 NEXT SEEDS: 7FBEB83       0       0       0       0       0   181CD    3039       0       0
      99995                     5                     5             2.7495092E-04         1.0000000E+30             22774       
 NEXT SEEDS: 7FBEC0D       0       0       0       0       0   181CD    3039       0       0
      99996                     4                     4             2.7494817E-04         1.0000000E+30             22774       
 NEXT SEEDS: 7FBEC48       0       0       0       0       0   181CD    3039       0       0
      99997                     3                     3             2.7494543E-04         1.0000000E+30             22774       
 NEXT SEEDS: 7FBEC7A       0       0       0       0       0   181CD    3039       0       0
      99998                     2                     2             2.7494268E-04         1.0000000E+30             22774       
 NEXT SEEDS: 7FBEC99       0       0       0       0       0   181CD    3039       0       0
      99999                     1                     1             2.7501994E-04         1.0000000E+30             22776       
 NEXT SEEDS: 7FC0887       0       0       0       0       0   181CD    3039       0       0
     100000                     0                     1             2.7501719E-04         1.0000000E+30             22777       
 NEXT SEEDS: 7FC0958       0       0       0       0       0   181CD    3039       0       0
