1NUMBER OF BEAM       NUMBER OF BEAM        APPROXIMATE NUMBER    AVERAGE TIME USED     TIME LEFT (RESERVED   NUMBER OF STARS
 PARTICLES HANDLED    PARTICLES LEFT        OF BEAM PARTICLES     BY A BEAM PARTICLE     10000.0 SECONDS      CREATED
                                            THAT CAN STILL BE                           FOR PRINTOUT)
                                            HANDLED

 NEXT SEEDS: AAFA0D7       0       0       0       0       0   181CD    3039       0       0
          1                 99999                 99999             0.0000000E+00         1.0000000E+30                 0       
 NEXT SEEDS: AAFA10C       0       0       0       0       0   181CD    3039       0       0
       2000                 98000                 98000             3.0001843E-04         1.0000000E+30               504       
 NEXT SEEDS: ABEBF3F       0       0       0       0       0   181CD    3039       0       0
  Eventv: ekin+am < pla,ij,igreyt   6.5332644571020939        6.5620312227480957               13           1
       4000                 96000                 96000             2.8701776E-04         1.0000000E+30               941       
 NEXT SEEDS: ACBC6E2       0       0       0       0       0   181CD    3039       0       0
       6000                 94000                 94000             2.8868465E-04         1.0000000E+30              1425       
 NEXT SEEDS: ADA5CB4       0       0       0       0       0   181CD    3039       0       0
       8000                 92000                 92000             2.8951797E-04         1.0000000E+30              1897       
 NEXT SEEDS: AE898DE       0       0       0       0       0   181CD    3039       0       0
      10000                 90000                 90000             2.8721788E-04         1.0000000E+30              2355       
 NEXT SEEDS: AF617A5       0       0       0       0       0   181CD    3039       0       0
  *** Kaon: P_min > 1.5 GeV/c:           24   1.6978721730956821     
      12000                 88000                 88000             2.8668457E-04         1.0000000E+30              2842       
 NEXT SEEDS: B04C70B       0       0       0       0       0   181CD    3039       0       0
      14000                 86000                 86000             2.8316050E-04         1.0000000E+30              3292       
 NEXT SEEDS: B11E76A       0       0       0       0       0   181CD    3039       0       0
  Ferevv: R2 < Rmin2 for Pt  3.60933034818516907E-002  3.66673455524416936E-002   3.1128534002009998     
  Ferevv: Umo2 < Urmin2 !!   2.8666143614901838        3.1128534002009998               29           1  0.54744999999999999       0.93827231000000000      T           3
      16000                 84000                 84000             2.8226762E-04         1.0000000E+30              3742       
 NEXT SEEDS: B1F20E8       0       0       0       0       0   181CD    3039       0       0
      18000                 82000                 82000             2.8090645E-04         1.0000000E+30              4168       
 NEXT SEEDS: B2C516C       0       0       0       0       0   181CD    3039       0       0
      20000                 80000                 80000             2.7921747E-04         1.0000000E+30              4582       
 NEXT SEEDS: B3872D2       0       0       0       0       0   181CD    3039       0       0
      22000                 78000                 78000             2.7729003E-04         1.0000000E+30              4992       
 NEXT SEEDS: B454AC0       0       0       0       0       0   181CD    3039       0       0
  *** Umfnst:amsq,np0,np,kpart -1.73472347597680709E-018           0           1           7
      24000                 76000                 76000             2.8001749E-04         1.0000000E+30              5511       
 NEXT SEEDS: B54BA1D       0       0       0       0       0   181CD    3039       0       0
      26000                 74000                 74000             2.8063293E-04         1.0000000E+30              5992       
 NEXT SEEDS: B634206       0       0       0       0       0   181CD    3039       0       0
      28000                 72000                 72000             2.7701728E-04         1.0000000E+30              6387       
 NEXT SEEDS: B6EE6CE       0       0       0       0       0   181CD    3039       0       0
      30000                 70000                 70000             2.7641728E-04         1.0000000E+30              6812       
 NEXT SEEDS: B7C045C       0       0       0       0       0   181CD    3039       0       0
      32000                 68000                 68000             2.7826738E-04         1.0000000E+30              7312       
 NEXT SEEDS: B8B7E00       0       0       0       0       0   181CD    3039       0       0
  *** Kaon: P_min > 1.5 GeV/c:           15   1.6524801080387463     
      34000                 66000                 66000             2.7813504E-04         1.0000000E+30              7758       
 NEXT SEEDS: B99706B       0       0       0       0       0   181CD    3039       0       0
  *** Kaon: P_min > 1.5 GeV/c:           24   1.6033801451418874     
  Ferevv: valence call, impossible to get enough invariant mass for the residual nucleus!!           2           0   3.5311342923091877        2.4722802122426515        12.421864884702289       7.16799581009411046E-002
  Eventv: negative excitation energy for the residual nucleus!!           0           2 -0.30678263     F
      36000                 64000                 64000             2.7912854E-04         1.0000000E+30              8221       
 NEXT SEEDS: BA7AD14       0       0       0       0       0   181CD    3039       0       0
  Ferevv: Umo2 < Urmin2 !!   3.0645255927403938        3.1128534002009998               29           1  0.54744999999999999       0.93827231000000000      T           3
      38000                 62000                 62000             2.8033329E-04         1.0000000E+30              8722       
 NEXT SEEDS: BB70F24       0       0       0       0       0   181CD    3039       0       0
  *** Kaon: P_min > 1.5 GeV/c:           24   1.7156146834027113     
      40000                 60000                 60000             2.8071753E-04         1.0000000E+30              9206       
 NEXT SEEDS: BC59381       0       0       0       0       0   181CD    3039       0       0
      42000                 58000                 58000             2.8077945E-04         1.0000000E+30              9673       
 NEXT SEEDS: BD35853       0       0       0       0       0   181CD    3039       0       0
  *** Kaon: P_min > 1.5 GeV/c:           24   2.8908409522535861     
  *** Kaon: P_min > 1.5 GeV/c:           24   3.2517838369299574     
  *** Kaon: P_min > 1.5 GeV/c:           24   2.1166170055661611     
      44000                 56000                 56000             2.8138119E-04         1.0000000E+30             10147       
 NEXT SEEDS: BE1EE14       0       0       0       0       0   181CD    3039       0       0
      46000                 54000                 54000             2.8053928E-04         1.0000000E+30             10583       
 NEXT SEEDS: BEE7EC7       0       0       0       0       0   181CD    3039       0       0
  *** Kaon: P_min > 1.5 GeV/c:           15   1.7011421083907321     
      48000                 52000                 52000             2.8001751E-04         1.0000000E+30             11013       
 NEXT SEEDS: BFB504C       0       0       0       0       0   181CD    3039       0       0
  *** Kaon: P_min > 1.5 GeV/c:           15   1.5604667054673880     
  *** Kaon: P_min > 1.5 GeV/c:           15   1.9827429311486133     
      50000                 50000                 50000             2.8017751E-04         1.0000000E+30             11464       
 NEXT SEEDS: C090D73       0       0       0       0       0   181CD    3039       0       0
  *** Kaon: P_min > 1.5 GeV/c:           15   2.0711962893383693     
      52000                 48000                 48000             2.7978671E-04         1.0000000E+30             11916       
 NEXT SEEDS: C15F0EE       0       0       0       0       0   181CD    3039       0       0
  Eventv: ekin+am < pla,ij,igreyt   5.9139775289983181        5.9310972284721801               13           1
  *** Kaon: P_min > 1.5 GeV/c:           15   1.9297986179281192     
      54000                 46000                 46000             2.8001751E-04         1.0000000E+30             12399       
 NEXT SEEDS: C2440CF       0       0       0       0       0   181CD    3039       0       0
      56000                 44000                 44000             2.8008891E-04         1.0000000E+30             12849       
 NEXT SEEDS: C322600       0       0       0       0       0   181CD    3039       0       0
      58000                 42000                 42000             2.7925884E-04         1.0000000E+30             13291       
 NEXT SEEDS: C3F0C85       0       0       0       0       0   181CD    3039       0       0
      60000                 40000                 40000             2.7888407E-04         1.0000000E+30             13728       
 NEXT SEEDS: C4C4275       0       0       0       0       0   181CD    3039       0       0
  *** Umfnst:amsq,np0,np,kpart -1.04083408558608426E-017           0           1           7
      62000                 38000                 38000             2.7866257E-04         1.0000000E+30             14160       
 NEXT SEEDS: C599052       0       0       0       0       0   181CD    3039       0       0
  *** Umfnst:amsq,np0,np,kpart -3.46944695195361419E-018           0           1           7
  *** Kaon: P_min > 1.5 GeV/c:           24   1.5207282929186838     
      64000                 36000                 36000             2.7851741E-04         1.0000000E+30             14579       
 NEXT SEEDS: C66E162       0       0       0       0       0   181CD    3039       0       0
      66000                 34000                 34000             2.7813861E-04         1.0000000E+30             15007       
 NEXT SEEDS: C73EA4A       0       0       0       0       0   181CD    3039       0       0
      68000                 32000                 32000             2.7789972E-04         1.0000000E+30             15444       
 NEXT SEEDS: C8138E2       0       0       0       0       0   181CD    3039       0       0
  *** Kaon: P_min > 1.5 GeV/c:           15   2.2182936417025436     
      70000                 30000                 30000             2.7813166E-04         1.0000000E+30             15902       
 NEXT SEEDS: C8ED1EB       0       0       0       0       0   181CD    3039       0       0
      72000                 28000                 28000             2.7773956E-04         1.0000000E+30             16327       
 NEXT SEEDS: C9BFE65       0       0       0       0       0   181CD    3039       0       0
  *** Kbar: P_min > 1.8 GeV/c:           25   2.2550764647946289     
      74000                 26000                 26000             2.7769304E-04         1.0000000E+30             16775       
 NEXT SEEDS: CA94820       0       0       0       0       0   181CD    3039       0       0
      76000                 24000                 24000             2.7785947E-04         1.0000000E+30             17234       
 NEXT SEEDS: CB72322       0       0       0       0       0   181CD    3039       0       0
      78000                 22000                 22000             2.7770965E-04         1.0000000E+30             17693       
 NEXT SEEDS: CC48255       0       0       0       0       0   181CD    3039       0       0
      80000                 20000                 20000             2.7736731E-04         1.0000000E+30             18127       
 NEXT SEEDS: CD1269D       0       0       0       0       0   181CD    3039       0       0
      82000                 18000                 18000             2.7689535E-04         1.0000000E+30             18546       
 NEXT SEEDS: CDDBABF       0       0       0       0       0   181CD    3039       0       0
  *** Kaon: P_min > 1.5 GeV/c:           24   1.5373347055680109     
      84000                 16000                 16000             2.7687444E-04         1.0000000E+30             18998       
 NEXT SEEDS: CEB315A       0       0       0       0       0   181CD    3039       0       0
      86000                 14000                 14000             2.7662194E-04         1.0000000E+30             19453       
 NEXT SEEDS: CF8869F       0       0       0       0       0   181CD    3039       0       0
  *** Kaon: P_min > 1.5 GeV/c:           15   2.0260957393178400     
  *** Kaon: P_min > 1.5 GeV/c:           15   1.8343691473599866     
      88000                 12000                 12000             2.7647182E-04         1.0000000E+30             19859       
 NEXT SEEDS: D054A96       0       0       0       0       0   181CD    3039       0       0
      90000                 10000                 10000             2.7650616E-04         1.0000000E+30             20305       
 NEXT SEEDS: D12F232       0       0       0       0       0   181CD    3039       0       0
      92000                  8000                  8000             2.7649553E-04         1.0000000E+30             20749       
 NEXT SEEDS: D2074DB       0       0       0       0       0   181CD    3039       0       0
      94000                  6000                  6000             2.7623003E-04         1.0000000E+30             21182       
 NEXT SEEDS: D2DF2BD       0       0       0       0       0   181CD    3039       0       0
      96000                  4000                  4000             2.7605892E-04         1.0000000E+30             21585       
 NEXT SEEDS: D3AAEB4       0       0       0       0       0   181CD    3039       0       0
      98000                  2000                  2000             2.7605807E-04         1.0000000E+30             22026       
 NEXT SEEDS: D480FBA       0       0       0       0       0   181CD    3039       0       0
      99950                    50                    50             2.7607528E-04         1.0000000E+30             22444       
 NEXT SEEDS: D55275C       0       0       0       0       0   181CD    3039       0       0
      99951                    49                    49             2.7607252E-04         1.0000000E+30             22444       
 NEXT SEEDS: D552791       0       0       0       0       0   181CD    3039       0       0
      99952                    48                    48             2.7606975E-04         1.0000000E+30             22444       
 NEXT SEEDS: D552808       0       0       0       0       0   181CD    3039       0       0
      99953                    47                    47             2.7606699E-04         1.0000000E+30             22444       
 NEXT SEEDS: D55285A       0       0       0       0       0   181CD    3039       0       0
      99954                    46                    46             2.7606423E-04         1.0000000E+30             22444       
 NEXT SEEDS: D55288B       0       0       0       0       0   181CD    3039       0       0
      99955                    45                    45             2.7606147E-04         1.0000000E+30             22444       
 NEXT SEEDS: D5528C7       0       0       0       0       0   181CD    3039       0       0
      99956                    44                    44             2.7605871E-04         1.0000000E+30             22444       
 NEXT SEEDS: D5528EA       0       0       0       0       0   181CD    3039       0       0
      99957                    43                    43             2.7605594E-04         1.0000000E+30             22444       
 NEXT SEEDS: D552969       0       0       0       0       0   181CD    3039       0       0
      99958                    42                    42             2.7609320E-04         1.0000000E+30             22444       
 NEXT SEEDS: D5529FB       0       0       0       0       0   181CD    3039       0       0
      99959                    41                    41             2.7609043E-04         1.0000000E+30             22444       
 NEXT SEEDS: D552A53       0       0       0       0       0   181CD    3039       0       0
      99960                    40                    40             2.7608767E-04         1.0000000E+30             22444       
 NEXT SEEDS: D552AA2       0       0       0       0       0   181CD    3039       0       0
      99961                    39                    39             2.7608491E-04         1.0000000E+30             22444       
 NEXT SEEDS: D552AC2       0       0       0       0       0   181CD    3039       0       0
      99962                    38                    38             2.7608215E-04         1.0000000E+30             22444       
 NEXT SEEDS: D552B06       0       0       0       0       0   181CD    3039       0       0
      99963                    37                    37             2.7607939E-04         1.0000000E+30             22445       
 NEXT SEEDS: D5533EC       0       0       0       0       0   181CD    3039       0       0
      99964                    36                    36             2.7611666E-04         1.0000000E+30             22445       
 NEXT SEEDS: D55341C       0       0       0       0       0   181CD    3039       0       0
      99965                    35                    35             2.7611389E-04         1.0000000E+30             22445       
 NEXT SEEDS: D553456       0       0       0       0       0   181CD    3039       0       0
      99966                    34                    34             2.7611113E-04         1.0000000E+30             22445       
 NEXT SEEDS: D5534A0       0       0       0       0       0   181CD    3039       0       0
      99967                    33                    33             2.7610837E-04         1.0000000E+30             22445       
 NEXT SEEDS: D5534D1       0       0       0       0       0   181CD    3039       0       0
      99968                    32                    32             2.7610561E-04         1.0000000E+30             22445       
 NEXT SEEDS: D553518       0       0       0       0       0   181CD    3039       0       0
      99969                    31                    31             2.7610285E-04         1.0000000E+30             22445       
 NEXT SEEDS: D55354F       0       0       0       0       0   181CD    3039       0       0
      99970                    30                    30             2.7610008E-04         1.0000000E+30             22445       
 NEXT SEEDS: D55359B       0       0       0       0       0   181CD    3039       0       0
      99971                    29                    29             2.7609732E-04         1.0000000E+30             22445       
 NEXT SEEDS: D5535C3       0       0       0       0       0   181CD    3039       0       0
      99972                    28                    28             2.7609456E-04         1.0000000E+30             22445       
 NEXT SEEDS: D5535E6       0       0       0       0       0   181CD    3039       0       0
      99973                    27                    27             2.7609180E-04         1.0000000E+30             22445       
 NEXT SEEDS: D553605       0       0       0       0       0   181CD    3039       0       0
      99974                    26                    26             2.7608904E-04         1.0000000E+30             22445       
 NEXT SEEDS: D55363F       0       0       0       0       0   181CD    3039       0       0
      99975                    25                    25             2.7608627E-04         1.0000000E+30             22445       
 NEXT SEEDS: D553670       0       0       0       0       0   181CD    3039       0       0
      99976                    24                    24             2.7608351E-04         1.0000000E+30             22445       
 NEXT SEEDS: D55369D       0       0       0       0       0   181CD    3039       0       0
      99977                    23                    23             2.7608075E-04         1.0000000E+30             22445       
 NEXT SEEDS: D5536E1       0       0       0       0       0   181CD    3039       0       0
      99978                    22                    22             2.7607799E-04         1.0000000E+30             22445       
 NEXT SEEDS: D553731       0       0       0       0       0   181CD    3039       0       0
      99979                    21                    21             2.7607523E-04         1.0000000E+30             22445       
 NEXT SEEDS: D553789       0       0       0       0       0   181CD    3039       0       0
      99980                    20                    20             2.7607247E-04         1.0000000E+30             22445       
 NEXT SEEDS: D5537AC       0       0       0       0       0   181CD    3039       0       0
      99981                    19                    19             2.7606971E-04         1.0000000E+30             22445       
 NEXT SEEDS: D5537F3       0       0       0       0       0   181CD    3039       0       0
      99982                    18                    18             2.7606695E-04         1.0000000E+30             22445       
 NEXT SEEDS: D553810       0       0       0       0       0   181CD    3039       0       0
      99983                    17                    17             2.7606418E-04         1.0000000E+30             22445       
 NEXT SEEDS: D553861       0       0       0       0       0   181CD    3039       0       0
      99984                    16                    16             2.7606142E-04         1.0000000E+30             22445       
 NEXT SEEDS: D5538C3       0       0       0       0       0   181CD    3039       0       0
      99985                    15                    15             2.7605866E-04         1.0000000E+30             22445       
 NEXT SEEDS: D55396F       0       0       0       0       0   181CD    3039       0       0
      99986                    14                    14             2.7605590E-04         1.0000000E+30             22445       
 NEXT SEEDS: D5539B7       0       0       0       0       0   181CD    3039       0       0
      99987                    13                    13             2.7609314E-04         1.0000000E+30             22445       
 NEXT SEEDS: D553A07       0       0       0       0       0   181CD    3039       0       0
      99988                    12                    12             2.7609038E-04         1.0000000E+30             22445       
 NEXT SEEDS: D553A2F       0       0       0       0       0   181CD    3039       0       0
      99989                    11                    11             2.7608762E-04         1.0000000E+30             22445       
 NEXT SEEDS: D553A8C       0       0       0       0       0   181CD    3039       0       0
      99990                    10                    10             2.7608486E-04         1.0000000E+30             22445       
 NEXT SEEDS: D553AD0       0       0       0       0       0   181CD    3039       0       0
      99991                     9                     9             2.7608210E-04         1.0000000E+30             22445       
 NEXT SEEDS: D553AFC       0       0       0       0       0   181CD    3039       0       0
      99992                     8                     8             2.7607934E-04         1.0000000E+30             22445       
 NEXT SEEDS: D553B1A       0       0       0       0       0   181CD    3039       0       0
      99993                     7                     7             2.7607658E-04         1.0000000E+30             22445       
 NEXT SEEDS: D553B4F       0       0       0       0       0   181CD    3039       0       0
      99994                     6                     6             2.7607381E-04         1.0000000E+30             22445       
 NEXT SEEDS: D553B7D       0       0       0       0       0   181CD    3039       0       0
      99995                     5                     5             2.7611105E-04         1.0000000E+30             22446       
 NEXT SEEDS: D554327       0       0       0       0       0   181CD    3039       0       0
      99996                     4                     4             2.7610829E-04         1.0000000E+30             22446       
 NEXT SEEDS: D55434D       0       0       0       0       0   181CD    3039       0       0
      99997                     3                     3             2.7610553E-04         1.0000000E+30             22446       
 NEXT SEEDS: D55437F       0       0       0       0       0   181CD    3039       0       0
      99998                     2                     2             2.7610277E-04         1.0000000E+30             22446       
 NEXT SEEDS: D55439C       0       0       0       0       0   181CD    3039       0       0
      99999                     1                     1             2.7610001E-04         1.0000000E+30             22447       
 NEXT SEEDS: D5546D9       0       0       0       0       0   181CD    3039       0       0
     100000                     0                     1             2.7609725E-04         1.0000000E+30             22447       
 NEXT SEEDS: D554725       0       0       0       0       0   181CD    3039       0       0
