1NUMBER OF BEAM       NUMBER OF BEAM        APPROXIMATE NUMBER    AVERAGE TIME USED     TIME LEFT (RESERVED   NUMBER OF STARS
 PARTICLES HANDLED    PARTICLES LEFT        OF BEAM PARTICLES     BY A BEAM PARTICLE     10000.0 SECONDS      CREATED
                                            THAT CAN STILL BE                           FOR PRINTOUT)
                                            HANDLED

 NEXT SEEDS: 5538AFD       0       0       0       0       0   181CD    3039       0       0
          1                 99999                 99999             3.9999485E-03         1.0000000E+30                 0       
 NEXT SEEDS: 5538B68       0       0       0       0       0   181CD    3039       0       0
       2000                 98000                 98000             2.8401804E-04         1.0000000E+30               474       
 NEXT SEEDS: 561B61E       0       0       0       0       0   181CD    3039       0       0
       4000                 96000                 96000             2.8601801E-04         1.0000000E+30               952       
 NEXT SEEDS: 5701122       0       0       0       0       0   181CD    3039       0       0
  Ferevv: Umo2 < Urmin2 !!   2.9863694098003415        3.1128534002009998               29           1  0.54744999999999999       0.93827231000000000      T           3
       6000                 94000                 94000             2.8535120E-04         1.0000000E+30              1428       
 NEXT SEEDS: 57E7469       0       0       0       0       0   181CD    3039       0       0
  *** Umfnst:amsq,np0,np,kpart -1.04083408558608426E-017           0           1           7
  *** Kaon: P_min > 1.5 GeV/c:           24   1.5338202041979867     
       8000                 92000                 92000             2.7901751E-04         1.0000000E+30              1851       
 NEXT SEEDS: 58B623D       0       0       0       0       0   181CD    3039       0       0
  *** Kaon: P_min > 1.5 GeV/c:           15   1.5493596055434178     
  *** Kaon: P_min > 1.5 GeV/c:           24   2.4343536114613920     
  *** Kaon: P_min > 1.5 GeV/c:           24   2.5569941321742724     
      10000                 90000                 90000             2.8201761E-04         1.0000000E+30              2343       
 NEXT SEEDS: 59A0C55       0       0       0       0       0   181CD    3039       0       0
      12000                 88000                 88000             2.8135093E-04         1.0000000E+30              2791       
 NEXT SEEDS: 5A7506E       0       0       0       0       0   181CD    3039       0       0
      14000                 86000                 86000             2.8258906E-04         1.0000000E+30              3248       
 NEXT SEEDS: 5B51DB1       0       0       0       0       0   181CD    3039       0       0
      16000                 84000                 84000             2.8251767E-04         1.0000000E+30              3702       
 NEXT SEEDS: 5C34400       0       0       0       0       0   181CD    3039       0       0
  *** Kaon: P_min > 1.5 GeV/c:           24   1.9805201826514907     
  *** Kaon: P_min > 1.5 GeV/c:           24   1.9473303824821340     
  *** Kaon: P_min > 1.5 GeV/c:           24   4.6088820157708286     
  Ferevv: R2 < Rmin2 for Pt  3.30416632093638585E-002  3.55896926243675568E-002   3.1128534002009998     
  Ferevv: Umo2 < Urmin2 !!   2.6886178041167410        3.1128534002009998               29           8  0.54744999999999999       0.93956563000000004      T           3
  *** Kaon: P_min > 1.5 GeV/c:           15   1.5653337019167182     
      18000                 82000                 82000             2.8446224E-04         1.0000000E+30              4204       
 NEXT SEEDS: 5D22D58       0       0       0       0       0   181CD    3039       0       0
      20000                 80000                 80000             2.8501782E-04         1.0000000E+30              4682       
 NEXT SEEDS: 5E0C127       0       0       0       0       0   181CD    3039       0       0
      22000                 78000                 78000             2.8438139E-04         1.0000000E+30              5120       
 NEXT SEEDS: 5EE6F04       0       0       0       0       0   181CD    3039       0       0
      24000                 76000                 76000             2.8318437E-04         1.0000000E+30              5564       
 NEXT SEEDS: 5FB95E5       0       0       0       0       0   181CD    3039       0       0
  *** Kaon: P_min > 1.5 GeV/c:           15   3.1525918072812891     
      26000                 74000                 74000             2.8278692E-04         1.0000000E+30              6020       
 NEXT SEEDS: 6095755       0       0       0       0       0   181CD    3039       0       0
  *** Kaon: P_min > 1.5 GeV/c:           15   2.1292710457548365     
      28000                 72000                 72000             2.8301767E-04         1.0000000E+30              6484       
 NEXT SEEDS: 6174777       0       0       0       0       0   181CD    3039       0       0
  *** Kaon: P_min > 1.5 GeV/c:           24   1.7331819976153509     
      30000                 70000                 70000             2.8201764E-04         1.0000000E+30              6894       
 NEXT SEEDS: 6242CEE       0       0       0       0       0   181CD    3039       0       0
      32000                 68000                 68000             2.8289267E-04         1.0000000E+30              7383       
 NEXT SEEDS: 6322AF8       0       0       0       0       0   181CD    3039       0       0
      34000                 66000                 66000             2.8342948E-04         1.0000000E+30              7892       
 NEXT SEEDS: 6408F4F       0       0       0       0       0   181CD    3039       0       0
  *** Kaon: P_min > 1.5 GeV/c:           24   1.8119311257585107     
      36000                 64000                 64000             2.8312882E-04         1.0000000E+30              8343       
 NEXT SEEDS: 64E0885       0       0       0       0       0   181CD    3039       0       0
  *** Kaon: P_min > 1.5 GeV/c:           15   1.5494306674073548     
      38000                 62000                 62000             2.8307031E-04         1.0000000E+30              8795       
 NEXT SEEDS: 65C3E68       0       0       0       0       0   181CD    3039       0       0
      40000                 60000                 60000             2.8091755E-04         1.0000000E+30              9182       
 NEXT SEEDS: 6681185       0       0       0       0       0   181CD    3039       0       0
      42000                 58000                 58000             2.7906506E-04         1.0000000E+30              9591       
 NEXT SEEDS: 6740D00       0       0       0       0       0   181CD    3039       0       0
      44000                 56000                 56000             2.7865377E-04         1.0000000E+30             10055       
 NEXT SEEDS: 681C7D8       0       0       0       0       0   181CD    3039       0       0
      46000                 54000                 54000             2.7732167E-04         1.0000000E+30             10455       
 NEXT SEEDS: 68DFD01       0       0       0       0       0   181CD    3039       0       0
      48000                 52000                 52000             2.7585059E-04         1.0000000E+30             10861       
 NEXT SEEDS: 699A0A6       0       0       0       0       0   181CD    3039       0       0
  Eventv: ekin+am < pla,ij,igreyt   5.6622627350825301        5.6912507983139839               14           3
      50000                 50000                 50000             2.7561724E-04         1.0000000E+30             11305       
 NEXT SEEDS: 6A72B9A       0       0       0       0       0   181CD    3039       0       0
  Ferevv: R2 < Rmin2 for Pt  3.55706310582499796E-002  3.90853167321593212E-002   3.1128534002009998     
  Ferevv: Umo2 < Urmin2 !!   2.6377635296868553        3.1128534002009998               29           1  0.54744999999999999       0.93827231000000000      T           3
      52000                 48000                 48000             2.7555570E-04         1.0000000E+30             11729       
 NEXT SEEDS: 6B41D35       0       0       0       0       0   181CD    3039       0       0
  *** Kaon: P_min > 1.5 GeV/c:           15   2.0032130730610915     
      54000                 46000                 46000             2.7735066E-04         1.0000000E+30             12272       
 NEXT SEEDS: 6C43BF5       0       0       0       0       0   181CD    3039       0       0
      56000                 44000                 44000             2.7780306E-04         1.0000000E+30             12756       
 NEXT SEEDS: 6D2BE62       0       0       0       0       0   181CD    3039       0       0
  Eventv: ekin+am < pla,ij,igreyt   7.7604484288229107        7.7816745093402178               13           6
      58000                 42000                 42000             2.7774151E-04         1.0000000E+30             13215       
 NEXT SEEDS: 6E07159       0       0       0       0       0   181CD    3039       0       0
  Ferevv: Umo2 < Urmin2 !!   3.1389826656991491        3.3332975544317360               29           1  0.54744999999999999       0.93827231000000000      F           3
      60000                 40000                 40000             2.7835072E-04         1.0000000E+30             13723       
 NEXT SEEDS: 6EF3942       0       0       0       0       0   181CD    3039       0       0
  *** Kaon: P_min > 1.5 GeV/c:           24   2.3879890088221751     
      62000                 38000                 38000             2.7801737E-04         1.0000000E+30             14156       
 NEXT SEEDS: 6FC0E7C       0       0       0       0       0   181CD    3039       0       0
      64000                 36000                 36000             2.7807988E-04         1.0000000E+30             14625       
 NEXT SEEDS: 709C4E2       0       0       0       0       0   181CD    3039       0       0
      66000                 34000                 34000             2.7868408E-04         1.0000000E+30             15142       
 NEXT SEEDS: 718562D       0       0       0       0       0   181CD    3039       0       0
  Eventv: ekin+am < pla,ij,igreyt   6.8786528178563664        6.8968500492859190               14           2
      68000                 32000                 32000             2.7789973E-04         1.0000000E+30             15525       
 NEXT SEEDS: 724FCB2       0       0       0       0       0   181CD    3039       0       0
      70000                 30000                 30000             2.7841741E-04         1.0000000E+30             16022       
 NEXT SEEDS: 733CC22       0       0       0       0       0   181CD    3039       0       0
  *** Kaon: P_min > 1.5 GeV/c:           24   1.5704929929251117     
      72000                 28000                 28000             2.7868407E-04         1.0000000E+30             16510       
 NEXT SEEDS: 742C01B       0       0       0       0       0   181CD    3039       0       0
      74000                 26000                 26000             2.7855794E-04         1.0000000E+30             16953       
 NEXT SEEDS: 7506591       0       0       0       0       0   181CD    3039       0       0
      76000                 24000                 24000             2.7828055E-04         1.0000000E+30             17387       
 NEXT SEEDS: 75D99D8       0       0       0       0       0   181CD    3039       0       0
      78000                 22000                 22000             2.7801737E-04         1.0000000E+30             17826       
 NEXT SEEDS: 76A7855       0       0       0       0       0   181CD    3039       0       0
      80000                 20000                 20000             2.7791737E-04         1.0000000E+30             18289       
 NEXT SEEDS: 7787E76       0       0       0       0       0   181CD    3039       0       0
  *** Kaon: P_min > 1.5 GeV/c:           15   1.9037935979778948     
  *** Kaon: P_min > 1.5 GeV/c:           15   2.0474853676427727     
      82000                 18000                 18000             2.7796860E-04         1.0000000E+30             18758       
 NEXT SEEDS: 786335E       0       0       0       0       0   181CD    3039       0       0
      84000                 16000                 16000             2.7773163E-04         1.0000000E+30             19186       
 NEXT SEEDS: 7932625       0       0       0       0       0   181CD    3039       0       0
  *** Kaon: P_min > 1.5 GeV/c:           24   1.5492697858348021     
      86000                 14000                 14000             2.7811040E-04         1.0000000E+30             19679       
 NEXT SEEDS: 7A15140       0       0       0       0       0   181CD    3039       0       0
  *** Kaon: P_min > 1.5 GeV/c:           24   1.5332515335371100     
      88000                 12000                 12000             2.7783555E-04         1.0000000E+30             20115       
 NEXT SEEDS: 7AE23A0       0       0       0       0       0   181CD    3039       0       0
      90000                 10000                 10000             2.7823962E-04         1.0000000E+30             20607       
 NEXT SEEDS: 7BCE185       0       0       0       0       0   181CD    3039       0       0
      92000                  8000                  8000             2.7827826E-04         1.0000000E+30             21062       
 NEXT SEEDS: 7CAC7CD       0       0       0       0       0   181CD    3039       0       0
      94000                  6000                  6000             2.7797483E-04         1.0000000E+30             21497       
 NEXT SEEDS: 7D742FF       0       0       0       0       0   181CD    3039       0       0
  Eventv: ekin+am < pla,ij,igreyt   6.1139240722496719        6.1874691555461752               14           3
      96000                  4000                  4000             2.7726733E-04         1.0000000E+30             21927       
 NEXT SEEDS: 7E3FC22       0       0       0       0       0   181CD    3039       0       0
      98000                  2000                  2000             2.7728263E-04         1.0000000E+30             22372       
 NEXT SEEDS: 7F176D3       0       0       0       0       0   181CD    3039       0       0
      99950                    50                    50             2.7735600E-04         1.0000000E+30             22792       
 NEXT SEEDS: 7FF428F       0       0       0       0       0   181CD    3039       0       0
      99951                    49                    49             2.7735322E-04         1.0000000E+30             22792       
 NEXT SEEDS: 7FF42D7       0       0       0       0       0   181CD    3039       0       0
      99952                    48                    48             2.7735045E-04         1.0000000E+30             22792       
 NEXT SEEDS: 7FF4309       0       0       0       0       0   181CD    3039       0       0
      99953                    47                    47             2.7734767E-04         1.0000000E+30             22792       
 NEXT SEEDS: 7FF4342       0       0       0       0       0   181CD    3039       0       0
      99954                    46                    46             2.7734490E-04         1.0000000E+30             22792       
 NEXT SEEDS: 7FF4386       0       0       0       0       0   181CD    3039       0       0
      99955                    45                    45             2.7734213E-04         1.0000000E+30             22792       
 NEXT SEEDS: 7FF4433       0       0       0       0       0   181CD    3039       0       0
      99956                    44                    44             2.7733935E-04         1.0000000E+30             22792       
 NEXT SEEDS: 7FF447B       0       0       0       0       0   181CD    3039       0       0
      99957                    43                    43             2.7733658E-04         1.0000000E+30             22792       
 NEXT SEEDS: 7FF44C1       0       0       0       0       0   181CD    3039       0       0
      99958                    42                    42             2.7733380E-04         1.0000000E+30             22792       
 NEXT SEEDS: 7FF44EB       0       0       0       0       0   181CD    3039       0       0
      99959                    41                    41             2.7733103E-04         1.0000000E+30             22792       
 NEXT SEEDS: 7FF4539       0       0       0       0       0   181CD    3039       0       0
      99960                    40                    40             2.7732825E-04         1.0000000E+30             22792       
 NEXT SEEDS: 7FF4566       0       0       0       0       0   181CD    3039       0       0
      99961                    39                    39             2.7736551E-04         1.0000000E+30             22792       
 NEXT SEEDS: 7FF459D       0       0       0       0       0   181CD    3039       0       0
      99962                    38                    38             2.7736274E-04         1.0000000E+30             22793       
 NEXT SEEDS: 7FF4C28       0       0       0       0       0   181CD    3039       0       0
      99963                    37                    37             2.7735996E-04         1.0000000E+30             22793       
 NEXT SEEDS: 7FF4C55       0       0       0       0       0   181CD    3039       0       0
      99964                    36                    36             2.7735719E-04         1.0000000E+30             22793       
 NEXT SEEDS: 7FF4C78       0       0       0       0       0   181CD    3039       0       0
      99965                    35                    35             2.7735441E-04         1.0000000E+30             22793       
 NEXT SEEDS: 7FF4D31       0       0       0       0       0   181CD    3039       0       0
      99966                    34                    34             2.7735164E-04         1.0000000E+30             22793       
 NEXT SEEDS: 7FF4D99       0       0       0       0       0   181CD    3039       0       0
      99967                    33                    33             2.7738887E-04         1.0000000E+30             22796       
 NEXT SEEDS: 7FF63AB       0       0       0       0       0   181CD    3039       0       0
      99968                    32                    32             2.7742611E-04         1.0000000E+30             22796       
 NEXT SEEDS: 7FF63D1       0       0       0       0       0   181CD    3039       0       0
      99969                    31                    31             2.7742333E-04         1.0000000E+30             22797       
 NEXT SEEDS: 7FF6CC7       0       0       0       0       0   181CD    3039       0       0
      99970                    30                    30             2.7742056E-04         1.0000000E+30             22797       
 NEXT SEEDS: 7FF6D22       0       0       0       0       0   181CD    3039       0       0
      99971                    29                    29             2.7741778E-04         1.0000000E+30             22797       
 NEXT SEEDS: 7FF6D41       0       0       0       0       0   181CD    3039       0       0
      99972                    28                    28             2.7741501E-04         1.0000000E+30             22797       
 NEXT SEEDS: 7FF6D70       0       0       0       0       0   181CD    3039       0       0
      99973                    27                    27             2.7741223E-04         1.0000000E+30             22797       
 NEXT SEEDS: 7FF6DB2       0       0       0       0       0   181CD    3039       0       0
      99974                    26                    26             2.7744948E-04         1.0000000E+30             22797       
 NEXT SEEDS: 7FF6E05       0       0       0       0       0   181CD    3039       0       0
      99975                    25                    25             2.7744671E-04         1.0000000E+30             22797       
 NEXT SEEDS: 7FF6E27       0       0       0       0       0   181CD    3039       0       0
      99976                    24                    24             2.7744393E-04         1.0000000E+30             22797       
 NEXT SEEDS: 7FF6E58       0       0       0       0       0   181CD    3039       0       0
      99977                    23                    23             2.7744116E-04         1.0000000E+30             22797       
 NEXT SEEDS: 7FF6E9E       0       0       0       0       0   181CD    3039       0       0
      99978                    22                    22             2.7743838E-04         1.0000000E+30             22797       
 NEXT SEEDS: 7FF6EC5       0       0       0       0       0   181CD    3039       0       0
      99979                    21                    21             2.7743561E-04         1.0000000E+30             22797       
 NEXT SEEDS: 7FF6F0C       0       0       0       0       0   181CD    3039       0       0
      99980                    20                    20             2.7743283E-04         1.0000000E+30             22797       
 NEXT SEEDS: 7FF6F31       0       0       0       0       0   181CD    3039       0       0
      99981                    19                    19             2.7743006E-04         1.0000000E+30             22797       
 NEXT SEEDS: 7FF6F59       0       0       0       0       0   181CD    3039       0       0
      99982                    18                    18             2.7742728E-04         1.0000000E+30             22797       
 NEXT SEEDS: 7FF6FB9       0       0       0       0       0   181CD    3039       0       0
      99983                    17                    17             2.7742451E-04         1.0000000E+30             22797       
 NEXT SEEDS: 7FF6FEF       0       0       0       0       0   181CD    3039       0       0
      99984                    16                    16             2.7742174E-04         1.0000000E+30             22797       
 NEXT SEEDS: 7FF706F       0       0       0       0       0   181CD    3039       0       0
      99985                    15                    15             2.7741896E-04         1.0000000E+30             22797       
 NEXT SEEDS: 7FF7091       0       0       0       0       0   181CD    3039       0       0
      99986                    14                    14             2.7741619E-04         1.0000000E+30             22797       
 NEXT SEEDS: 7FF70E3       0       0       0       0       0   181CD    3039       0       0
      99987                    13                    13             2.7741341E-04         1.0000000E+30             22797       
 NEXT SEEDS: 7FF7116       0       0       0       0       0   181CD    3039       0       0
      99988                    12                    12             2.7741064E-04         1.0000000E+30             22797       
 NEXT SEEDS: 7FF730F       0       0       0       0       0   181CD    3039       0       0
      99989                    11                    11             2.7740786E-04         1.0000000E+30             22797       
 NEXT SEEDS: 7FF7342       0       0       0       0       0   181CD    3039       0       0
      99990                    10                    10             2.7740509E-04         1.0000000E+30             22797       
 NEXT SEEDS: 7FF7364       0       0       0       0       0   181CD    3039       0       0
      99991                     9                     9             2.7740231E-04         1.0000000E+30             22797       
 NEXT SEEDS: 7FF7395       0       0       0       0       0   181CD    3039       0       0
      99992                     8                     8             2.7739954E-04         1.0000000E+30             22797       
 NEXT SEEDS: 7FF73D0       0       0       0       0       0   181CD    3039       0       0
      99993                     7                     7             2.7739677E-04         1.0000000E+30             22797       
 NEXT SEEDS: 7FF73F7       0       0       0       0       0   181CD    3039       0       0
      99994                     6                     6             2.7743399E-04         1.0000000E+30             22798       
 NEXT SEEDS: 7FF74F7       0       0       0       0       0   181CD    3039       0       0
      99995                     5                     5             2.7743122E-04         1.0000000E+30             22798       
 NEXT SEEDS: 7FF753E       0       0       0       0       0   181CD    3039       0       0
      99996                     4                     4             2.7742844E-04         1.0000000E+30             22798       
 NEXT SEEDS: 7FF7571       0       0       0       0       0   181CD    3039       0       0
      99997                     3                     3             2.7742567E-04         1.0000000E+30             22798       
 NEXT SEEDS: 7FF7612       0       0       0       0       0   181CD    3039       0       0
      99998                     2                     2             2.7742289E-04         1.0000000E+30             22798       
 NEXT SEEDS: 7FF7683       0       0       0       0       0   181CD    3039       0       0
      99999                     1                     1             2.7742012E-04         1.0000000E+30             22798       
 NEXT SEEDS: 7FF76CC       0       0       0       0       0   181CD    3039       0       0
     100000                     0                     1             2.7741735E-04         1.0000000E+30             22798       
 NEXT SEEDS: 7FF7748       0       0       0       0       0   181CD    3039       0       0
