1NUMBER OF BEAM       NUMBER OF BEAM        APPROXIMATE NUMBER    AVERAGE TIME USED     TIME LEFT (RESERVED   NUMBER OF STARS
 PARTICLES HANDLED    PARTICLES LEFT        OF BEAM PARTICLES     BY A BEAM PARTICLE     10000.0 SECONDS      CREATED
                                            THAT CAN STILL BE                           FOR PRINTOUT)
                                            HANDLED

 NEXT SEEDS: 7FF7748       0       0       0       0       0   181CD    3039       0       0
          1                 99999                 99999             0.0000000E+00         1.0000000E+30                 0       
 NEXT SEEDS: 7FF777C       0       0       0       0       0   181CD    3039       0       0
       2000                 98000                 98000             2.5801599E-04         1.0000000E+30               429       
 NEXT SEEDS: 80CCA01       0       0       0       0       0   181CD    3039       0       0
       4000                 96000                 96000             2.7501732E-04         1.0000000E+30               908       
 NEXT SEEDS: 81B4012       0       0       0       0       0   181CD    3039       0       0
       6000                 94000                 94000             2.6534998E-04         1.0000000E+30              1324       
 NEXT SEEDS: 8279A47       0       0       0       0       0   181CD    3039       0       0
  Ferevv: R2 < Rmin2 for Pt  3.46462868593550022E-002  3.56987696721989406E-002   3.1128534002009998     
  Ferevv: Umo2 < Urmin2 !!   2.8072066835874274        3.1128534002009998               29           8  0.54744999999999999       0.93956563000000004      T           3
       8000                 92000                 92000             2.5801614E-04         1.0000000E+30              1676       
 NEXT SEEDS: 832FAC6       0       0       0       0       0   181CD    3039       0       0
  *** Kaon: P_min > 1.5 GeV/c:           15   2.6756655313629589     
      10000                 90000                 90000             2.5481589E-04         1.0000000E+30              2065       
 NEXT SEEDS: 83EFF58       0       0       0       0       0   181CD    3039       0       0
  *** Kbar: P_min > 1.8 GeV/c:           25   1.9804920085680242     
      12000                 88000                 88000             2.5568269E-04         1.0000000E+30              2499       
 NEXT SEEDS: 84C31A8       0       0       0       0       0   181CD    3039       0       0
  *** Kaon: P_min > 1.5 GeV/c:           15   2.6410353691593764     
      14000                 86000                 86000             2.6315929E-04         1.0000000E+30              3012       
 NEXT SEEDS: 85B8A96       0       0       0       0       0   181CD    3039       0       0
  *** Umfnst:amsq,np0,np,kpart -1.73472347597680709E-018           0           1           7
  *** Kaon: P_min > 1.5 GeV/c:           15   2.9719451516900892     
      16000                 84000                 84000             2.6651667E-04         1.0000000E+30              3509       
 NEXT SEEDS: 86A531C       0       0       0       0       0   181CD    3039       0       0
      18000                 82000                 82000             2.6712782E-04         1.0000000E+30              3951       
 NEXT SEEDS: 87754D3       0       0       0       0       0   181CD    3039       0       0
      20000                 80000                 80000             2.6601666E-04         1.0000000E+30              4387       
 NEXT SEEDS: 884A259       0       0       0       0       0   181CD    3039       0       0
 COUSET, TXYZ:  0.999999999988690      0.927113584206732      0.374780471685396    
      22000                 78000                 78000             2.6583484E-04         1.0000000E+30              4815       
 NEXT SEEDS: 8914066       0       0       0       0       0   181CD    3039       0       0
      24000                 76000                 76000             2.6618329E-04         1.0000000E+30              5268       
 NEXT SEEDS: 89EB52A       0       0       0       0       0   181CD    3039       0       0
      26000                 74000                 74000             2.6817060E-04         1.0000000E+30              5745       
 NEXT SEEDS: 8AD2D21       0       0       0       0       0   181CD    3039       0       0
      28000                 72000                 72000             2.6873107E-04         1.0000000E+30              6214       
 NEXT SEEDS: 8BBDA5A       0       0       0       0       0   181CD    3039       0       0
  *** Kaon: P_min > 1.5 GeV/c:           24   1.5662733597204472     
      30000                 70000                 70000             2.6868346E-04         1.0000000E+30              6674       
 NEXT SEEDS: 8C94BF6       0       0       0       0       0   181CD    3039       0       0
  *** Kaon: P_min > 1.5 GeV/c:           15   1.7466497071397433     
      32000                 68000                 68000             2.6851677E-04         1.0000000E+30              7101       
 NEXT SEEDS: 8D64A9D       0       0       0       0       0   181CD    3039       0       0
  *** Kaon: P_min > 1.5 GeV/c:           24   1.5257508679809229     
      34000                 66000                 66000             2.6978155E-04         1.0000000E+30              7569       
 NEXT SEEDS: 8E4BCB2       0       0       0       0       0   181CD    3039       0       0
      36000                 64000                 64000             2.6968354E-04         1.0000000E+30              8014       
 NEXT SEEDS: 8F20661       0       0       0       0       0   181CD    3039       0       0
      38000                 62000                 62000             2.7054324E-04         1.0000000E+30              8486       
 NEXT SEEDS: 90058E6       0       0       0       0       0   181CD    3039       0       0
      40000                 60000                 60000             2.6961686E-04         1.0000000E+30              8878       
 NEXT SEEDS: 90C5E7A       0       0       0       0       0   181CD    3039       0       0
      42000                 58000                 58000             2.6896919E-04         1.0000000E+30              9293       
 NEXT SEEDS: 9188CBC       0       0       0       0       0   181CD    3039       0       0
      44000                 56000                 56000             2.6810767E-04         1.0000000E+30              9694       
 NEXT SEEDS: 924B281       0       0       0       0       0   181CD    3039       0       0
      46000                 54000                 54000             2.6888637E-04         1.0000000E+30             10167       
 NEXT SEEDS: 933107C       0       0       0       0       0   181CD    3039       0       0
  *** Kaon: P_min > 1.5 GeV/c:           24   1.5576198706336331     
      48000                 52000                 52000             2.6935019E-04         1.0000000E+30             10626       
 NEXT SEEDS: 940B04A       0       0       0       0       0   181CD    3039       0       0
  *** Kaon: P_min > 1.5 GeV/c:           15   3.5785233992876768     
      50000                 50000                 50000             2.6993688E-04         1.0000000E+30             11096       
 NEXT SEEDS: 94EB9D2       0       0       0       0       0   181CD    3039       0       0
      52000                 48000                 48000             2.6955533E-04         1.0000000E+30             11529       
 NEXT SEEDS: 95B89DE       0       0       0       0       0   181CD    3039       0       0
      54000                 46000                 46000             2.7023910E-04         1.0000000E+30             11975       
 NEXT SEEDS: 9697C96       0       0       0       0       0   181CD    3039       0       0
      56000                 44000                 44000             2.7080265E-04         1.0000000E+30             12425       
 NEXT SEEDS: 977A6C3       0       0       0       0       0   181CD    3039       0       0
      58000                 42000                 42000             2.7043068E-04         1.0000000E+30             12849       
 NEXT SEEDS: 9843FCA       0       0       0       0       0   181CD    3039       0       0
      60000                 40000                 40000             2.7088360E-04         1.0000000E+30             13304       
 NEXT SEEDS: 9922BE9       0       0       0       0       0   181CD    3039       0       0
  *** Kaon: P_min > 1.5 GeV/c:           15   1.5130382138985310     
      62000                 38000                 38000             2.7137182E-04         1.0000000E+30             13794       
 NEXT SEEDS: 9A00FDC       0       0       0       0       0   181CD    3039       0       0
      64000                 36000                 36000             2.7164198E-04         1.0000000E+30             14255       
 NEXT SEEDS: 9AE9560       0       0       0       0       0   181CD    3039       0       0
  *** Kaon: P_min > 1.5 GeV/c:           24   1.7613427734833742     
  *** Kaon: P_min > 1.5 GeV/c:           24   3.0790382817075188     
  Eventv: ekin+am < pla,ij,igreyt   6.0688689566191023        6.0884305596519885               13           2
      66000                 34000                 34000             2.7219883E-04         1.0000000E+30             14727       
 NEXT SEEDS: 9BCC53C       0       0       0       0       0   181CD    3039       0       0
      68000                 32000                 32000             2.7342884E-04         1.0000000E+30             15240       
 NEXT SEEDS: 9CC057D       0       0       0       0       0   181CD    3039       0       0
  *** Kaon: P_min > 1.5 GeV/c:           15   1.7090042997637629     
      70000                 30000                 30000             2.7355996E-04         1.0000000E+30             15698       
 NEXT SEEDS: 9D9B5B6       0       0       0       0       0   181CD    3039       0       0
  Eventv: ekin+am < pla,ij,igreyt   6.7664473314582398        6.7907814286685735               13           2
      72000                 28000                 28000             2.7373932E-04         1.0000000E+30             16159       
 NEXT SEEDS: 9E76BDB       0       0       0       0       0   181CD    3039       0       0
      74000                 26000                 26000             2.7396306E-04         1.0000000E+30             16621       
 NEXT SEEDS: 9F5A1F6       0       0       0       0       0   181CD    3039       0       0
      76000                 24000                 24000             2.7428031E-04         1.0000000E+30             17095       
 NEXT SEEDS: A03772B       0       0       0       0       0   181CD    3039       0       0
  *** Kaon: P_min > 1.5 GeV/c:           15   1.9931132655094932     
      78000                 22000                 22000             2.7473512E-04         1.0000000E+30             17577       
 NEXT SEEDS: A11C22D       0       0       0       0       0   181CD    3039       0       0
  *** Kaon: P_min > 1.5 GeV/c:           24   2.7850013582131123     
  *** Kaon: P_min > 1.5 GeV/c:           15   1.6514933289619758     
  *** Kaon: P_min > 1.5 GeV/c:           15   1.5422859044515120     
      80000                 20000                 20000             2.7556723E-04         1.0000000E+30             18078       
 NEXT SEEDS: A20FAC5       0       0       0       0       0   181CD    3039       0       0
      82000                 18000                 18000             2.7645631E-04         1.0000000E+30             18642       
 NEXT SEEDS: A313AC3       0       0       0       0       0   181CD    3039       0       0
      84000                 16000                 16000             2.7649347E-04         1.0000000E+30             19142       
 NEXT SEEDS: A400E38       0       0       0       0       0   181CD    3039       0       0
      86000                 14000                 14000             2.7671498E-04         1.0000000E+30             19597       
 NEXT SEEDS: A4DD4B1       0       0       0       0       0   181CD    3039       0       0
      88000                 12000                 12000             2.7747190E-04         1.0000000E+30             20089       
 NEXT SEEDS: A5D2479       0       0       0       0       0   181CD    3039       0       0
      90000                 10000                 10000             2.7757289E-04         1.0000000E+30             20563       
 NEXT SEEDS: A6B75D0       0       0       0       0       0   181CD    3039       0       0
      92000                  8000                  8000             2.7793041E-04         1.0000000E+30             21055       
 NEXT SEEDS: A7A5174       0       0       0       0       0   181CD    3039       0       0
      94000                  6000                  6000             2.7759181E-04         1.0000000E+30             21507       
 NEXT SEEDS: A87477B       0       0       0       0       0   181CD    3039       0       0
      96000                  4000                  4000             2.7768402E-04         1.0000000E+30             21972       
 NEXT SEEDS: A94D383       0       0       0       0       0   181CD    3039       0       0
      98000                  2000                  2000             2.7769084E-04         1.0000000E+30             22434       
 NEXT SEEDS: AA2A4CA       0       0       0       0       0   181CD    3039       0       0
  Eventv: ekin+am < pla,ij,igreyt   5.8444111878679639        5.9799022055782949               13           6
      99950                    50                    50             2.7747607E-04         1.0000000E+30             22857       
 NEXT SEEDS: AAF74FC       0       0       0       0       0   181CD    3039       0       0
      99951                    49                    49             2.7747329E-04         1.0000000E+30             22857       
 NEXT SEEDS: AAF7516       0       0       0       0       0   181CD    3039       0       0
      99952                    48                    48             2.7747052E-04         1.0000000E+30             22857       
 NEXT SEEDS: AAF753A       0       0       0       0       0   181CD    3039       0       0
      99953                    47                    47             2.7746774E-04         1.0000000E+30             22857       
 NEXT SEEDS: AAF75F1       0       0       0       0       0   181CD    3039       0       0
      99954                    46                    46             2.7746496E-04         1.0000000E+30             22857       
 NEXT SEEDS: AAF7657       0       0       0       0       0   181CD    3039       0       0
      99955                    45                    45             2.7750222E-04         1.0000000E+30             22857       
 NEXT SEEDS: AAF769F       0       0       0       0       0   181CD    3039       0       0
      99956                    44                    44             2.7749945E-04         1.0000000E+30             22858       
 NEXT SEEDS: AAF8211       0       0       0       0       0   181CD    3039       0       0
      99957                    43                    43             2.7749667E-04         1.0000000E+30             22858       
 NEXT SEEDS: AAF8231       0       0       0       0       0   181CD    3039       0       0
      99958                    42                    42             2.7749389E-04         1.0000000E+30             22858       
 NEXT SEEDS: AAF8267       0       0       0       0       0   181CD    3039       0       0
      99959                    41                    41             2.7749112E-04         1.0000000E+30             22858       
 NEXT SEEDS: AAF8284       0       0       0       0       0   181CD    3039       0       0
      99960                    40                    40             2.7748834E-04         1.0000000E+30             22858       
 NEXT SEEDS: AAF8321       0       0       0       0       0   181CD    3039       0       0
      99961                    39                    39             2.7748556E-04         1.0000000E+30             22858       
 NEXT SEEDS: AAF837D       0       0       0       0       0   181CD    3039       0       0
      99962                    38                    38             2.7748279E-04         1.0000000E+30             22858       
 NEXT SEEDS: AAF83D1       0       0       0       0       0   181CD    3039       0       0
      99963                    37                    37             2.7748001E-04         1.0000000E+30             22859       
 NEXT SEEDS: AAF881A       0       0       0       0       0   181CD    3039       0       0
      99964                    36                    36             2.7747724E-04         1.0000000E+30             22859       
 NEXT SEEDS: AAF8857       0       0       0       0       0   181CD    3039       0       0
      99965                    35                    35             2.7747446E-04         1.0000000E+30             22859       
 NEXT SEEDS: AAF8891       0       0       0       0       0   181CD    3039       0       0
      99966                    34                    34             2.7747169E-04         1.0000000E+30             22859       
 NEXT SEEDS: AAF8925       0       0       0       0       0   181CD    3039       0       0
      99967                    33                    33             2.7746891E-04         1.0000000E+30             22859       
 NEXT SEEDS: AAF8954       0       0       0       0       0   181CD    3039       0       0
      99968                    32                    32             2.7750614E-04         1.0000000E+30             22859       
 NEXT SEEDS: AAF899F       0       0       0       0       0   181CD    3039       0       0
      99969                    31                    31             2.7750337E-04         1.0000000E+30             22859       
 NEXT SEEDS: AAF89DB       0       0       0       0       0   181CD    3039       0       0
      99970                    30                    30             2.7750059E-04         1.0000000E+30             22859       
 NEXT SEEDS: AAF8A15       0       0       0       0       0   181CD    3039       0       0
      99971                    29                    29             2.7749782E-04         1.0000000E+30             22859       
 NEXT SEEDS: AAF8A6F       0       0       0       0       0   181CD    3039       0       0
      99972                    28                    28             2.7749504E-04         1.0000000E+30             22859       
 NEXT SEEDS: AAF8B01       0       0       0       0       0   181CD    3039       0       0
      99973                    27                    27             2.7749227E-04         1.0000000E+30             22859       
 NEXT SEEDS: AAF8B7E       0       0       0       0       0   181CD    3039       0       0
      99974                    26                    26             2.7748949E-04         1.0000000E+30             22859       
 NEXT SEEDS: AAF8BCC       0       0       0       0       0   181CD    3039       0       0
      99975                    25                    25             2.7748671E-04         1.0000000E+30             22859       
 NEXT SEEDS: AAF8C20       0       0       0       0       0   181CD    3039       0       0
      99976                    24                    24             2.7748394E-04         1.0000000E+30             22859       
 NEXT SEEDS: AAF8C5B       0       0       0       0       0   181CD    3039       0       0
      99977                    23                    23             2.7748116E-04         1.0000000E+30             22859       
 NEXT SEEDS: AAF8CA2       0       0       0       0       0   181CD    3039       0       0
      99978                    22                    22             2.7747839E-04         1.0000000E+30             22859       
 NEXT SEEDS: AAF8CC8       0       0       0       0       0   181CD    3039       0       0
      99979                    21                    21             2.7751562E-04         1.0000000E+30             22859       
 NEXT SEEDS: AAF8D14       0       0       0       0       0   181CD    3039       0       0
      99980                    20                    20             2.7751284E-04         1.0000000E+30             22859       
 NEXT SEEDS: AAF8D43       0       0       0       0       0   181CD    3039       0       0
      99981                    19                    19             2.7751007E-04         1.0000000E+30             22859       
 NEXT SEEDS: AAF8D89       0       0       0       0       0   181CD    3039       0       0
      99982                    18                    18             2.7750729E-04         1.0000000E+30             22859       
 NEXT SEEDS: AAF8DAA       0       0       0       0       0   181CD    3039       0       0
      99983                    17                    17             2.7750452E-04         1.0000000E+30             22859       
 NEXT SEEDS: AAF8DDE       0       0       0       0       0   181CD    3039       0       0
      99984                    16                    16             2.7750174E-04         1.0000000E+30             22859       
 NEXT SEEDS: AAF8E00       0       0       0       0       0   181CD    3039       0       0
      99985                    15                    15             2.7749896E-04         1.0000000E+30             22859       
 NEXT SEEDS: AAF8E38       0       0       0       0       0   181CD    3039       0       0
      99986                    14                    14             2.7749619E-04         1.0000000E+30             22859       
 NEXT SEEDS: AAF8E80       0       0       0       0       0   181CD    3039       0       0
      99987                    13                    13             2.7749341E-04         1.0000000E+30             22859       
 NEXT SEEDS: AAF8E9F       0       0       0       0       0   181CD    3039       0       0
      99988                    12                    12             2.7749064E-04         1.0000000E+30             22859       
 NEXT SEEDS: AAF8EEC       0       0       0       0       0   181CD    3039       0       0
      99989                    11                    11             2.7748786E-04         1.0000000E+30             22859       
 NEXT SEEDS: AAF8F1B       0       0       0       0       0   181CD    3039       0       0
      99990                    10                    10             2.7756511E-04         1.0000000E+30             22860       
 NEXT SEEDS: AAF9CC6       0       0       0       0       0   181CD    3039       0       0
      99991                     9                     9             2.7756233E-04         1.0000000E+30             22860       
 NEXT SEEDS: AAF9CE8       0       0       0       0       0   181CD    3039       0       0
      99992                     8                     8             2.7755956E-04         1.0000000E+30             22860       
 NEXT SEEDS: AAF9D2B       0       0       0       0       0   181CD    3039       0       0
      99993                     7                     7             2.7755678E-04         1.0000000E+30             22860       
 NEXT SEEDS: AAF9D61       0       0       0       0       0   181CD    3039       0       0
      99994                     6                     6             2.7755401E-04         1.0000000E+30             22860       
 NEXT SEEDS: AAF9D98       0       0       0       0       0   181CD    3039       0       0
      99995                     5                     5             2.7755123E-04         1.0000000E+30             22860       
 NEXT SEEDS: AAF9FD4       0       0       0       0       0   181CD    3039       0       0
      99996                     4                     4             2.7754845E-04         1.0000000E+30             22860       
 NEXT SEEDS: AAFA009       0       0       0       0       0   181CD    3039       0       0
      99997                     3                     3             2.7754568E-04         1.0000000E+30             22860       
 NEXT SEEDS: AAFA03F       0       0       0       0       0   181CD    3039       0       0
      99998                     2                     2             2.7754290E-04         1.0000000E+30             22860       
 NEXT SEEDS: AAFA06D       0       0       0       0       0   181CD    3039       0       0
      99999                     1                     1             2.7754013E-04         1.0000000E+30             22860       
 NEXT SEEDS: AAFA0A2       0       0       0       0       0   181CD    3039       0       0
     100000                     0                     1             2.7757735E-04         1.0000000E+30             22860       
 NEXT SEEDS: AAFA0D7       0       0       0       0       0   181CD    3039       0       0
