1NUMBER OF BEAM       NUMBER OF BEAM        APPROXIMATE NUMBER    AVERAGE TIME USED     TIME LEFT (RESERVED   NUMBER OF STARS
 PARTICLES HANDLED    PARTICLES LEFT        OF BEAM PARTICLES     BY A BEAM PARTICLE     10000.0 SECONDS      CREATED
                                            THAT CAN STILL BE                           FOR PRINTOUT)
                                            HANDLED

 NEXT SEEDS:       0       0       0       0       0       0   181CD    3039       0       0
          1                 99999                 99999             0.0000000E+00         1.0000000E+30                 0       
 NEXT SEEDS:      53       0       0       0       0       0   181CD    3039       0       0
       2000                 98000                 98000             2.5801611E-04         1.0000000E+30               428       
 NEXT SEEDS:   C99ED       0       0       0       0       0   181CD    3039       0       0
       4000                 96000                 96000             2.7201700E-04         1.0000000E+30               919       
 NEXT SEEDS:  1AADFC       0       0       0       0       0   181CD    3039       0       0
       6000                 94000                 94000             2.7335048E-04         1.0000000E+30              1354       
 NEXT SEEDS:  28695B       0       0       0       0       0   181CD    3039       0       0
       8000                 92000                 92000             2.7151704E-04         1.0000000E+30              1795       
 NEXT SEEDS:  3598A6       0       0       0       0       0   181CD    3039       0       0
      10000                 90000                 90000             2.6881680E-04         1.0000000E+30              2201       
 NEXT SEEDS:  41C377       0       0       0       0       0   181CD    3039       0       0
  *** Kaon: P_min > 1.5 GeV/c:           15   1.8672465078530613     
      12000                 88000                 88000             2.7168365E-04         1.0000000E+30              2664       
 NEXT SEEDS:  4FAE20       0       0       0       0       0   181CD    3039       0       0
      14000                 86000                 86000             2.7030264E-04         1.0000000E+30              3094       
 NEXT SEEDS:  5CFB8C       0       0       0       0       0   181CD    3039       0       0
      16000                 84000                 84000             2.7176699E-04         1.0000000E+30              3548       
 NEXT SEEDS:  6B3FD3       0       0       0       0       0   181CD    3039       0       0
  *** Kaon: P_min > 1.5 GeV/c:           24   1.5108838918973351     
      18000                 82000                 82000             2.7046132E-04         1.0000000E+30              3965       
 NEXT SEEDS:  785B46       0       0       0       0       0   181CD    3039       0       0
      20000                 80000                 80000             2.7141697E-04         1.0000000E+30              4429       
 NEXT SEEDS:  866B36       0       0       0       0       0   181CD    3039       0       0
      22000                 78000                 78000             2.7347164E-04         1.0000000E+30              4903       
 NEXT SEEDS:  950277       0       0       0       0       0   181CD    3039       0       0
  *** Kbar: P_min > 1.8 GeV/c:           25   1.8801069903572831     
      24000                 76000                 76000             2.7368381E-04         1.0000000E+30              5334       
 NEXT SEEDS:  A20627       0       0       0       0       0   181CD    3039       0       0
      26000                 74000                 74000             2.7340168E-04         1.0000000E+30              5779       
 NEXT SEEDS:  AF9C2C       0       0       0       0       0   181CD    3039       0       0
  Ferevv: Umo2 < Urmin2 !!   2.9673232268129492        3.1128534002009998               29           8  0.54744999999999999       0.93956563000000004      T           3
      28000                 72000                 72000             2.7415999E-04         1.0000000E+30              6242       
 NEXT SEEDS:  BD6644       0       0       0       0       0   181CD    3039       0       0
      30000                 70000                 70000             2.7668398E-04         1.0000000E+30              6750       
 NEXT SEEDS:  CCCDF5       0       0       0       0       0   181CD    3039       0       0
      32000                 68000                 68000             2.7526723E-04         1.0000000E+30              7179       
 NEXT SEEDS:  D9A8BC       0       0       0       0       0   181CD    3039       0       0
      34000                 66000                 66000             2.7684081E-04         1.0000000E+30              7657       
 NEXT SEEDS:  E85FD9       0       0       0       0       0   181CD    3039       0       0
      36000                 64000                 64000             2.7635062E-04         1.0000000E+30              8100       
 NEXT SEEDS:  F5A531       0       0       0       0       0   181CD    3039       0       0
      38000                 62000                 62000             2.7633304E-04         1.0000000E+30              8529       
 NEXT SEEDS: 1027B36       0       0       0       0       0   181CD    3039       0       0
      40000                 60000                 60000             2.7651728E-04         1.0000000E+30              8966       
 NEXT SEEDS: 110360D       0       0       0       0       0   181CD    3039       0       0
      42000                 58000                 58000             2.7839837E-04         1.0000000E+30              9516       
 NEXT SEEDS: 120436C       0       0       0       0       0   181CD    3039       0       0
      44000                 56000                 56000             2.7683547E-04         1.0000000E+30              9898       
 NEXT SEEDS: 12BA87A       0       0       0       0       0   181CD    3039       0       0
      46000                 54000                 54000             2.7706081E-04         1.0000000E+30             10359       
 NEXT SEEDS: 1395695       0       0       0       0       0   181CD    3039       0       0
      48000                 52000                 52000             2.7843405E-04         1.0000000E+30             10867       
 NEXT SEEDS: 148CBB5       0       0       0       0       0   181CD    3039       0       0
  *** Kbar: P_min > 1.8 GeV/c:           25   2.5121487957057647     
      50000                 50000                 50000             2.7825742E-04         1.0000000E+30             11303       
 NEXT SEEDS: 15601EA       0       0       0       0       0   181CD    3039       0       0
      52000                 48000                 48000             2.7770968E-04         1.0000000E+30             11726       
 NEXT SEEDS: 162771D       0       0       0       0       0   181CD    3039       0       0
      54000                 46000                 46000             2.7735068E-04         1.0000000E+30             12151       
 NEXT SEEDS: 16F271A       0       0       0       0       0   181CD    3039       0       0
  *** Kaon: P_min > 1.5 GeV/c:           15   1.5222663193710160     
  *** Kaon: P_min > 1.5 GeV/c:           24   1.5076465568070359     
      56000                 44000                 44000             2.7737448E-04         1.0000000E+30             12591       
 NEXT SEEDS: 17CA043       0       0       0       0       0   181CD    3039       0       0
      58000                 42000                 42000             2.7725872E-04         1.0000000E+30             13027       
 NEXT SEEDS: 18A5296       0       0       0       0       0   181CD    3039       0       0
      60000                 40000                 40000             2.7768403E-04         1.0000000E+30             13507       
 NEXT SEEDS: 1987F04       0       0       0       0       0   181CD    3039       0       0
      62000                 38000                 38000             2.7846903E-04         1.0000000E+30             13991       
 NEXT SEEDS: 1A76933       0       0       0       0       0   181CD    3039       0       0
  *** Kaon: P_min > 1.5 GeV/c:           15   1.6741352188346508     
      64000                 36000                 36000             2.7839241E-04         1.0000000E+30             14433       
 NEXT SEEDS: 1B48E63       0       0       0       0       0   181CD    3039       0       0
  *** Kaon: P_min > 1.5 GeV/c:           24   2.2218265413990834     
  *** Kaon: P_min > 1.5 GeV/c:           24   2.6615451582244938     
  *** Kaon: P_min > 1.5 GeV/c:           24   1.5444222262740073     
      66000                 34000                 34000             2.7783554E-04         1.0000000E+30             14859       
 NEXT SEEDS: 1C16C0B       0       0       0       0       0   181CD    3039       0       0
  *** Kaon: P_min > 1.5 GeV/c:           24   1.6102543516304615     
  *** Kaon: P_min > 1.5 GeV/c:           24   1.6604034848469487     
      68000                 32000                 32000             2.7837033E-04         1.0000000E+30             15333       
 NEXT SEEDS: 1D05893       0       0       0       0       0   181CD    3039       0       0
  Ferevv: Umo2 < Urmin2 !!   3.0763430762383686        3.1128534002009998               29           8  0.54744999999999999       0.93956563000000004      T           3
      70000                 30000                 30000             2.7818882E-04         1.0000000E+30             15768       
 NEXT SEEDS: 1DD5357       0       0       0       0       0   181CD    3039       0       0
  *** Kbar: P_min > 1.8 GeV/c:           16   1.9582737671310242     
  *** Kaon: P_min > 1.5 GeV/c:           15   1.5651353429398551     
      72000                 28000                 28000             2.7796182E-04         1.0000000E+30             16212       
 NEXT SEEDS: 1E9D33B       0       0       0       0       0   181CD    3039       0       0
      74000                 26000                 26000             2.7807144E-04         1.0000000E+30             16657       
 NEXT SEEDS: 1F7BA18       0       0       0       0       0   181CD    3039       0       0
      76000                 24000                 24000             2.7764893E-04         1.0000000E+30             17049       
 NEXT SEEDS: 2041549       0       0       0       0       0   181CD    3039       0       0
      78000                 22000                 22000             2.7735068E-04         1.0000000E+30             17488       
 NEXT SEEDS: 211598F       0       0       0       0       0   181CD    3039       0       0
      80000                 20000                 20000             2.7756734E-04         1.0000000E+30             17946       
 NEXT SEEDS: 21FC378       0       0       0       0       0   181CD    3039       0       0
  Eventv: ekin+am < pla,ij,igreyt   7.3631160315125062        7.3802762767840857               14           1
      82000                 18000                 18000             2.7796860E-04         1.0000000E+30             18444       
 NEXT SEEDS: 22E3864       0       0       0       0       0   181CD    3039       0       0
  Ferevv: Umo2 < Urmin2 !!   5.9969476907561008        7.0333316290233352               17           1   1.1156299999999999       0.93827231000000000      F           0
      84000                 16000                 16000             2.7787452E-04         1.0000000E+30             18909       
 NEXT SEEDS: 23C0F97       0       0       0       0       0   181CD    3039       0       0
      86000                 14000                 14000             2.7783130E-04         1.0000000E+30             19353       
 NEXT SEEDS: 2493104       0       0       0       0       0   181CD    3039       0       0
      88000                 12000                 12000             2.7833558E-04         1.0000000E+30             19863       
 NEXT SEEDS: 2589DF6       0       0       0       0       0   181CD    3039       0       0
      90000                 10000                 10000             2.7797293E-04         1.0000000E+30             20284       
 NEXT SEEDS: 2654DEF       0       0       0       0       0   181CD    3039       0       0
  *** Kaon: P_min > 1.5 GeV/c:           24   1.5048034278524332     
      92000                  8000                  8000             2.7806086E-04         1.0000000E+30             20740       
 NEXT SEEDS: 2730311       0       0       0       0       0   181CD    3039       0       0
  *** Kaon: P_min > 1.5 GeV/c:           15   2.1721469312550190     
      94000                  6000                  6000             2.7861316E-04         1.0000000E+30             21232       
 NEXT SEEDS: 281CA16       0       0       0       0       0   181CD    3039       0       0
      96000                  4000                  4000             2.7880910E-04         1.0000000E+30             21702       
 NEXT SEEDS: 28FF91C       0       0       0       0       0   181CD    3039       0       0
      98000                  2000                  2000             2.7965013E-04         1.0000000E+30             22212       
 NEXT SEEDS: 29F751E       0       0       0       0       0   181CD    3039       0       0
  *** Kaon: P_min > 1.5 GeV/c:           24   1.5069446854182191     
  *** Kaon: P_min > 1.5 GeV/c:           15   2.0973276432363437     
      99950                    50                    50             2.7927708E-04         1.0000000E+30             22621       
 NEXT SEEDS: 2ABEC03       0       0       0       0       0   181CD    3039       0       0
      99951                    49                    49             2.7927429E-04         1.0000000E+30             22621       
 NEXT SEEDS: 2ABEC40       0       0       0       0       0   181CD    3039       0       0
      99952                    48                    48             2.7927149E-04         1.0000000E+30             22621       
 NEXT SEEDS: 2ABEE95       0       0       0       0       0   181CD    3039       0       0
      99953                    47                    47             2.7926870E-04         1.0000000E+30             22621       
 NEXT SEEDS: 2ABEECC       0       0       0       0       0   181CD    3039       0       0
      99954                    46                    46             2.7926591E-04         1.0000000E+30             22621       
 NEXT SEEDS: 2ABEF23       0       0       0       0       0   181CD    3039       0       0
      99955                    45                    45             2.7926311E-04         1.0000000E+30             22621       
 NEXT SEEDS: 2ABEFB4       0       0       0       0       0   181CD    3039       0       0
      99956                    44                    44             2.7926032E-04         1.0000000E+30             22621       
 NEXT SEEDS: 2ABEFD9       0       0       0       0       0   181CD    3039       0       0
      99957                    43                    43             2.7929754E-04         1.0000000E+30             22621       
 NEXT SEEDS: 2ABEFFD       0       0       0       0       0   181CD    3039       0       0
      99958                    42                    42             2.7929475E-04         1.0000000E+30             22621       
 NEXT SEEDS: 2ABF02F       0       0       0       0       0   181CD    3039       0       0
      99959                    41                    41             2.7929195E-04         1.0000000E+30             22621       
 NEXT SEEDS: 2ABF051       0       0       0       0       0   181CD    3039       0       0
      99960                    40                    40             2.7928916E-04         1.0000000E+30             22621       
 NEXT SEEDS: 2ABF0AF       0       0       0       0       0   181CD    3039       0       0
      99961                    39                    39             2.7928636E-04         1.0000000E+30             22621       
 NEXT SEEDS: 2ABF101       0       0       0       0       0   181CD    3039       0       0
      99962                    38                    38             2.7928357E-04         1.0000000E+30             22621       
 NEXT SEEDS: 2ABF183       0       0       0       0       0   181CD    3039       0       0
      99963                    37                    37             2.7928078E-04         1.0000000E+30             22621       
 NEXT SEEDS: 2ABF3EC       0       0       0       0       0   181CD    3039       0       0
      99964                    36                    36             2.7927798E-04         1.0000000E+30             22621       
 NEXT SEEDS: 2ABF432       0       0       0       0       0   181CD    3039       0       0
      99965                    35                    35             2.7927519E-04         1.0000000E+30             22621       
 NEXT SEEDS: 2ABF46B       0       0       0       0       0   181CD    3039       0       0
      99966                    34                    34             2.7927239E-04         1.0000000E+30             22621       
 NEXT SEEDS: 2ABF4A0       0       0       0       0       0   181CD    3039       0       0
      99967                    33                    33             2.7930963E-04         1.0000000E+30             22621       
 NEXT SEEDS: 2ABF4D2       0       0       0       0       0   181CD    3039       0       0
      99968                    32                    32             2.7930684E-04         1.0000000E+30             22623       
 NEXT SEEDS: 2ABFBE9       0       0       0       0       0   181CD    3039       0       0
      99969                    31                    31             2.7930404E-04         1.0000000E+30             22623       
 NEXT SEEDS: 2ABFC05       0       0       0       0       0   181CD    3039       0       0
      99970                    30                    30             2.7930125E-04         1.0000000E+30             22623       
 NEXT SEEDS: 2ABFC61       0       0       0       0       0   181CD    3039       0       0
      99971                    29                    29             2.7933846E-04         1.0000000E+30             22624       
 NEXT SEEDS: 2ABFE77       0       0       0       0       0   181CD    3039       0       0
      99972                    28                    28             2.7933567E-04         1.0000000E+30             22624       
 NEXT SEEDS: 2ABFEE6       0       0       0       0       0   181CD    3039       0       0
      99973                    27                    27             2.7933287E-04         1.0000000E+30             22625       
 NEXT SEEDS: 2AC0690       0       0       0       0       0   181CD    3039       0       0
      99974                    26                    26             2.7937009E-04         1.0000000E+30             22626       
 NEXT SEEDS: 2AC0FCC       0       0       0       0       0   181CD    3039       0       0
      99975                    25                    25             2.7944733E-04         1.0000000E+30             22628       
 NEXT SEEDS: 2AC22E9       0       0       0       0       0   181CD    3039       0       0
      99976                    24                    24             2.7944453E-04         1.0000000E+30             22628       
 NEXT SEEDS: 2AC230D       0       0       0       0       0   181CD    3039       0       0
      99977                    23                    23             2.7944174E-04         1.0000000E+30             22628       
 NEXT SEEDS: 2AC2343       0       0       0       0       0   181CD    3039       0       0
      99978                    22                    22             2.7943894E-04         1.0000000E+30             22628       
 NEXT SEEDS: 2AC2396       0       0       0       0       0   181CD    3039       0       0
      99979                    21                    21             2.7943615E-04         1.0000000E+30             22628       
 NEXT SEEDS: 2AC23BD       0       0       0       0       0   181CD    3039       0       0
      99980                    20                    20             2.7943335E-04         1.0000000E+30             22628       
 NEXT SEEDS: 2AC23DD       0       0       0       0       0   181CD    3039       0       0
      99981                    19                    19             2.7943056E-04         1.0000000E+30             22628       
 NEXT SEEDS: 2AC242D       0       0       0       0       0   181CD    3039       0       0
      99982                    18                    18             2.7942776E-04         1.0000000E+30             22628       
 NEXT SEEDS: 2AC2478       0       0       0       0       0   181CD    3039       0       0
      99983                    17                    17             2.7942497E-04         1.0000000E+30             22628       
 NEXT SEEDS: 2AC249C       0       0       0       0       0   181CD    3039       0       0
      99984                    16                    16             2.7942217E-04         1.0000000E+30             22628       
 NEXT SEEDS: 2AC24C4       0       0       0       0       0   181CD    3039       0       0
      99985                    15                    15             2.7941938E-04         1.0000000E+30             22628       
 NEXT SEEDS: 2AC24FC       0       0       0       0       0   181CD    3039       0       0
      99986                    14                    14             2.7941658E-04         1.0000000E+30             22628       
 NEXT SEEDS: 2AC2536       0       0       0       0       0   181CD    3039       0       0
      99987                    13                    13             2.7945379E-04         1.0000000E+30             22628       
 NEXT SEEDS: 2AC256E       0       0       0       0       0   181CD    3039       0       0
      99988                    12                    12             2.7945100E-04         1.0000000E+30             22628       
 NEXT SEEDS: 2AC25A0       0       0       0       0       0   181CD    3039       0       0
      99989                    11                    11             2.7944820E-04         1.0000000E+30             22628       
 NEXT SEEDS: 2AC25D3       0       0       0       0       0   181CD    3039       0       0
      99990                    10                    10             2.7944541E-04         1.0000000E+30             22628       
 NEXT SEEDS: 2AC262D       0       0       0       0       0   181CD    3039       0       0
      99991                     9                     9             2.7944261E-04         1.0000000E+30             22628       
 NEXT SEEDS: 2AC2695       0       0       0       0       0   181CD    3039       0       0
      99992                     8                     8             2.7943982E-04         1.0000000E+30             22628       
 NEXT SEEDS: 2AC26B7       0       0       0       0       0   181CD    3039       0       0
      99993                     7                     7             2.7943702E-04         1.0000000E+30             22628       
 NEXT SEEDS: 2AC26D7       0       0       0       0       0   181CD    3039       0       0
      99994                     6                     6             2.7943423E-04         1.0000000E+30             22628       
 NEXT SEEDS: 2AC271E       0       0       0       0       0   181CD    3039       0       0
      99995                     5                     5             2.7943143E-04         1.0000000E+30             22628       
 NEXT SEEDS: 2AC2741       0       0       0       0       0   181CD    3039       0       0
      99996                     4                     4             2.7942864E-04         1.0000000E+30             22628       
 NEXT SEEDS: 2AC2777       0       0       0       0       0   181CD    3039       0       0
      99997                     3                     3             2.7942585E-04         1.0000000E+30             22628       
 NEXT SEEDS: 2AC27A6       0       0       0       0       0   181CD    3039       0       0
      99998                     2                     2             2.7946307E-04         1.0000000E+30             22628       
 NEXT SEEDS: 2AC27C6       0       0       0       0       0   181CD    3039       0       0
      99999                     1                     1             2.7946027E-04         1.0000000E+30             22628       
 NEXT SEEDS: 2AC27F7       0       0       0       0       0   181CD    3039       0       0
     100000                     0                     1             2.7945748E-04         1.0000000E+30             22630       
 NEXT SEEDS: 2AC3433       0       0       0       0       0   181CD    3039       0       0
