1NUMBER OF BEAM       NUMBER OF BEAM        APPROXIMATE NUMBER    AVERAGE TIME USED     TIME LEFT (RESERVED   NUMBER OF STARS
 PARTICLES HANDLED    PARTICLES LEFT        OF BEAM PARTICLES     BY A BEAM PARTICLE     10000.0 SECONDS      CREATED
                                            THAT CAN STILL BE                           FOR PRINTOUT)
                                            HANDLED

 NEXT SEEDS: 7FC0958       0       0       0       0       0   181CD    3039       0       0
          1                 99999                 99999             3.9999485E-03         1.0000000E+30                 2       
 NEXT SEEDS: 7FC1874       0       0       0       0       0   181CD    3039       0       0
       2000                 98000                 98000             2.7001655E-04         1.0000000E+30               438       
 NEXT SEEDS: 809C4E3       0       0       0       0       0   181CD    3039       0       0
       4000                 96000                 96000             2.9101795E-04         1.0000000E+30               960       
 NEXT SEEDS: 819186E       0       0       0       0       0   181CD    3039       0       0
       6000                 94000                 94000             2.8601786E-04         1.0000000E+30              1418       
 NEXT SEEDS: 826EF23       0       0       0       0       0   181CD    3039       0       0
  Ferevv: R2 < Rmin2 for Pt  3.46462868593550022E-002  3.56987696721989406E-002   3.1128534002009998     
  Ferevv: Umo2 < Urmin2 !!   2.8072066835874274        3.1128534002009998               29           8  0.54744999999999999       0.93956563000000004      T           3
       8000                 92000                 92000             2.7401713E-04         1.0000000E+30              1788       
 NEXT SEEDS: 832AEBE       0       0       0       0       0   181CD    3039       0       0
      10000                 90000                 90000             2.6961682E-04         1.0000000E+30              2177       
 NEXT SEEDS: 83EE5E4       0       0       0       0       0   181CD    3039       0       0
  *** Kbar: P_min > 1.8 GeV/c:           25   1.9804920085680242     
      12000                 88000                 88000             2.6935015E-04         1.0000000E+30              2608       
 NEXT SEEDS: 84C05E6       0       0       0       0       0   181CD    3039       0       0
  *** Kaon: P_min > 1.5 GeV/c:           15   2.6410353691593764     
      14000                 86000                 86000             2.7458857E-04         1.0000000E+30              3109       
 NEXT SEEDS: 85B208D       0       0       0       0       0   181CD    3039       0       0
  *** Umfnst:amsq,np0,np,kpart -1.73472347597680709E-018           0           1           7
  *** Kaon: P_min > 1.5 GeV/c:           15   2.9719451516900892     
      16000                 84000                 84000             2.7601726E-04         1.0000000E+30              3582       
 NEXT SEEDS: 8693D4B       0       0       0       0       0   181CD    3039       0       0
      18000                 82000                 82000             2.7579500E-04         1.0000000E+30              4025       
 NEXT SEEDS: 87699BB       0       0       0       0       0   181CD    3039       0       0
      20000                 80000                 80000             2.7421709E-04         1.0000000E+30              4475       
 NEXT SEEDS: 88423DF       0       0       0       0       0   181CD    3039       0       0
 COUSET, TXYZ:  0.999999999988690      0.927113584206732      0.374780471685396    
      22000                 78000                 78000             2.7347163E-04         1.0000000E+30              4911       
 NEXT SEEDS: 890FF63       0       0       0       0       0   181CD    3039       0       0
      24000                 76000                 76000             2.7268371E-04         1.0000000E+30              5343       
 NEXT SEEDS: 89DE48B       0       0       0       0       0   181CD    3039       0       0
      26000                 74000                 74000             2.7340171E-04         1.0000000E+30              5790       
 NEXT SEEDS: 8AB70A5       0       0       0       0       0   181CD    3039       0       0
      28000                 72000                 72000             2.7473144E-04         1.0000000E+30              6281       
 NEXT SEEDS: 8BA92E1       0       0       0       0       0   181CD    3039       0       0
  *** Kaon: P_min > 1.5 GeV/c:           24   1.5662733597204472     
      30000                 70000                 70000             2.7441712E-04         1.0000000E+30              6741       
 NEXT SEEDS: 8C805D3       0       0       0       0       0   181CD    3039       0       0
  *** Kaon: P_min > 1.5 GeV/c:           15   1.7466497071397433     
      32000                 68000                 68000             2.7389208E-04         1.0000000E+30              7176       
 NEXT SEEDS: 8D4D4C4       0       0       0       0       0   181CD    3039       0       0
  *** Kaon: P_min > 1.5 GeV/c:           24   1.5257508679809229     
      34000                 66000                 66000             2.7366414E-04         1.0000000E+30              7598       
 NEXT SEEDS: 8E200CD       0       0       0       0       0   181CD    3039       0       0
      36000                 64000                 64000             2.7412823E-04         1.0000000E+30              8066       
 NEXT SEEDS: 8EFE3F5       0       0       0       0       0   181CD    3039       0       0
      38000                 62000                 62000             2.7464875E-04         1.0000000E+30              8545       
 NEXT SEEDS: 8FE5EF3       0       0       0       0       0   181CD    3039       0       0
      40000                 60000                 60000             2.7371710E-04         1.0000000E+30              8941       
 NEXT SEEDS: 90ABE27       0       0       0       0       0   181CD    3039       0       0
      42000                 58000                 58000             2.7354091E-04         1.0000000E+30              9365       
 NEXT SEEDS: 91739CD       0       0       0       0       0   181CD    3039       0       0
      44000                 56000                 56000             2.7301704E-04         1.0000000E+30              9788       
 NEXT SEEDS: 923DBC2       0       0       0       0       0   181CD    3039       0       0
      46000                 54000                 54000             2.7323446E-04         1.0000000E+30             10269       
 NEXT SEEDS: 932065D       0       0       0       0       0   181CD    3039       0       0
      48000                 52000                 52000             2.7310038E-04         1.0000000E+30             10702       
 NEXT SEEDS: 93EF511       0       0       0       0       0   181CD    3039       0       0
  *** Kaon: P_min > 1.5 GeV/c:           24   1.5576198706336331     
  *** Kaon: P_min > 1.5 GeV/c:           15   3.5785233992876768     
      50000                 50000                 50000             2.7385708E-04         1.0000000E+30             11181       
 NEXT SEEDS: 94D83ED       0       0       0       0       0   181CD    3039       0       0
      52000                 48000                 48000             2.7363249E-04         1.0000000E+30             11623       
 NEXT SEEDS: 95A6A33       0       0       0       0       0   181CD    3039       0       0
      54000                 46000                 46000             2.7386895E-04         1.0000000E+30             12046       
 NEXT SEEDS: 9683732       0       0       0       0       0   181CD    3039       0       0
      56000                 44000                 44000             2.7408856E-04         1.0000000E+30             12482       
 NEXT SEEDS: 975F517       0       0       0       0       0   181CD    3039       0       0
      58000                 42000                 42000             2.7394815E-04         1.0000000E+30             12907       
 NEXT SEEDS: 982EFC9       0       0       0       0       0   181CD    3039       0       0
  *** Kaon: P_min > 1.5 GeV/c:           15   3.1049637280658184     
      60000                 40000                 40000             2.7428379E-04         1.0000000E+30             13354       
 NEXT SEEDS: 9910FD5       0       0       0       0       0   181CD    3039       0       0
  *** Kaon: P_min > 1.5 GeV/c:           15   1.5130382138985310     
      62000                 38000                 38000             2.7524299E-04         1.0000000E+30             13858       
 NEXT SEEDS: 99FE8FB       0       0       0       0       0   181CD    3039       0       0
  *** Umfnst:amsq,np0,np,kpart -6.93889390390722838E-018           0           1           7
  Ferevv: Umo2 < Urmin2 !!   6.4185903680769245        7.3760412869393370               20           1   1.1974300000000000       0.93827231000000000      F           0
      64000                 36000                 36000             2.7551723E-04         1.0000000E+30             14318       
 NEXT SEEDS: 9AE48FC       0       0       0       0       0   181CD    3039       0       0
  *** Kaon: P_min > 1.5 GeV/c:           24   1.7613427734833742     
  *** Kaon: P_min > 1.5 GeV/c:           24   3.0790382817075188     
  Eventv: ekin+am < pla,ij,igreyt   6.0688689566191023        6.0884305596519885               13           2
      66000                 34000                 34000             2.7601725E-04         1.0000000E+30             14787       
 NEXT SEEDS: 9BC6A8E       0       0       0       0       0   181CD    3039       0       0
      68000                 32000                 32000             2.7707614E-04         1.0000000E+30             15301       
 NEXT SEEDS: 9CBB5C5       0       0       0       0       0   181CD    3039       0       0
  *** Kaon: P_min > 1.5 GeV/c:           15   1.7090042997637629     
      70000                 30000                 30000             2.7704588E-04         1.0000000E+30             15761       
 NEXT SEEDS: 9D95EC6       0       0       0       0       0   181CD    3039       0       0
  Eventv: ekin+am < pla,ij,igreyt   6.7664473314582398        6.7907814286685735               13           2
      72000                 28000                 28000             2.7718399E-04         1.0000000E+30             16228       
 NEXT SEEDS: 9E71EAC       0       0       0       0       0   181CD    3039       0       0
      74000                 26000                 26000             2.7736868E-04         1.0000000E+30             16680       
 NEXT SEEDS: 9F5130A       0       0       0       0       0   181CD    3039       0       0
      76000                 24000                 24000             2.7759630E-04         1.0000000E+30             17136       
 NEXT SEEDS: A0285C4       0       0       0       0       0   181CD    3039       0       0
  *** Kaon: P_min > 1.5 GeV/c:           15   1.9931132655094932     
      78000                 22000                 22000             2.7832508E-04         1.0000000E+30             17647       
 NEXT SEEDS: A11A3B5       0       0       0       0       0   181CD    3039       0       0
      80000                 20000                 20000             2.7886741E-04         1.0000000E+30             18134       
 NEXT SEEDS: A200C6C       0       0       0       0       0   181CD    3039       0       0
      82000                 18000                 18000             2.7957844E-04         1.0000000E+30             18680       
 NEXT SEEDS: A3017F1       0       0       0       0       0   181CD    3039       0       0
      84000                 16000                 16000             2.7996988E-04         1.0000000E+30             19190       
 NEXT SEEDS: A3F3A35       0       0       0       0       0   181CD    3039       0       0
  *** Kaon: P_min > 1.5 GeV/c:           15   2.1601264063664791     
      86000                 14000                 14000             2.7997097E-04         1.0000000E+30             19643       
 NEXT SEEDS: A4CAD90       0       0       0       0       0   181CD    3039       0       0
  *** Kbar: P_min > 1.8 GeV/c:           16   2.8108644719966551     
      88000                 12000                 12000             2.8033569E-04         1.0000000E+30             20123       
 NEXT SEEDS: A5B687F       0       0       0       0       0   181CD    3039       0       0
      90000                 10000                 10000             2.8046197E-04         1.0000000E+30             20599       
 NEXT SEEDS: A699DF8       0       0       0       0       0   181CD    3039       0       0
      92000                  8000                  8000             2.8066971E-04         1.0000000E+30             21095       
 NEXT SEEDS: A78C300       0       0       0       0       0   181CD    3039       0       0
      94000                  6000                  6000             2.8040050E-04         1.0000000E+30             21539       
 NEXT SEEDS: A85C7A3       0       0       0       0       0   181CD    3039       0       0
      96000                  4000                  4000             2.8001750E-04         1.0000000E+30             21947       
 NEXT SEEDS: A923910       0       0       0       0       0   181CD    3039       0       0
      98000                  2000                  2000             2.8001750E-04         1.0000000E+30             22411       
 NEXT SEEDS: A9FF21F       0       0       0       0       0   181CD    3039       0       0
  Eventv: ekin+am < pla,ij,igreyt   5.8444111878679639        5.9799022055782949               13           6
      99950                    50                    50             2.7983740E-04         1.0000000E+30             22830       
 NEXT SEEDS: AACAB7C       0       0       0       0       0   181CD    3039       0       0
      99951                    49                    49             2.7983460E-04         1.0000000E+30             22830       
 NEXT SEEDS: AACABAF       0       0       0       0       0   181CD    3039       0       0
      99952                    48                    48             2.7983180E-04         1.0000000E+30             22830       
 NEXT SEEDS: AACAC46       0       0       0       0       0   181CD    3039       0       0
      99953                    47                    47             2.7982900E-04         1.0000000E+30             22830       
 NEXT SEEDS: AACAC97       0       0       0       0       0   181CD    3039       0       0
      99954                    46                    46             2.7982620E-04         1.0000000E+30             22830       
 NEXT SEEDS: AACACF1       0       0       0       0       0   181CD    3039       0       0
      99955                    45                    45             2.7982340E-04         1.0000000E+30             22830       
 NEXT SEEDS: AACAD28       0       0       0       0       0   181CD    3039       0       0
      99956                    44                    44             2.7982060E-04         1.0000000E+30             22830       
 NEXT SEEDS: AACADC7       0       0       0       0       0   181CD    3039       0       0
      99957                    43                    43             2.7981780E-04         1.0000000E+30             22830       
 NEXT SEEDS: AACAE52       0       0       0       0       0   181CD    3039       0       0
      99958                    42                    42             2.7981500E-04         1.0000000E+30             22830       
 NEXT SEEDS: AACAE81       0       0       0       0       0   181CD    3039       0       0
      99959                    41                    41             2.7985221E-04         1.0000000E+30             22830       
 NEXT SEEDS: AACAECD       0       0       0       0       0   181CD    3039       0       0
      99960                    40                    40             2.7984941E-04         1.0000000E+30             22830       
 NEXT SEEDS: AACAF11       0       0       0       0       0   181CD    3039       0       0
      99961                    39                    39             2.7984662E-04         1.0000000E+30             22830       
 NEXT SEEDS: AACAF38       0       0       0       0       0   181CD    3039       0       0
      99962                    38                    38             2.7984382E-04         1.0000000E+30             22830       
 NEXT SEEDS: AACAF64       0       0       0       0       0   181CD    3039       0       0
      99963                    37                    37             2.7984102E-04         1.0000000E+30             22830       
 NEXT SEEDS: AACAFBF       0       0       0       0       0   181CD    3039       0       0
      99964                    36                    36             2.7987823E-04         1.0000000E+30             22833       
 NEXT SEEDS: AACC108       0       0       0       0       0   181CD    3039       0       0
      99965                    35                    35             2.7987543E-04         1.0000000E+30             22833       
 NEXT SEEDS: AACC127       0       0       0       0       0   181CD    3039       0       0
      99966                    34                    34             2.7987263E-04         1.0000000E+30             22833       
 NEXT SEEDS: AACC14C       0       0       0       0       0   181CD    3039       0       0
      99967                    33                    33             2.7986983E-04         1.0000000E+30             22833       
 NEXT SEEDS: AACC171       0       0       0       0       0   181CD    3039       0       0
      99968                    32                    32             2.7986703E-04         1.0000000E+30             22833       
 NEXT SEEDS: AACC1BD       0       0       0       0       0   181CD    3039       0       0
      99969                    31                    31             2.7986423E-04         1.0000000E+30             22833       
 NEXT SEEDS: AACC1FE       0       0       0       0       0   181CD    3039       0       0
      99970                    30                    30             2.7986143E-04         1.0000000E+30             22833       
 NEXT SEEDS: AACC233       0       0       0       0       0   181CD    3039       0       0
      99971                    29                    29             2.7989866E-04         1.0000000E+30             22833       
 NEXT SEEDS: AACC275       0       0       0       0       0   181CD    3039       0       0
      99972                    28                    28             2.7989586E-04         1.0000000E+30             22838       
 NEXT SEEDS: AACE198       0       0       0       0       0   181CD    3039       0       0
      99973                    27                    27             2.7993307E-04         1.0000000E+30             22838       
 NEXT SEEDS: AACE1BB       0       0       0       0       0   181CD    3039       0       0
      99974                    26                    26             2.7993027E-04         1.0000000E+30             22839       
 NEXT SEEDS: AACE6C0       0       0       0       0       0   181CD    3039       0       0
      99975                    25                    25             2.7992747E-04         1.0000000E+30             22839       
 NEXT SEEDS: AACE6F9       0       0       0       0       0   181CD    3039       0       0
      99976                    24                    24             2.7992467E-04         1.0000000E+30             22839       
 NEXT SEEDS: AACE745       0       0       0       0       0   181CD    3039       0       0
      99977                    23                    23             2.7992187E-04         1.0000000E+30             22840       
 NEXT SEEDS: AACEDA9       0       0       0       0       0   181CD    3039       0       0
      99978                    22                    22             2.7991907E-04         1.0000000E+30             22840       
 NEXT SEEDS: AACEDCC       0       0       0       0       0   181CD    3039       0       0
      99979                    21                    21             2.7991627E-04         1.0000000E+30             22840       
 NEXT SEEDS: AACEDEC       0       0       0       0       0   181CD    3039       0       0
      99980                    20                    20             2.7991347E-04         1.0000000E+30             22840       
 NEXT SEEDS: AACEE40       0       0       0       0       0   181CD    3039       0       0
      99981                    19                    19             2.7991067E-04         1.0000000E+30             22840       
 NEXT SEEDS: AACEE65       0       0       0       0       0   181CD    3039       0       0
      99982                    18                    18             2.7990787E-04         1.0000000E+30             22840       
 NEXT SEEDS: AACEEA2       0       0       0       0       0   181CD    3039       0       0
      99983                    17                    17             2.7990507E-04         1.0000000E+30             22840       
 NEXT SEEDS: AACEEE9       0       0       0       0       0   181CD    3039       0       0
      99984                    16                    16             2.7990227E-04         1.0000000E+30             22840       
 NEXT SEEDS: AACF1C3       0       0       0       0       0   181CD    3039       0       0
      99985                    15                    15             2.7993947E-04         1.0000000E+30             22842       
 NEXT SEEDS: AACFDAD       0       0       0       0       0   181CD    3039       0       0
      99986                    14                    14             2.7993667E-04         1.0000000E+30             22842       
 NEXT SEEDS: AACFDF0       0       0       0       0       0   181CD    3039       0       0
      99987                    13                    13             2.7997390E-04         1.0000000E+30             22847       
 NEXT SEEDS: AAD1325       0       0       0       0       0   181CD    3039       0       0
      99988                    12                    12             2.7997110E-04         1.0000000E+30             22847       
 NEXT SEEDS: AAD135F       0       0       0       0       0   181CD    3039       0       0
      99989                    11                    11             2.8000830E-04         1.0000000E+30             22849       
 NEXT SEEDS: AAD1BEF       0       0       0       0       0   181CD    3039       0       0
      99990                    10                    10             2.8000550E-04         1.0000000E+30             22849       
 NEXT SEEDS: AAD1C45       0       0       0       0       0   181CD    3039       0       0
      99991                     9                     9             2.8000270E-04         1.0000000E+30             22849       
 NEXT SEEDS: AAD1C65       0       0       0       0       0   181CD    3039       0       0
      99992                     8                     8             2.7999990E-04         1.0000000E+30             22849       
 NEXT SEEDS: AAD1C80       0       0       0       0       0   181CD    3039       0       0
      99993                     7                     7             2.7999710E-04         1.0000000E+30             22849       
 NEXT SEEDS: AAD1CB6       0       0       0       0       0   181CD    3039       0       0
      99994                     6                     6             2.7999430E-04         1.0000000E+30             22849       
 NEXT SEEDS: AAD1D59       0       0       0       0       0   181CD    3039       0       0
      99995                     5                     5             2.7999150E-04         1.0000000E+30             22849       
 NEXT SEEDS: AAD1D75       0       0       0       0       0   181CD    3039       0       0
      99996                     4                     4             2.8002869E-04         1.0000000E+30             22849       
 NEXT SEEDS: AAD1D95       0       0       0       0       0   181CD    3039       0       0
      99997                     3                     3             2.8002589E-04         1.0000000E+30             22849       
 NEXT SEEDS: AAD1DF8       0       0       0       0       0   181CD    3039       0       0
      99998                     2                     2             2.8002309E-04         1.0000000E+30             22849       
 NEXT SEEDS: AAD1E2B       0       0       0       0       0   181CD    3039       0       0
      99999                     1                     1             2.8002029E-04         1.0000000E+30             22849       
 NEXT SEEDS: AAD1E98       0       0       0       0       0   181CD    3039       0       0
     100000                     0                     1             2.8001749E-04         1.0000000E+30             22849       
 NEXT SEEDS: AAD1EBD       0       0       0       0       0   181CD    3039       0       0
