1NUMBER OF BEAM       NUMBER OF BEAM        APPROXIMATE NUMBER    AVERAGE TIME USED     TIME LEFT (RESERVED   NUMBER OF STARS
 PARTICLES HANDLED    PARTICLES LEFT        OF BEAM PARTICLES     BY A BEAM PARTICLE     10000.0 SECONDS      CREATED
                                            THAT CAN STILL BE                           FOR PRINTOUT)
                                            HANDLED

 NEXT SEEDS: AAD1EBD       0       0       0       0       0   181CD    3039       0       0
          1                 99999                 99999             8.0008507E-03         1.0000000E+30                 5       
 NEXT SEEDS: AAD486D       0       0       0       0       0   181CD    3039       0       0
       2000                 98000                 98000             3.0201900E-04         1.0000000E+30               515       
 NEXT SEEDS: ABC4545       0       0       0       0       0   181CD    3039       0       0
       4000                 96000                 96000             2.9601854E-04         1.0000000E+30               981       
 NEXT SEEDS: ACA6DA3       0       0       0       0       0   181CD    3039       0       0
       6000                 94000                 94000             2.9068482E-04         1.0000000E+30              1432       
 NEXT SEEDS: AD83C81       0       0       0       0       0   181CD    3039       0       0
       8000                 92000                 92000             2.8951809E-04         1.0000000E+30              1884       
 NEXT SEEDS: AE5C039       0       0       0       0       0   181CD    3039       0       0
      10000                 90000                 90000             2.9081819E-04         1.0000000E+30              2369       
 NEXT SEEDS: AF439EC       0       0       0       0       0   181CD    3039       0       0
  *** Kaon: P_min > 1.5 GeV/c:           24   1.6978721730956821     
      12000                 88000                 88000             2.9068484E-04         1.0000000E+30              2861       
 NEXT SEEDS: B02FAF1       0       0       0       0       0   181CD    3039       0       0
      14000                 86000                 86000             2.8487500E-04         1.0000000E+30              3289       
 NEXT SEEDS: B0FA981       0       0       0       0       0   181CD    3039       0       0
  Ferevv: R2 < Rmin2 for Pt  3.60933034818516907E-002  3.66673455524416936E-002   3.1128534002009998     
  Ferevv: Umo2 < Urmin2 !!   2.8666143614901838        3.1128534002009998               29           1  0.54744999999999999       0.93827231000000000      T           3
      16000                 84000                 84000             2.8326775E-04         1.0000000E+30              3738       
 NEXT SEEDS: B1CA730       0       0       0       0       0   181CD    3039       0       0
      18000                 82000                 82000             2.8335106E-04         1.0000000E+30              4184       
 NEXT SEEDS: B2A2CD2       0       0       0       0       0   181CD    3039       0       0
      20000                 80000                 80000             2.8201762E-04         1.0000000E+30              4603       
 NEXT SEEDS: B36F4C4       0       0       0       0       0   181CD    3039       0       0
      22000                 78000                 78000             2.8038117E-04         1.0000000E+30              5021       
 NEXT SEEDS: B43C134       0       0       0       0       0   181CD    3039       0       0
  *** Umfnst:amsq,np0,np,kpart -1.73472347597680709E-018           0           1           7
  Ferevv: Umo2 < Urmin2 !!   2.9596232496886730        3.1128534002009998               29           1  0.54744999999999999       0.93827231000000000      T           3
      24000                 76000                 76000             2.8135090E-04         1.0000000E+30              5494       
 NEXT SEEDS: B52466A       0       0       0       0       0   181CD    3039       0       0
      26000                 74000                 74000             2.8263306E-04         1.0000000E+30              6002       
 NEXT SEEDS: B61508F       0       0       0       0       0   181CD    3039       0       0
      28000                 72000                 72000             2.7830312E-04         1.0000000E+30              6362       
 NEXT SEEDS: B6C53C2       0       0       0       0       0   181CD    3039       0       0
      30000                 70000                 70000             2.7855076E-04         1.0000000E+30              6819       
 NEXT SEEDS: B7A0115       0       0       0       0       0   181CD    3039       0       0
      32000                 68000                 68000             2.8051753E-04         1.0000000E+30              7319       
 NEXT SEEDS: B897138       0       0       0       0       0   181CD    3039       0       0
      34000                 66000                 66000             2.7989986E-04         1.0000000E+30              7765       
 NEXT SEEDS: B9716B6       0       0       0       0       0   181CD    3039       0       0
  *** Kaon: P_min > 1.5 GeV/c:           15   1.7223700802249031     
  *** Kaon: P_min > 1.5 GeV/c:           24   1.6033801451418874     
      36000                 64000                 64000             2.8079534E-04         1.0000000E+30              8225       
 NEXT SEEDS: BA58366       0       0       0       0       0   181CD    3039       0       0
  Ferevv: valence call, impossible to get enough invariant mass for the residual nucleus!!           2           0   3.5311342923091877        2.4722802122426515        12.421864884702289       7.16799581009411046E-002
  Eventv: negative excitation energy for the residual nucleus!!           0           2 -0.30678263     F
  Ferevv: Umo2 < Urmin2 !!   3.0645255927403938        3.1128534002009998               29           1  0.54744999999999999       0.93827231000000000      T           3
      38000                 62000                 62000             2.8212289E-04         1.0000000E+30              8720       
 NEXT SEEDS: BB4FF4E       0       0       0       0       0   181CD    3039       0       0
  *** Kaon: P_min > 1.5 GeV/c:           24   1.7156146834027113     
      40000                 60000                 60000             2.8221765E-04         1.0000000E+30              9196       
 NEXT SEEDS: BC2F29C       0       0       0       0       0   181CD    3039       0       0
      42000                 58000                 58000             2.8249385E-04         1.0000000E+30              9685       
 NEXT SEEDS: BD12E21       0       0       0       0       0   181CD    3039       0       0
  *** Kaon: P_min > 1.5 GeV/c:           24   2.8908409522535861     
  *** Kaon: P_min > 1.5 GeV/c:           24   3.2517838369299574     
  *** Kaon: P_min > 1.5 GeV/c:           24   2.1166170055661611     
      44000                 56000                 56000             2.8247220E-04         1.0000000E+30             10126       
 NEXT SEEDS: BDF0740       0       0       0       0       0   181CD    3039       0       0
      46000                 54000                 54000             2.8201761E-04         1.0000000E+30             10587       
 NEXT SEEDS: BEC6424       0       0       0       0       0   181CD    3039       0       0
  *** Kaon: P_min > 1.5 GeV/c:           15   1.7011421083907321     
      48000                 52000                 52000             2.8135092E-04         1.0000000E+30             11006       
 NEXT SEEDS: BF8E0F1       0       0       0       0       0   181CD    3039       0       0
  *** Kaon: P_min > 1.5 GeV/c:           15   1.5604667054673880     
  *** Kaon: P_min > 1.5 GeV/c:           15   1.9827429311486133     
      50000                 50000                 50000             2.8233767E-04         1.0000000E+30             11500       
 NEXT SEEDS: C07A18B       0       0       0       0       0   181CD    3039       0       0
  *** Kaon: P_min > 1.5 GeV/c:           15   2.0711962893383693     
      52000                 48000                 48000             2.8209454E-04         1.0000000E+30             11953       
 NEXT SEEDS: C149A19       0       0       0       0       0   181CD    3039       0       0
  Eventv: ekin+am < pla,ij,igreyt   5.9139775289983181        5.9310972284721801               13           1
  *** Kaon: P_min > 1.5 GeV/c:           15   1.9297986179281192     
  *** Kaon: P_min > 1.5 GeV/c:           15   2.0733154443347206     
      54000                 46000                 46000             2.8246211E-04         1.0000000E+30             12410       
 NEXT SEEDS: C224746       0       0       0       0       0   181CD    3039       0       0
      56000                 44000                 44000             2.8266054E-04         1.0000000E+30             12877       
 NEXT SEEDS: C30A488       0       0       0       0       0   181CD    3039       0       0
      58000                 42000                 42000             2.8222454E-04         1.0000000E+30             13335       
 NEXT SEEDS: C3DE8B8       0       0       0       0       0   181CD    3039       0       0
      60000                 40000                 40000             2.8155094E-04         1.0000000E+30             13769       
 NEXT SEEDS: C4AD63B       0       0       0       0       0   181CD    3039       0       0
  *** Umfnst:amsq,np0,np,kpart -1.04083408558608426E-017           0           1           7
      62000                 38000                 38000             2.8169502E-04         1.0000000E+30             14218       
 NEXT SEEDS: C58AB19       0       0       0       0       0   181CD    3039       0       0
  *** Umfnst:amsq,np0,np,kpart -3.46944695195361419E-018           0           1           7
  *** Kaon: P_min > 1.5 GeV/c:           24   1.5207282929186838     
      64000                 36000                 36000             2.8126757E-04         1.0000000E+30             14641       
 NEXT SEEDS: C65CA69       0       0       0       0       0   181CD    3039       0       0
      66000                 34000                 34000             2.8080543E-04         1.0000000E+30             15062       
 NEXT SEEDS: C726997       0       0       0       0       0   181CD    3039       0       0
      68000                 32000                 32000             2.8060578E-04         1.0000000E+30             15499       
 NEXT SEEDS: C800A7B       0       0       0       0       0   181CD    3039       0       0
  *** Kaon: P_min > 1.5 GeV/c:           15   2.2182936417025436     
      70000                 30000                 30000             2.8058896E-04         1.0000000E+30             15948       
 NEXT SEEDS: C8D2202       0       0       0       0       0   181CD    3039       0       0
      72000                 28000                 28000             2.8012863E-04         1.0000000E+30             16366       
 NEXT SEEDS: C9A4962       0       0       0       0       0   181CD    3039       0       0
      74000                 26000                 26000             2.7990938E-04         1.0000000E+30             16799       
 NEXT SEEDS: CA73A05       0       0       0       0       0   181CD    3039       0       0
  *** Kbar: P_min > 1.8 GeV/c:           25   2.2550764647946289     
      76000                 24000                 24000             2.7970170E-04         1.0000000E+30             17260       
 NEXT SEEDS: CB4BBAD       0       0       0       0       0   181CD    3039       0       0
      78000                 22000                 22000             2.8001750E-04         1.0000000E+30             17758       
 NEXT SEEDS: CC376DD       0       0       0       0       0   181CD    3039       0       0
      80000                 20000                 20000             2.7896744E-04         1.0000000E+30             18142       
 NEXT SEEDS: CCEA8E1       0       0       0       0       0   181CD    3039       0       0
      82000                 18000                 18000             2.7874913E-04         1.0000000E+30             18592       
 NEXT SEEDS: CDBCD4D       0       0       0       0       0   181CD    3039       0       0
  *** Kaon: P_min > 1.5 GeV/c:           24   1.5373347055680109     
      84000                 16000                 16000             2.7839835E-04         1.0000000E+30             19031       
 NEXT SEEDS: CE8BEC1       0       0       0       0       0   181CD    3039       0       0
      86000                 14000                 14000             2.7824995E-04         1.0000000E+30             19469       
 NEXT SEEDS: CF6303D       0       0       0       0       0   181CD    3039       0       0
  *** Kaon: P_min > 1.5 GeV/c:           15   2.0260957393178400     
  *** Kaon: P_min > 1.5 GeV/c:           15   1.8343691473599866     
      88000                 12000                 12000             2.7833558E-04         1.0000000E+30             19912       
 NEXT SEEDS: D03B549       0       0       0       0       0   181CD    3039       0       0
      90000                 10000                 10000             2.7846185E-04         1.0000000E+30             20364       
 NEXT SEEDS: D119400       0       0       0       0       0   181CD    3039       0       0
      92000                  8000                  8000             2.7849568E-04         1.0000000E+30             20811       
 NEXT SEEDS: D1F075D       0       0       0       0       0   181CD    3039       0       0
      94000                  6000                  6000             2.7814503E-04         1.0000000E+30             21235       
 NEXT SEEDS: D2C0C30       0       0       0       0       0   181CD    3039       0       0
      96000                  4000                  4000             2.7789238E-04         1.0000000E+30             21637       
 NEXT SEEDS: D3907CB       0       0       0       0       0   181CD    3039       0       0
      98000                  2000                  2000             2.7769082E-04         1.0000000E+30             22065       
 NEXT SEEDS: D4618CE       0       0       0       0       0   181CD    3039       0       0
      99950                    50                    50             2.7783628E-04         1.0000000E+30             22488       
 NEXT SEEDS: D535701       0       0       0       0       0   181CD    3039       0       0
      99951                    49                    49             2.7783350E-04         1.0000000E+30             22488       
 NEXT SEEDS: D535738       0       0       0       0       0   181CD    3039       0       0
      99952                    48                    48             2.7783072E-04         1.0000000E+30             22488       
 NEXT SEEDS: D535778       0       0       0       0       0   181CD    3039       0       0
      99953                    47                    47             2.7782794E-04         1.0000000E+30             22488       
 NEXT SEEDS: D5357AF       0       0       0       0       0   181CD    3039       0       0
      99954                    46                    46             2.7786518E-04         1.0000000E+30             22490       
 NEXT SEEDS: D5360D1       0       0       0       0       0   181CD    3039       0       0
      99955                    45                    45             2.7786240E-04         1.0000000E+30             22490       
 NEXT SEEDS: D536121       0       0       0       0       0   181CD    3039       0       0
      99956                    44                    44             2.7785962E-04         1.0000000E+30             22490       
 NEXT SEEDS: D536149       0       0       0       0       0   181CD    3039       0       0
      99957                    43                    43             2.7785684E-04         1.0000000E+30             22490       
 NEXT SEEDS: D536190       0       0       0       0       0   181CD    3039       0       0
      99958                    42                    42             2.7785406E-04         1.0000000E+30             22490       
 NEXT SEEDS: D5361C9       0       0       0       0       0   181CD    3039       0       0
      99959                    41                    41             2.7785128E-04         1.0000000E+30             22490       
 NEXT SEEDS: D5361EA       0       0       0       0       0   181CD    3039       0       0
      99960                    40                    40             2.7784850E-04         1.0000000E+30             22490       
 NEXT SEEDS: D53621B       0       0       0       0       0   181CD    3039       0       0
      99961                    39                    39             2.7784572E-04         1.0000000E+30             22490       
 NEXT SEEDS: D53623C       0       0       0       0       0   181CD    3039       0       0
      99962                    38                    38             2.7788296E-04         1.0000000E+30             22491       
 NEXT SEEDS: D536B0A       0       0       0       0       0   181CD    3039       0       0
      99963                    37                    37             2.7788018E-04         1.0000000E+30             22491       
 NEXT SEEDS: D536B30       0       0       0       0       0   181CD    3039       0       0
      99964                    36                    36             2.7791743E-04         1.0000000E+30             22493       
 NEXT SEEDS: D53716A       0       0       0       0       0   181CD    3039       0       0
      99965                    35                    35             2.7791465E-04         1.0000000E+30             22493       
 NEXT SEEDS: D5371C9       0       0       0       0       0   181CD    3039       0       0
      99966                    34                    34             2.7791187E-04         1.0000000E+30             22493       
 NEXT SEEDS: D537210       0       0       0       0       0   181CD    3039       0       0
      99967                    33                    33             2.7790909E-04         1.0000000E+30             22493       
 NEXT SEEDS: D5372F4       0       0       0       0       0   181CD    3039       0       0
      99968                    32                    32             2.7790631E-04         1.0000000E+30             22493       
 NEXT SEEDS: D537317       0       0       0       0       0   181CD    3039       0       0
      99969                    31                    31             2.7790353E-04         1.0000000E+30             22493       
 NEXT SEEDS: D537355       0       0       0       0       0   181CD    3039       0       0
      99970                    30                    30             2.7790075E-04         1.0000000E+30             22493       
 NEXT SEEDS: D5373B8       0       0       0       0       0   181CD    3039       0       0
      99971                    29                    29             2.7793797E-04         1.0000000E+30             22494       
 NEXT SEEDS: D539588       0       0       0       0       0   181CD    3039       0       0
      99972                    28                    28             2.7793519E-04         1.0000000E+30             22494       
 NEXT SEEDS: D539602       0       0       0       0       0   181CD    3039       0       0
      99973                    27                    27             2.7793241E-04         1.0000000E+30             22494       
 NEXT SEEDS: D539646       0       0       0       0       0   181CD    3039       0       0
      99974                    26                    26             2.7792963E-04         1.0000000E+30             22494       
 NEXT SEEDS: D539662       0       0       0       0       0   181CD    3039       0       0
      99975                    25                    25             2.7792685E-04         1.0000000E+30             22494       
 NEXT SEEDS: D539684       0       0       0       0       0   181CD    3039       0       0
      99976                    24                    24             2.7792407E-04         1.0000000E+30             22494       
 NEXT SEEDS: D5396A4       0       0       0       0       0   181CD    3039       0       0
      99977                    23                    23             2.7792129E-04         1.0000000E+30             22494       
 NEXT SEEDS: D5396DD       0       0       0       0       0   181CD    3039       0       0
      99978                    22                    22             2.7791851E-04         1.0000000E+30             22494       
 NEXT SEEDS: D5396FC       0       0       0       0       0   181CD    3039       0       0
      99979                    21                    21             2.7795574E-04         1.0000000E+30             22494       
 NEXT SEEDS: D539741       0       0       0       0       0   181CD    3039       0       0
      99980                    20                    20             2.7795296E-04         1.0000000E+30             22495       
 NEXT SEEDS: D539A4C       0       0       0       0       0   181CD    3039       0       0
      99981                    19                    19             2.7795018E-04         1.0000000E+30             22495       
 NEXT SEEDS: D539B00       0       0       0       0       0   181CD    3039       0       0
      99982                    18                    18             2.7794740E-04         1.0000000E+30             22495       
 NEXT SEEDS: D539B21       0       0       0       0       0   181CD    3039       0       0
      99983                    17                    17             2.7794462E-04         1.0000000E+30             22495       
 NEXT SEEDS: D539B44       0       0       0       0       0   181CD    3039       0       0
      99984                    16                    16             2.7794184E-04         1.0000000E+30             22495       
 NEXT SEEDS: D539B6D       0       0       0       0       0   181CD    3039       0       0
      99985                    15                    15             2.7793906E-04         1.0000000E+30             22495       
 NEXT SEEDS: D539BA8       0       0       0       0       0   181CD    3039       0       0
      99986                    14                    14             2.7793628E-04         1.0000000E+30             22495       
 NEXT SEEDS: D539C05       0       0       0       0       0   181CD    3039       0       0
      99987                    13                    13             2.7793350E-04         1.0000000E+30             22495       
 NEXT SEEDS: D539C22       0       0       0       0       0   181CD    3039       0       0
      99988                    12                    12             2.7793072E-04         1.0000000E+30             22495       
 NEXT SEEDS: D539C60       0       0       0       0       0   181CD    3039       0       0
      99989                    11                    11             2.7796794E-04         1.0000000E+30             22500       
 NEXT SEEDS: D53CDD2       0       0       0       0       0   181CD    3039       0       0
      99990                    10                    10             2.7796516E-04         1.0000000E+30             22503       
 NEXT SEEDS: D53D87A       0       0       0       0       0   181CD    3039       0       0
      99991                     9                     9             2.7800240E-04         1.0000000E+30             22503       
 NEXT SEEDS: D53D8D9       0       0       0       0       0   181CD    3039       0       0
      99992                     8                     8             2.7799962E-04         1.0000000E+30             22503       
 NEXT SEEDS: D53D8FA       0       0       0       0       0   181CD    3039       0       0
      99993                     7                     7             2.7799684E-04         1.0000000E+30             22503       
 NEXT SEEDS: D53D982       0       0       0       0       0   181CD    3039       0       0
      99994                     6                     6             2.7799406E-04         1.0000000E+30             22503       
 NEXT SEEDS: D53D9B8       0       0       0       0       0   181CD    3039       0       0
      99995                     5                     5             2.7799128E-04         1.0000000E+30             22503       
 NEXT SEEDS: D53DA04       0       0       0       0       0   181CD    3039       0       0
      99996                     4                     4             2.7798850E-04         1.0000000E+30             22503       
 NEXT SEEDS: D53DA35       0       0       0       0       0   181CD    3039       0       0
      99997                     3                     3             2.7798572E-04         1.0000000E+30             22503       
 NEXT SEEDS: D53DABB       0       0       0       0       0   181CD    3039       0       0
      99998                     2                     2             2.7802294E-04         1.0000000E+30             22506       
 NEXT SEEDS: D53ED56       0       0       0       0       0   181CD    3039       0       0
      99999                     1                     1             2.7806016E-04         1.0000000E+30             22506       
 NEXT SEEDS: D53EE78       0       0       0       0       0   181CD    3039       0       0
     100000                     0                     1             2.7805738E-04         1.0000000E+30             22506       
 NEXT SEEDS: D53EE9E       0       0       0       0       0   181CD    3039       0       0
