1NUMBER OF BEAM       NUMBER OF BEAM        APPROXIMATE NUMBER    AVERAGE TIME USED     TIME LEFT (RESERVED   NUMBER OF STARS
 PARTICLES HANDLED    PARTICLES LEFT        OF BEAM PARTICLES     BY A BEAM PARTICLE     10000.0 SECONDS      CREATED
                                            THAT CAN STILL BE                           FOR PRINTOUT)
                                            HANDLED

 NEXT SEEDS: 2AC3433       0       0       0       0       0   181CD    3039       0       0
          1                 99999                 99999             0.0000000E+00         1.0000000E+30                 0       
 NEXT SEEDS: 2AC348A       0       0       0       0       0   181CD    3039       0       0
       2000                 98000                 98000             2.9401851E-04         1.0000000E+30               485       
 NEXT SEEDS: 2B9F423       0       0       0       0       0   181CD    3039       0       0
  *** Kaon: P_min > 1.5 GeV/c:           15   1.8368195340541968     
  *** Kbar: P_min > 1.8 GeV/c:           25   1.9975021611755615     
  *** Kbar: P_min > 1.8 GeV/c:           25   2.1525683301810248     
       4000                 96000                 96000             2.8001750E-04         1.0000000E+30               927       
 NEXT SEEDS: 2C75DD2       0       0       0       0       0   181CD    3039       0       0
       6000                 94000                 94000             2.8201763E-04         1.0000000E+30              1386       
 NEXT SEEDS: 2D5BA87       0       0       0       0       0   181CD    3039       0       0
       8000                 92000                 92000             2.7601725E-04         1.0000000E+30              1817       
 NEXT SEEDS: 2E2693A       0       0       0       0       0   181CD    3039       0       0
      10000                 90000                 90000             2.8961811E-04         1.0000000E+30              2411       
 NEXT SEEDS: 2F3F844       0       0       0       0       0   181CD    3039       0       0
  *** Kaon: P_min > 1.5 GeV/c:           15   2.2177370736928972     
  Eventv: ekin+am < pla,ij,igreyt   9.2122362313608317        9.2467740512115295               13           1
      12000                 88000                 88000             2.9001816E-04         1.0000000E+30              2892       
 NEXT SEEDS: 30294ED       0       0       0       0       0   181CD    3039       0       0
  *** Kaon: P_min > 1.5 GeV/c:           15   2.0791583856749396     
      14000                 86000                 86000             2.8801799E-04         1.0000000E+30              3343       
 NEXT SEEDS: 31007B6       0       0       0       0       0   181CD    3039       0       0
  *** Kaon: P_min > 1.5 GeV/c:           15   2.1743351707155858     
      16000                 84000                 84000             2.8726798E-04         1.0000000E+30              3792       
 NEXT SEEDS: 31DB4CD       0       0       0       0       0   181CD    3039       0       0
      18000                 82000                 82000             2.8712903E-04         1.0000000E+30              4245       
 NEXT SEEDS: 32B7403       0       0       0       0       0   181CD    3039       0       0
  *** Kaon: P_min > 1.5 GeV/c:           24   1.8616659369035167     
      20000                 80000                 80000             2.8661795E-04         1.0000000E+30              4718       
 NEXT SEEDS: 3396600       0       0       0       0       0   181CD    3039       0       0
      22000                 78000                 78000             2.8801801E-04         1.0000000E+30              5214       
 NEXT SEEDS: 347F249       0       0       0       0       0   181CD    3039       0       0
      24000                 76000                 76000             2.8535116E-04         1.0000000E+30              5632       
 NEXT SEEDS: 354CC1B       0       0       0       0       0   181CD    3039       0       0
  *** Kaon: P_min > 1.5 GeV/c:           15   1.6925316188653123     
      26000                 74000                 74000             2.8478703E-04         1.0000000E+30              6107       
 NEXT SEEDS: 362BEDE       0       0       0       0       0   181CD    3039       0       0
      28000                 72000                 72000             2.8116042E-04         1.0000000E+30              6458       
 NEXT SEEDS: 36E257F       0       0       0       0       0   181CD    3039       0       0
      30000                 70000                 70000             2.8135093E-04         1.0000000E+30              6912       
 NEXT SEEDS: 37C01B7       0       0       0       0       0   181CD    3039       0       0
      32000                 68000                 68000             2.8026754E-04         1.0000000E+30              7334       
 NEXT SEEDS: 388FF66       0       0       0       0       0   181CD    3039       0       0
      34000                 66000                 66000             2.8037046E-04         1.0000000E+30              7821       
 NEXT SEEDS: 397419F       0       0       0       0       0   181CD    3039       0       0
      36000                 64000                 64000             2.7946191E-04         1.0000000E+30              8250       
 NEXT SEEDS: 3A44F74       0       0       0       0       0   181CD    3039       0       0
      38000                 62000                 62000             2.7949115E-04         1.0000000E+30              8692       
 NEXT SEEDS: 3B21F7F       0       0       0       0       0   181CD    3039       0       0
  Eventv: ekin+am < pla,ij,igreyt   5.7338277523182866        5.7496757114788206               13           1
      40000                 60000                 60000             2.8091757E-04         1.0000000E+30              9193       
 NEXT SEEDS: 3C12393       0       0       0       0       0   181CD    3039       0       0
  Ferevv: R2 < Rmin2 for Pt  3.70255102313304940E-002  3.77073884725506944E-002   3.1128534002009998     
  Ferevv: Umo2 < Urmin2 !!   2.8287059358198801        3.1128534002009998               29           8  0.54744999999999999       0.93956563000000004      T           3
      42000                 58000                 58000             2.7992226E-04         1.0000000E+30              9616       
 NEXT SEEDS: 3CE2131       0       0       0       0       0   181CD    3039       0       0
      44000                 56000                 56000             2.7974476E-04         1.0000000E+30             10062       
 NEXT SEEDS: 3DB8138       0       0       0       0       0   181CD    3039       0       0
      46000                 54000                 54000             2.7984358E-04         1.0000000E+30             10545       
 NEXT SEEDS: 3E96C60       0       0       0       0       0   181CD    3039       0       0
      48000                 52000                 52000             2.7951749E-04         1.0000000E+30             10980       
 NEXT SEEDS: 3F6574F       0       0       0       0       0   181CD    3039       0       0
      50000                 50000                 50000             2.8025753E-04         1.0000000E+30             11463       
 NEXT SEEDS: 404EC62       0       0       0       0       0   181CD    3039       0       0
      52000                 48000                 48000             2.8094064E-04         1.0000000E+30             11963       
 NEXT SEEDS: 413FC03       0       0       0       0       0   181CD    3039       0       0
      54000                 46000                 46000             2.8038791E-04         1.0000000E+30             12366       
 NEXT SEEDS: 420E122       0       0       0       0       0   181CD    3039       0       0
  *** Kaon: P_min > 1.5 GeV/c:           15   2.6544157783919728     
  *** Kaon: P_min > 1.5 GeV/c:           15   2.1584854692005067     
  *** Kaon: P_min > 1.5 GeV/c:           15   2.5638007546295269     
      56000                 44000                 44000             2.8037466E-04         1.0000000E+30             12797       
 NEXT SEEDS: 42E9152       0       0       0       0       0   181CD    3039       0       0
      58000                 42000                 42000             2.7981061E-04         1.0000000E+30             13220       
 NEXT SEEDS: 43B615F       0       0       0       0       0   181CD    3039       0       0
  *** Kaon: P_min > 1.5 GeV/c:           24   1.5385909261461850     
      60000                 40000                 40000             2.7881743E-04         1.0000000E+30             13639       
 NEXT SEEDS: 447919C       0       0       0       0       0   181CD    3039       0       0
  Ferevv: Umo2 < Urmin2 !!   2.9820377223212176        3.1128534002009998               29           8  0.54744999999999999       0.93956563000000004      T           3
      62000                 38000                 38000             2.7866259E-04         1.0000000E+30             14058       
 NEXT SEEDS: 454DB86       0       0       0       0       0   181CD    3039       0       0
      64000                 36000                 36000             2.7932996E-04         1.0000000E+30             14536       
 NEXT SEEDS: 463ABCC       0       0       0       0       0   181CD    3039       0       0
  *** Kaon: P_min > 1.5 GeV/c:           15   3.0056940257597109     
  Eventv: ekin+am < pla,ij,igreyt   5.8844584710990819        5.9072955003382646               14           1
      66000                 34000                 34000             2.7874470E-04         1.0000000E+30             14947       
 NEXT SEEDS: 46FD0A4       0       0       0       0       0   181CD    3039       0       0
      68000                 32000                 32000             2.7931157E-04         1.0000000E+30             15445       
 NEXT SEEDS: 47EA6DF       0       0       0       0       0   181CD    3039       0       0
      70000                 30000                 30000             2.7938889E-04         1.0000000E+30             15898       
 NEXT SEEDS: 48C3A5F       0       0       0       0       0   181CD    3039       0       0
  Ferevv: Umo2 < Urmin2 !!   2.7485744352999877        3.3386942398642971               29           8  0.54744999999999999       0.93956563000000004      F           3
  Ferevv: R2 < Rmin2 for Pt  3.40203393700746481E-002  3.44366966388785223E-002   3.1128534002009998     
  Ferevv: Umo2 < Urmin2 !!   2.8748698001801629        3.1128534002009998               29           8  0.54744999999999999       0.93956563000000004      T           3
      72000                 28000                 28000             2.7957302E-04         1.0000000E+30             16353       
 NEXT SEEDS: 499F1B7       0       0       0       0       0   181CD    3039       0       0
      74000                 26000                 26000             2.7926071E-04         1.0000000E+30             16787       
 NEXT SEEDS: 4A769AC       0       0       0       0       0   181CD    3039       0       0
  *** Kaon: P_min > 1.5 GeV/c:           24   1.6141114937451331     
      76000                 24000                 24000             2.7891217E-04         1.0000000E+30             17219       
 NEXT SEEDS: 4B4BA77       0       0       0       0       0   181CD    3039       0       0
  *** Kaon: P_min > 1.5 GeV/c:           24   1.7353973957902289     
  *** Kaon: P_min > 1.5 GeV/c:           24   1.7424351745610445     
      78000                 22000                 22000             2.7853022E-04         1.0000000E+30             17607       
 NEXT SEEDS: 4C115E0       0       0       0       0       0   181CD    3039       0       0
      80000                 20000                 20000             2.7901742E-04         1.0000000E+30             18069       
 NEXT SEEDS: 4CFF3E3       0       0       0       0       0   181CD    3039       0       0
  *** Kaon: P_min > 1.5 GeV/c:           24   2.4540980984674095     
  *** Kaon: P_min > 1.5 GeV/c:           24   1.9264955140097766     
      82000                 18000                 18000             2.7782224E-04         1.0000000E+30             18430       
 NEXT SEEDS: 4DADD89       0       0       0       0       0   181CD    3039       0       0
      84000                 16000                 16000             2.7777926E-04         1.0000000E+30             18887       
 NEXT SEEDS: 4E88219       0       0       0       0       0   181CD    3039       0       0
      86000                 14000                 14000             2.7736617E-04         1.0000000E+30             19297       
 NEXT SEEDS: 4F5406A       0       0       0       0       0   181CD    3039       0       0
  *** Kaon: P_min > 1.5 GeV/c:           15   1.9166542320181481     
  Eventv: ekin+am < pla,ij,igreyt   8.2510798075740581        8.2682592057614457               13           1
      88000                 12000                 12000             2.7715369E-04         1.0000000E+30             19748       
 NEXT SEEDS: 502B823       0       0       0       0       0   181CD    3039       0       0
      90000                 10000                 10000             2.7717287E-04         1.0000000E+30             20176       
 NEXT SEEDS: 5106249       0       0       0       0       0   181CD    3039       0       0
  *** Kaon: P_min > 1.5 GeV/c:           24   2.0259200882812931     
      92000                  8000                  8000             2.7666946E-04         1.0000000E+30             20579       
 NEXT SEEDS: 51CDD56       0       0       0       0       0   181CD    3039       0       0
      94000                  6000                  6000             2.7652793E-04         1.0000000E+30             21004       
 NEXT SEEDS: 529BFB8       0       0       0       0       0   181CD    3039       0       0
      96000                  4000                  4000             2.7639228E-04         1.0000000E+30             21436       
 NEXT SEEDS: 5373A7F       0       0       0       0       0   181CD    3039       0       0
      98000                  2000                  2000             2.7589479E-04         1.0000000E+30             21829       
 NEXT SEEDS: 543AF61       0       0       0       0       0   181CD    3039       0       0
      99950                    50                    50             2.7571508E-04         1.0000000E+30             22272       
 NEXT SEEDS: 5513E76       0       0       0       0       0   181CD    3039       0       0
      99951                    49                    49             2.7571232E-04         1.0000000E+30             22272       
 NEXT SEEDS: 5513EAF       0       0       0       0       0   181CD    3039       0       0
      99952                    48                    48             2.7570956E-04         1.0000000E+30             22272       
 NEXT SEEDS: 5513EF5       0       0       0       0       0   181CD    3039       0       0
      99953                    47                    47             2.7574684E-04         1.0000000E+30             22272       
 NEXT SEEDS: 55142EF       0       0       0       0       0   181CD    3039       0       0
      99954                    46                    46             2.7574408E-04         1.0000000E+30             22272       
 NEXT SEEDS: 5514312       0       0       0       0       0   181CD    3039       0       0
      99955                    45                    45             2.7574132E-04         1.0000000E+30             22272       
 NEXT SEEDS: 5514349       0       0       0       0       0   181CD    3039       0       0
      99956                    44                    44             2.7573856E-04         1.0000000E+30             22272       
 NEXT SEEDS: 551438C       0       0       0       0       0   181CD    3039       0       0
      99957                    43                    43             2.7573580E-04         1.0000000E+30             22272       
 NEXT SEEDS: 55143C7       0       0       0       0       0   181CD    3039       0       0
      99958                    42                    42             2.7573304E-04         1.0000000E+30             22272       
 NEXT SEEDS: 551440D       0       0       0       0       0   181CD    3039       0       0
      99959                    41                    41             2.7573029E-04         1.0000000E+30             22272       
 NEXT SEEDS: 5514445       0       0       0       0       0   181CD    3039       0       0
      99960                    40                    40             2.7572753E-04         1.0000000E+30             22272       
 NEXT SEEDS: 55144FD       0       0       0       0       0   181CD    3039       0       0
      99961                    39                    39             2.7572477E-04         1.0000000E+30             22272       
 NEXT SEEDS: 551451B       0       0       0       0       0   181CD    3039       0       0
      99962                    38                    38             2.7572201E-04         1.0000000E+30             22272       
 NEXT SEEDS: 5514569       0       0       0       0       0   181CD    3039       0       0
      99963                    37                    37             2.7571925E-04         1.0000000E+30             22272       
 NEXT SEEDS: 551459F       0       0       0       0       0   181CD    3039       0       0
      99964                    36                    36             2.7571650E-04         1.0000000E+30             22272       
 NEXT SEEDS: 55145FD       0       0       0       0       0   181CD    3039       0       0
      99965                    35                    35             2.7571374E-04         1.0000000E+30             22272       
 NEXT SEEDS: 5514656       0       0       0       0       0   181CD    3039       0       0
      99966                    34                    34             2.7571098E-04         1.0000000E+30             22272       
 NEXT SEEDS: 551468E       0       0       0       0       0   181CD    3039       0       0
      99967                    33                    33             2.7570822E-04         1.0000000E+30             22272       
 NEXT SEEDS: 55146BF       0       0       0       0       0   181CD    3039       0       0
      99968                    32                    32             2.7570546E-04         1.0000000E+30             22272       
 NEXT SEEDS: 55146E9       0       0       0       0       0   181CD    3039       0       0
      99969                    31                    31             2.7570270E-04         1.0000000E+30             22272       
 NEXT SEEDS: 5514728       0       0       0       0       0   181CD    3039       0       0
      99970                    30                    30             2.7569995E-04         1.0000000E+30             22272       
 NEXT SEEDS: 551478F       0       0       0       0       0   181CD    3039       0       0
      99971                    29                    29             2.7569719E-04         1.0000000E+30             22272       
 NEXT SEEDS: 55147C8       0       0       0       0       0   181CD    3039       0       0
      99972                    28                    28             2.7569443E-04         1.0000000E+30             22272       
 NEXT SEEDS: 551481E       0       0       0       0       0   181CD    3039       0       0
      99973                    27                    27             2.7569167E-04         1.0000000E+30             22272       
 NEXT SEEDS: 55148BA       0       0       0       0       0   181CD    3039       0       0
      99974                    26                    26             2.7572892E-04         1.0000000E+30             22274       
 NEXT SEEDS: 55157B9       0       0       0       0       0   181CD    3039       0       0
      99975                    25                    25             2.7576617E-04         1.0000000E+30             22274       
 NEXT SEEDS: 5515845       0       0       0       0       0   181CD    3039       0       0
      99976                    24                    24             2.7576341E-04         1.0000000E+30             22274       
 NEXT SEEDS: 5515873       0       0       0       0       0   181CD    3039       0       0
      99977                    23                    23             2.7576066E-04         1.0000000E+30             22274       
 NEXT SEEDS: 551592B       0       0       0       0       0   181CD    3039       0       0
      99978                    22                    22             2.7579792E-04         1.0000000E+30             22277       
 NEXT SEEDS: 5516E5A       0       0       0       0       0   181CD    3039       0       0
      99979                    21                    21             2.7579516E-04         1.0000000E+30             22277       
 NEXT SEEDS: 5516EDC       0       0       0       0       0   181CD    3039       0       0
      99980                    20                    20             2.7579241E-04         1.0000000E+30             22277       
 NEXT SEEDS: 5516F0E       0       0       0       0       0   181CD    3039       0       0
      99981                    19                    19             2.7582965E-04         1.0000000E+30             22278       
 NEXT SEEDS: 5517133       0       0       0       0       0   181CD    3039       0       0
      99982                    18                    18             2.7582689E-04         1.0000000E+30             22279       
 NEXT SEEDS: 5517725       0       0       0       0       0   181CD    3039       0       0
      99983                    17                    17             2.7582413E-04         1.0000000E+30             22279       
 NEXT SEEDS: 551775F       0       0       0       0       0   181CD    3039       0       0
      99984                    16                    16             2.7582138E-04         1.0000000E+30             22279       
 NEXT SEEDS: 5517796       0       0       0       0       0   181CD    3039       0       0
      99985                    15                    15             2.7581862E-04         1.0000000E+30             22279       
 NEXT SEEDS: 55177C0       0       0       0       0       0   181CD    3039       0       0
      99986                    14                    14             2.7585586E-04         1.0000000E+30             22279       
 NEXT SEEDS: 55177FD       0       0       0       0       0   181CD    3039       0       0
      99987                    13                    13             2.7585310E-04         1.0000000E+30             22279       
 NEXT SEEDS: 5517830       0       0       0       0       0   181CD    3039       0       0
      99988                    12                    12             2.7585034E-04         1.0000000E+30             22279       
 NEXT SEEDS: 5517875       0       0       0       0       0   181CD    3039       0       0
      99989                    11                    11             2.7584758E-04         1.0000000E+30             22282       
 NEXT SEEDS: 5518B38       0       0       0       0       0   181CD    3039       0       0
      99990                    10                    10             2.7588483E-04         1.0000000E+30             22283       
 NEXT SEEDS: 5518E81       0       0       0       0       0   181CD    3039       0       0
      99991                     9                     9             2.7588207E-04         1.0000000E+30             22283       
 NEXT SEEDS: 5518EB9       0       0       0       0       0   181CD    3039       0       0
      99992                     8                     8             2.7587931E-04         1.0000000E+30             22283       
 NEXT SEEDS: 5518EFF       0       0       0       0       0   181CD    3039       0       0
      99993                     7                     7             2.7587655E-04         1.0000000E+30             22283       
 NEXT SEEDS: 5518F21       0       0       0       0       0   181CD    3039       0       0
      99994                     6                     6             2.7587379E-04         1.0000000E+30             22283       
 NEXT SEEDS: 5518F3E       0       0       0       0       0   181CD    3039       0       0
      99995                     5                     5             2.7587103E-04         1.0000000E+30             22283       
 NEXT SEEDS: 5518FD4       0       0       0       0       0   181CD    3039       0       0
      99996                     4                     4             2.7586827E-04         1.0000000E+30             22283       
 NEXT SEEDS: 55190D7       0       0       0       0       0   181CD    3039       0       0
      99997                     3                     3             2.7586551E-04         1.0000000E+30             22283       
 NEXT SEEDS: 5519119       0       0       0       0       0   181CD    3039       0       0
      99998                     2                     2             2.7590277E-04         1.0000000E+30             22283       
 NEXT SEEDS: 5519166       0       0       0       0       0   181CD    3039       0       0
      99999                     1                     1             2.7590001E-04         1.0000000E+30             22285       
 NEXT SEEDS: 5519BA5       0       0       0       0       0   181CD    3039       0       0
     100000                     0                     1             2.7589725E-04         1.0000000E+30             22285       
 NEXT SEEDS: 5519BC2       0       0       0       0       0   181CD    3039       0       0
