1NUMBER OF BEAM       NUMBER OF BEAM        APPROXIMATE NUMBER    AVERAGE TIME USED     TIME LEFT (RESERVED   NUMBER OF STARS
 PARTICLES HANDLED    PARTICLES LEFT        OF BEAM PARTICLES     BY A BEAM PARTICLE     10000.0 SECONDS      CREATED
                                            THAT CAN STILL BE                           FOR PRINTOUT)
                                            HANDLED

 NEXT SEEDS:       0       0       0       0       0       0   181CD    3039       0       0
          1                 99999                 99999             0.0000000E+00         1.0000000E+30                 0       
 NEXT SEEDS:      53       0       0       0       0       0   181CD    3039       0       0
       2000                 98000                 98000             2.6001608E-04         1.0000000E+30               425       
 NEXT SEEDS:   C8F05       0       0       0       0       0   181CD    3039       0       0
       4000                 96000                 96000             2.7301699E-04         1.0000000E+30               909       
 NEXT SEEDS:  1A9839       0       0       0       0       0   181CD    3039       0       0
  *** Kaon: P_min > 1.5 GeV/c:           24   1.8566617259887759     
       6000                 94000                 94000             2.7735070E-04         1.0000000E+30              1351       
 NEXT SEEDS:  28BA97       0       0       0       0       0   181CD    3039       0       0
       8000                 92000                 92000             2.7401713E-04         1.0000000E+30              1794       
 NEXT SEEDS:  35C67F       0       0       0       0       0   181CD    3039       0       0
      10000                 90000                 90000             2.7561719E-04         1.0000000E+30              2241       
 NEXT SEEDS:  43A38F       0       0       0       0       0   181CD    3039       0       0
  *** Kaon: P_min > 1.5 GeV/c:           15   1.8672465078530613     
      12000                 88000                 88000             2.7435050E-04         1.0000000E+30              2689       
 NEXT SEEDS:  50BC0A       0       0       0       0       0   181CD    3039       0       0
      14000                 86000                 86000             2.7173129E-04         1.0000000E+30              3114       
 NEXT SEEDS:  5DC280       0       0       0       0       0   181CD    3039       0       0
      16000                 84000                 84000             2.7326708E-04         1.0000000E+30              3574       
 NEXT SEEDS:  6C8170       0       0       0       0       0   181CD    3039       0       0
  *** Kaon: P_min > 1.5 GeV/c:           24   1.5108838918973351     
      18000                 82000                 82000             2.7246145E-04         1.0000000E+30              4015       
 NEXT SEEDS:  79BE9C       0       0       0       0       0   181CD    3039       0       0
      20000                 80000                 80000             2.7401708E-04         1.0000000E+30              4495       
 NEXT SEEDS:  8845AD       0       0       0       0       0   181CD    3039       0       0
      22000                 78000                 78000             2.7547176E-04         1.0000000E+30              4990       
 NEXT SEEDS:  96EF6E       0       0       0       0       0   181CD    3039       0       0
      24000                 76000                 76000             2.7435047E-04         1.0000000E+30              5419       
 NEXT SEEDS:  A40BF0       0       0       0       0       0   181CD    3039       0       0
      26000                 74000                 74000             2.7401710E-04         1.0000000E+30              5862       
 NEXT SEEDS:  B1AB73       0       0       0       0       0   181CD    3039       0       0
  Ferevv: Umo2 < Urmin2 !!   2.9673232268129492        3.1128534002009998               29           8  0.54744999999999999       0.93956563000000004      T           3
      28000                 72000                 72000             2.7501718E-04         1.0000000E+30              6344       
 NEXT SEEDS:  C02F05       0       0       0       0       0   181CD    3039       0       0
      30000                 70000                 70000             2.7721735E-04         1.0000000E+30              6853       
 NEXT SEEDS:  CF877F       0       0       0       0       0   181CD    3039       0       0
      32000                 68000                 68000             2.7814239E-04         1.0000000E+30              7333       
 NEXT SEEDS:  DDEF90       0       0       0       0       0   181CD    3039       0       0
  *** Umfnst:amsq,np0,np,kpart -5.20417042793042128E-018           0           1           7
      34000                 66000                 66000             2.7872329E-04         1.0000000E+30              7796       
 NEXT SEEDS:  EC6E17       0       0       0       0       0   181CD    3039       0       0
      36000                 64000                 64000             2.7823961E-04         1.0000000E+30              8252       
 NEXT SEEDS:  F9B3BC       0       0       0       0       0   181CD    3039       0       0
      38000                 62000                 62000             2.7738576E-04         1.0000000E+30              8680       
 NEXT SEEDS: 106B160       0       0       0       0       0   181CD    3039       0       0
      40000                 60000                 60000             2.7801737E-04         1.0000000E+30              9161       
 NEXT SEEDS: 11595B0       0       0       0       0       0   181CD    3039       0       0
      42000                 58000                 58000             2.7811261E-04         1.0000000E+30              9617       
 NEXT SEEDS: 12359CC       0       0       0       0       0   181CD    3039       0       0
      44000                 56000                 56000             2.7674458E-04         1.0000000E+30             10030       
 NEXT SEEDS: 12F7D2D       0       0       0       0       0   181CD    3039       0       0
  *** Kaon: P_min > 1.5 GeV/c:           24   2.9553108339000365     
      46000                 54000                 54000             2.7740862E-04         1.0000000E+30             10492       
 NEXT SEEDS: 13D8BE6       0       0       0       0       0   181CD    3039       0       0
      48000                 52000                 52000             2.7801738E-04         1.0000000E+30             10955       
 NEXT SEEDS: 14C0651       0       0       0       0       0   181CD    3039       0       0
  *** Kbar: P_min > 1.8 GeV/c:           25   2.5121487957057647     
      50000                 50000                 50000             2.7777734E-04         1.0000000E+30             11404       
 NEXT SEEDS: 159731D       0       0       0       0       0   181CD    3039       0       0
      52000                 48000                 48000             2.7747889E-04         1.0000000E+30             11831       
 NEXT SEEDS: 1661C11       0       0       0       0       0   181CD    3039       0       0
  *** Kaon: P_min > 1.5 GeV/c:           15   1.5222663193710160     
      54000                 46000                 46000             2.7705434E-04         1.0000000E+30             12246       
 NEXT SEEDS: 1728AA9       0       0       0       0       0   181CD    3039       0       0
  *** Kaon: P_min > 1.5 GeV/c:           24   1.5076465568070359     
      56000                 44000                 44000             2.7666015E-04         1.0000000E+30             12647       
 NEXT SEEDS: 17F4394       0       0       0       0       0   181CD    3039       0       0
      58000                 42000                 42000             2.7684489E-04         1.0000000E+30             13107       
 NEXT SEEDS: 18D6F46       0       0       0       0       0   181CD    3039       0       0
      60000                 40000                 40000             2.7668395E-04         1.0000000E+30             13572       
 NEXT SEEDS: 19B387A       0       0       0       0       0   181CD    3039       0       0
      62000                 38000                 38000             2.7717862E-04         1.0000000E+30             14029       
 NEXT SEEDS: 1A98034       0       0       0       0       0   181CD    3039       0       0
  *** Kaon: P_min > 1.5 GeV/c:           15   1.6741352188346508     
      64000                 36000                 36000             2.7707980E-04         1.0000000E+30             14483       
 NEXT SEEDS: 1B6C3B1       0       0       0       0       0   181CD    3039       0       0
  *** Kaon: P_min > 1.5 GeV/c:           24   2.2218265413990834     
  *** Kaon: P_min > 1.5 GeV/c:           24   2.6615451582244938     
  *** Kaon: P_min > 1.5 GeV/c:           24   1.5444222262740073     
      66000                 34000                 34000             2.7589603E-04         1.0000000E+30             14882       
 NEXT SEEDS: 1C2F581       0       0       0       0       0   181CD    3039       0       0
  *** Kaon: P_min > 1.5 GeV/c:           24   1.6102543516304615     
  *** Kaon: P_min > 1.5 GeV/c:           24   1.6604034848469487     
  Ferevv: Umo2 < Urmin2 !!   3.0763430762383686        3.1128534002009998               29           8  0.54744999999999999       0.93956563000000004      T           3
      68000                 32000                 32000             2.7637020E-04         1.0000000E+30             15372       
 NEXT SEEDS: 1D1A870       0       0       0       0       0   181CD    3039       0       0
      70000                 30000                 30000             2.7618870E-04         1.0000000E+30             15801       
 NEXT SEEDS: 1DE9B98       0       0       0       0       0   181CD    3039       0       0
      72000                 28000                 28000             2.7646172E-04         1.0000000E+30             16267       
 NEXT SEEDS: 1EBF0B6       0       0       0       0       0   181CD    3039       0       0
      74000                 26000                 26000             2.7612538E-04         1.0000000E+30             16694       
 NEXT SEEDS: 1F9529E       0       0       0       0       0   181CD    3039       0       0
      76000                 24000                 24000             2.7580671E-04         1.0000000E+30             17100       
 NEXT SEEDS: 20603B3       0       0       0       0       0   181CD    3039       0       0
      78000                 22000                 22000             2.7581211E-04         1.0000000E+30             17520       
 NEXT SEEDS: 212DC3E       0       0       0       0       0   181CD    3039       0       0
      80000                 20000                 20000             2.7586723E-04         1.0000000E+30             17976       
 NEXT SEEDS: 2212122       0       0       0       0       0   181CD    3039       0       0
  Eventv: ekin+am < pla,ij,igreyt   7.3631160315125062        7.3802762767840857               14           1
      82000                 18000                 18000             2.7635873E-04         1.0000000E+30             18459       
 NEXT SEEDS: 22F9265       0       0       0       0       0   181CD    3039       0       0
  Ferevv: Umo2 < Urmin2 !!   5.9969476907561008        7.0333316290233352               17           1   1.1156299999999999       0.93827231000000000      F           0
      84000                 16000                 16000             2.7644585E-04         1.0000000E+30             18928       
 NEXT SEEDS: 23D5B23       0       0       0       0       0   181CD    3039       0       0
      86000                 14000                 14000             2.7643588E-04         1.0000000E+30             19386       
 NEXT SEEDS: 24B04DF       0       0       0       0       0   181CD    3039       0       0
      88000                 12000                 12000             2.7701730E-04         1.0000000E+30             19896       
 NEXT SEEDS: 25A24C5       0       0       0       0       0   181CD    3039       0       0
  *** Umfnst:amsq,np0,np,kpart -1.21430643318376497E-017           0           1           7
      90000                 10000                 10000             2.7699509E-04         1.0000000E+30             20340       
 NEXT SEEDS: 267AAB3       0       0       0       0       0   181CD    3039       0       0
  *** Kaon: P_min > 1.5 GeV/c:           24   1.5048034278524332     
  *** Kaon: P_min > 1.5 GeV/c:           15   2.1721469312550190     
      92000                  8000                  8000             2.7719123E-04         1.0000000E+30             20806       
 NEXT SEEDS: 275D18F       0       0       0       0       0   181CD    3039       0       0
      94000                  6000                  6000             2.7750669E-04         1.0000000E+30             21274       
 NEXT SEEDS: 283E3F7       0       0       0       0       0   181CD    3039       0       0
      96000                  4000                  4000             2.7735067E-04         1.0000000E+30             21702       
 NEXT SEEDS: 290FE07       0       0       0       0       0   181CD    3039       0       0
      98000                  2000                  2000             2.7789492E-04         1.0000000E+30             22194       
 NEXT SEEDS: 29FDF1A       0       0       0       0       0   181CD    3039       0       0
  *** Kaon: P_min > 1.5 GeV/c:           24   1.5069446854182191     
  *** Kaon: P_min > 1.5 GeV/c:           15   2.0973276432363437     
      99950                    50                    50             2.7799637E-04         1.0000000E+30             22633       
 NEXT SEEDS: 2AD18E5       0       0       0       0       0   181CD    3039       0       0
      99951                    49                    49             2.7799358E-04         1.0000000E+30             22633       
 NEXT SEEDS: 2AD190D       0       0       0       0       0   181CD    3039       0       0
      99952                    48                    48             2.7799080E-04         1.0000000E+30             22633       
 NEXT SEEDS: 2AD193B       0       0       0       0       0   181CD    3039       0       0
      99953                    47                    47             2.7798802E-04         1.0000000E+30             22633       
 NEXT SEEDS: 2AD198B       0       0       0       0       0   181CD    3039       0       0
      99954                    46                    46             2.7802526E-04         1.0000000E+30             22633       
 NEXT SEEDS: 2AD19C1       0       0       0       0       0   181CD    3039       0       0
      99955                    45                    45             2.7802248E-04         1.0000000E+30             22633       
 NEXT SEEDS: 2AD19F1       0       0       0       0       0   181CD    3039       0       0
      99956                    44                    44             2.7801969E-04         1.0000000E+30             22633       
 NEXT SEEDS: 2AD1A13       0       0       0       0       0   181CD    3039       0       0
      99957                    43                    43             2.7801691E-04         1.0000000E+30             22633       
 NEXT SEEDS: 2AD1A3E       0       0       0       0       0   181CD    3039       0       0
      99958                    42                    42             2.7801413E-04         1.0000000E+30             22633       
 NEXT SEEDS: 2AD1A5C       0       0       0       0       0   181CD    3039       0       0
      99959                    41                    41             2.7809140E-04         1.0000000E+30             22637       
 NEXT SEEDS: 2AD3AA0       0       0       0       0       0   181CD    3039       0       0
      99960                    40                    40             2.7808861E-04         1.0000000E+30             22637       
 NEXT SEEDS: 2AD3AD5       0       0       0       0       0   181CD    3039       0       0
      99961                    39                    39             2.7808583E-04         1.0000000E+30             22637       
 NEXT SEEDS: 2AD3B08       0       0       0       0       0   181CD    3039       0       0
      99962                    38                    38             2.7808305E-04         1.0000000E+30             22639       
 NEXT SEEDS: 2AD4220       0       0       0       0       0   181CD    3039       0       0
      99963                    37                    37             2.7808027E-04         1.0000000E+30             22639       
 NEXT SEEDS: 2AD4254       0       0       0       0       0   181CD    3039       0       0
      99964                    36                    36             2.7807749E-04         1.0000000E+30             22639       
 NEXT SEEDS: 2AD4273       0       0       0       0       0   181CD    3039       0       0
      99965                    35                    35             2.7807470E-04         1.0000000E+30             22639       
 NEXT SEEDS: 2AD4299       0       0       0       0       0   181CD    3039       0       0
      99966                    34                    34             2.7807192E-04         1.0000000E+30             22639       
 NEXT SEEDS: 2AD42F0       0       0       0       0       0   181CD    3039       0       0
      99967                    33                    33             2.7806914E-04         1.0000000E+30             22639       
 NEXT SEEDS: 2AD4313       0       0       0       0       0   181CD    3039       0       0
      99968                    32                    32             2.7810637E-04         1.0000000E+30             22641       
 NEXT SEEDS: 2AD4C6F       0       0       0       0       0   181CD    3039       0       0
      99969                    31                    31             2.7810359E-04         1.0000000E+30             22641       
 NEXT SEEDS: 2AD4CA3       0       0       0       0       0   181CD    3039       0       0
      99970                    30                    30             2.7810081E-04         1.0000000E+30             22641       
 NEXT SEEDS: 2AD4CFC       0       0       0       0       0   181CD    3039       0       0
      99971                    29                    29             2.7809802E-04         1.0000000E+30             22641       
 NEXT SEEDS: 2AD4D29       0       0       0       0       0   181CD    3039       0       0
      99972                    28                    28             2.7809524E-04         1.0000000E+30             22641       
 NEXT SEEDS: 2AD4D66       0       0       0       0       0   181CD    3039       0       0
      99973                    27                    27             2.7813247E-04         1.0000000E+30             22644       
 NEXT SEEDS: 2AD608D       0       0       0       0       0   181CD    3039       0       0
      99974                    26                    26             2.7812969E-04         1.0000000E+30             22644       
 NEXT SEEDS: 2AD60C4       0       0       0       0       0   181CD    3039       0       0
      99975                    25                    25             2.7812690E-04         1.0000000E+30             22644       
 NEXT SEEDS: 2AD6101       0       0       0       0       0   181CD    3039       0       0
      99976                    24                    24             2.7812412E-04         1.0000000E+30             22644       
 NEXT SEEDS: 2AD614B       0       0       0       0       0   181CD    3039       0       0
      99977                    23                    23             2.7812134E-04         1.0000000E+30             22644       
 NEXT SEEDS: 2AD6168       0       0       0       0       0   181CD    3039       0       0
      99978                    22                    22             2.7815858E-04         1.0000000E+30             22644       
 NEXT SEEDS: 2AD61AB       0       0       0       0       0   181CD    3039       0       0
      99979                    21                    21             2.7815580E-04         1.0000000E+30             22644       
 NEXT SEEDS: 2AD61CD       0       0       0       0       0   181CD    3039       0       0
      99980                    20                    20             2.7815302E-04         1.0000000E+30             22644       
 NEXT SEEDS: 2AD6214       0       0       0       0       0   181CD    3039       0       0
      99981                    19                    19             2.7815024E-04         1.0000000E+30             22644       
 NEXT SEEDS: 2AD6239       0       0       0       0       0   181CD    3039       0       0
      99982                    18                    18             2.7814746E-04         1.0000000E+30             22644       
 NEXT SEEDS: 2AD627E       0       0       0       0       0   181CD    3039       0       0
      99983                    17                    17             2.7814467E-04         1.0000000E+30             22644       
 NEXT SEEDS: 2AD62D3       0       0       0       0       0   181CD    3039       0       0
      99984                    16                    16             2.7814189E-04         1.0000000E+30             22644       
 NEXT SEEDS: 2AD6396       0       0       0       0       0   181CD    3039       0       0
      99985                    15                    15             2.7813911E-04         1.0000000E+30             22644       
 NEXT SEEDS: 2AD63BA       0       0       0       0       0   181CD    3039       0       0
      99986                    14                    14             2.7817633E-04         1.0000000E+30             22645       
 NEXT SEEDS: 2AD683E       0       0       0       0       0   181CD    3039       0       0
      99987                    13                    13             2.7817355E-04         1.0000000E+30             22645       
 NEXT SEEDS: 2AD6874       0       0       0       0       0   181CD    3039       0       0
      99988                    12                    12             2.7817077E-04         1.0000000E+30             22645       
 NEXT SEEDS: 2AD6893       0       0       0       0       0   181CD    3039       0       0
      99989                    11                    11             2.7816798E-04         1.0000000E+30             22645       
 NEXT SEEDS: 2AD68DB       0       0       0       0       0   181CD    3039       0       0
      99990                    10                    10             2.7816520E-04         1.0000000E+30             22645       
 NEXT SEEDS: 2AD6911       0       0       0       0       0   181CD    3039       0       0
      99991                     9                     9             2.7816242E-04         1.0000000E+30             22645       
 NEXT SEEDS: 2AD6965       0       0       0       0       0   181CD    3039       0       0
      99992                     8                     8             2.7815964E-04         1.0000000E+30             22645       
 NEXT SEEDS: 2AD69A2       0       0       0       0       0   181CD    3039       0       0
      99993                     7                     7             2.7815686E-04         1.0000000E+30             22645       
 NEXT SEEDS: 2AD69C6       0       0       0       0       0   181CD    3039       0       0
      99994                     6                     6             2.7815408E-04         1.0000000E+30             22645       
 NEXT SEEDS: 2AD69F4       0       0       0       0       0   181CD    3039       0       0
      99995                     5                     5             2.7815129E-04         1.0000000E+30             22645       
 NEXT SEEDS: 2AD6A0D       0       0       0       0       0   181CD    3039       0       0
      99996                     4                     4             2.7818851E-04         1.0000000E+30             22646       
 NEXT SEEDS: 2AD72FC       0       0       0       0       0   181CD    3039       0       0
      99997                     3                     3             2.7818573E-04         1.0000000E+30             22646       
 NEXT SEEDS: 2AD7331       0       0       0       0       0   181CD    3039       0       0
      99998                     2                     2             2.7818295E-04         1.0000000E+30             22646       
 NEXT SEEDS: 2AD7355       0       0       0       0       0   181CD    3039       0       0
      99999                     1                     1             2.7818016E-04         1.0000000E+30             22646       
 NEXT SEEDS: 2AD73AB       0       0       0       0       0   181CD    3039       0       0
     100000                     0                     1             2.7817738E-04         1.0000000E+30             22646       
 NEXT SEEDS: 2AD7418       0       0       0       0       0   181CD    3039       0       0
