1NUMBER OF BEAM       NUMBER OF BEAM        APPROXIMATE NUMBER    AVERAGE TIME USED     TIME LEFT (RESERVED   NUMBER OF STARS
 PARTICLES HANDLED    PARTICLES LEFT        OF BEAM PARTICLES     BY A BEAM PARTICLE     10000.0 SECONDS      CREATED
                                            THAT CAN STILL BE                           FOR PRINTOUT)
                                            HANDLED

 NEXT SEEDS: 2AD7418       0       0       0       0       0   181CD    3039       0       0
          1                 99999                 99999             0.0000000E+00         1.0000000E+30                 0       
 NEXT SEEDS: 2AD7450       0       0       0       0       0   181CD    3039       0       0
       2000                 98000                 98000             2.9001808E-04         1.0000000E+30               488       
 NEXT SEEDS: 2BB60E7       0       0       0       0       0   181CD    3039       0       0
  *** Kaon: P_min > 1.5 GeV/c:           15   1.8368195340541968     
  *** Kbar: P_min > 1.8 GeV/c:           25   1.9975021611755615     
  *** Kbar: P_min > 1.8 GeV/c:           25   2.1525683301810248     
       4000                 96000                 96000             2.7301705E-04         1.0000000E+30               896       
 NEXT SEEDS: 2C7C24D       0       0       0       0       0   181CD    3039       0       0
       6000                 94000                 94000             2.7735066E-04         1.0000000E+30              1360       
 NEXT SEEDS: 2D62719       0       0       0       0       0   181CD    3039       0       0
  Eventv: ekin+am < pla,ij,igreyt   10.453648812770320        10.480053806985412               14           2
       8000                 92000                 92000             2.8201765E-04         1.0000000E+30              1868       
 NEXT SEEDS: 2E4DFAF       0       0       0       0       0   181CD    3039       0       0
      10000                 90000                 90000             2.9121819E-04         1.0000000E+30              2427       
 NEXT SEEDS: 2F65051       0       0       0       0       0   181CD    3039       0       0
  *** Kaon: P_min > 1.5 GeV/c:           15   2.2177370736928972     
  Eventv: ekin+am < pla,ij,igreyt   9.2122362313608317        9.2467740512115295               13           1
      12000                 88000                 88000             2.9268491E-04         1.0000000E+30              2960       
 NEXT SEEDS: 30618C6       0       0       0       0       0   181CD    3039       0       0
  *** Kaon: P_min > 1.5 GeV/c:           15   2.0791583856749396     
      14000                 86000                 86000             2.8801799E-04         1.0000000E+30              3380       
 NEXT SEEDS: 3129BB9       0       0       0       0       0   181CD    3039       0       0
  *** Kaon: P_min > 1.5 GeV/c:           15   2.1743351707155858     
      16000                 84000                 84000             2.8501782E-04         1.0000000E+30              3790       
 NEXT SEEDS: 31F849A       0       0       0       0       0   181CD    3039       0       0
      18000                 82000                 82000             2.8535114E-04         1.0000000E+30              4252       
 NEXT SEEDS: 32D5D43       0       0       0       0       0   181CD    3039       0       0
  *** Kaon: P_min > 1.5 GeV/c:           24   1.8616659369035167     
  Eventv: ekin+am < pla,ij,igreyt   6.5193780318343846        6.5329253092044235               14           3
      20000                 80000                 80000             2.8661792E-04         1.0000000E+30              4764       
 NEXT SEEDS: 33C6705       0       0       0       0       0   181CD    3039       0       0
      22000                 78000                 78000             2.8383591E-04         1.0000000E+30              5201       
 NEXT SEEDS: 3492BDC       0       0       0       0       0   181CD    3039       0       0
      24000                 76000                 76000             2.8268435E-04         1.0000000E+30              5665       
 NEXT SEEDS: 3571831       0       0       0       0       0   181CD    3039       0       0
  *** Kaon: P_min > 1.5 GeV/c:           15   1.6925316188653123     
      26000                 74000                 74000             2.8124833E-04         1.0000000E+30              6102       
 NEXT SEEDS: 3646DB3       0       0       0       0       0   181CD    3039       0       0
      28000                 72000                 72000             2.7916028E-04         1.0000000E+30              6492       
 NEXT SEEDS: 370C0FD       0       0       0       0       0   181CD    3039       0       0
      30000                 70000                 70000             2.7815070E-04         1.0000000E+30              6920       
 NEXT SEEDS: 37E23C9       0       0       0       0       0   181CD    3039       0       0
      32000                 68000                 68000             2.7814238E-04         1.0000000E+30              7382       
 NEXT SEEDS: 38C28B0       0       0       0       0       0   181CD    3039       0       0
      34000                 66000                 66000             2.7707615E-04         1.0000000E+30              7824       
 NEXT SEEDS: 399674F       0       0       0       0       0   181CD    3039       0       0
      36000                 64000                 64000             2.7712842E-04         1.0000000E+30              8282       
 NEXT SEEDS: 3A73B79       0       0       0       0       0   181CD    3039       0       0
  Eventv: ekin+am < pla,ij,igreyt   5.7338277523182866        5.7496757114788206               13           1
      38000                 62000                 62000             2.7864899E-04         1.0000000E+30              8806       
 NEXT SEEDS: 3B6C28B       0       0       0       0       0   181CD    3039       0       0
      40000                 60000                 60000             2.7841741E-04         1.0000000E+30              9245       
 NEXT SEEDS: 3C4403B       0       0       0       0       0   181CD    3039       0       0
  Ferevv: R2 < Rmin2 for Pt  3.70255102313304940E-002  3.77073884725506944E-002   3.1128534002009998     
  Ferevv: Umo2 < Urmin2 !!   2.8287059358198801        3.1128534002009998               29           8  0.54744999999999999       0.93956563000000004      T           3
      42000                 58000                 58000             2.7801737E-04         1.0000000E+30              9675       
 NEXT SEEDS: 3D1B86B       0       0       0       0       0   181CD    3039       0       0
      44000                 56000                 56000             2.7747188E-04         1.0000000E+30             10128       
 NEXT SEEDS: 3DEDA14       0       0       0       0       0   181CD    3039       0       0
      46000                 54000                 54000             2.7723473E-04         1.0000000E+30             10604       
 NEXT SEEDS: 3EC8944       0       0       0       0       0   181CD    3039       0       0
      48000                 52000                 52000             2.7751735E-04         1.0000000E+30             11056       
 NEXT SEEDS: 3FA91FB       0       0       0       0       0   181CD    3039       0       0
      50000                 50000                 50000             2.7713733E-04         1.0000000E+30             11529       
 NEXT SEEDS: 4082E2F       0       0       0       0       0   181CD    3039       0       0
      52000                 48000                 48000             2.7694037E-04         1.0000000E+30             11966       
 NEXT SEEDS: 415C259       0       0       0       0       0   181CD    3039       0       0
      54000                 46000                 46000             2.7601725E-04         1.0000000E+30             12347       
 NEXT SEEDS: 422442E       0       0       0       0       0   181CD    3039       0       0
  *** Kaon: P_min > 1.5 GeV/c:           15   2.6544157783919728     
  *** Kaon: P_min > 1.5 GeV/c:           15   2.1584854692005067     
  *** Kaon: P_min > 1.5 GeV/c:           15   2.5638007546295269     
      56000                 44000                 44000             2.7523149E-04         1.0000000E+30             12737       
 NEXT SEEDS: 42EEA4D       0       0       0       0       0   181CD    3039       0       0
      58000                 42000                 42000             2.7470683E-04         1.0000000E+30             13148       
 NEXT SEEDS: 43B9A9C       0       0       0       0       0   181CD    3039       0       0
  *** Kaon: P_min > 1.5 GeV/c:           24   1.5385909261461850     
      60000                 40000                 40000             2.7388378E-04         1.0000000E+30             13555       
 NEXT SEEDS: 4479DBB       0       0       0       0       0   181CD    3039       0       0
  Ferevv: Umo2 < Urmin2 !!   2.9820377223212176        3.1128534002009998               29           8  0.54744999999999999       0.93956563000000004      T           3
      62000                 38000                 38000             2.7388809E-04         1.0000000E+30             13979       
 NEXT SEEDS: 454FFF7       0       0       0       0       0   181CD    3039       0       0
      64000                 36000                 36000             2.7432965E-04         1.0000000E+30             14452       
 NEXT SEEDS: 46347DC       0       0       0       0       0   181CD    3039       0       0
  *** Kaon: P_min > 1.5 GeV/c:           15   3.0056940257597109     
  Eventv: ekin+am < pla,ij,igreyt   5.8844584710990819        5.9072955003382646               14           1
      66000                 34000                 34000             2.7371409E-04         1.0000000E+30             14865       
 NEXT SEEDS: 46F934C       0       0       0       0       0   181CD    3039       0       0
      68000                 32000                 32000             2.7466423E-04         1.0000000E+30             15386       
 NEXT SEEDS: 47EECE2       0       0       0       0       0   181CD    3039       0       0
      70000                 30000                 30000             2.7470288E-04         1.0000000E+30             15847       
 NEXT SEEDS: 48CEDAE       0       0       0       0       0   181CD    3039       0       0
  Ferevv: Umo2 < Urmin2 !!   2.7485744352999877        3.3386942398642971               29           8  0.54744999999999999       0.93956563000000004      F           3
  Ferevv: R2 < Rmin2 for Pt  3.40203393700746481E-002  3.44366966388785223E-002   3.1128534002009998     
  Ferevv: Umo2 < Urmin2 !!   2.8748698001801629        3.1128534002009998               29           8  0.54744999999999999       0.93956563000000004      T           3
      72000                 28000                 28000             2.7473939E-04         1.0000000E+30             16290       
 NEXT SEEDS: 49A474B       0       0       0       0       0   181CD    3039       0       0
      74000                 26000                 26000             2.7488205E-04         1.0000000E+30             16751       
 NEXT SEEDS: 4A86063       0       0       0       0       0   181CD    3039       0       0
  *** Kaon: P_min > 1.5 GeV/c:           24   1.6141114937451331     
      76000                 24000                 24000             2.7464874E-04         1.0000000E+30             17186       
 NEXT SEEDS: 4B5B990       0       0       0       0       0   181CD    3039       0       0
  *** Kaon: P_min > 1.5 GeV/c:           24   1.7353973957902289     
  *** Kaon: P_min > 1.5 GeV/c:           24   1.7424351745610445     
      78000                 22000                 22000             2.7427355E-04         1.0000000E+30             17582       
 NEXT SEEDS: 4C249CB       0       0       0       0       0   181CD    3039       0       0
      80000                 20000                 20000             2.7486717E-04         1.0000000E+30             18057       
 NEXT SEEDS: 4D18227       0       0       0       0       0   181CD    3039       0       0
  *** Kaon: P_min > 1.5 GeV/c:           24   1.9264955140097766     
      82000                 18000                 18000             2.7372443E-04         1.0000000E+30             18408       
 NEXT SEEDS: 4DC654B       0       0       0       0       0   181CD    3039       0       0
      84000                 16000                 16000             2.7320755E-04         1.0000000E+30             18822       
 NEXT SEEDS: 4E95271       0       0       0       0       0   181CD    3039       0       0
  *** Kaon: P_min > 1.5 GeV/c:           15   1.9166542320181481     
      86000                 14000                 14000             2.7317987E-04         1.0000000E+30             19268       
 NEXT SEEDS: 4F6D96A       0       0       0       0       0   181CD    3039       0       0
  Eventv: ekin+am < pla,ij,igreyt   8.2510798075740581        8.2682592057614457               13           1
      88000                 12000                 12000             2.7338071E-04         1.0000000E+30             19736       
 NEXT SEEDS: 5053DFA       0       0       0       0       0   181CD    3039       0       0
      90000                 10000                 10000             2.7308372E-04         1.0000000E+30             20132       
 NEXT SEEDS: 511D80B       0       0       0       0       0   181CD    3039       0       0
  *** Kaon: P_min > 1.5 GeV/c:           24   2.0259200882812931     
  *** Kbar: P_min > 1.8 GeV/c:           16   3.9989329789466068     
      92000                  8000                  8000             2.7279965E-04         1.0000000E+30             20554       
 NEXT SEEDS: 51EC70B       0       0       0       0       0   181CD    3039       0       0
      94000                  6000                  6000             2.7291066E-04         1.0000000E+30             21012       
 NEXT SEEDS: 52CC091       0       0       0       0       0   181CD    3039       0       0
      96000                  4000                  4000             2.7214201E-04         1.0000000E+30             21392       
 NEXT SEEDS: 538B2B2       0       0       0       0       0   181CD    3039       0       0
      98000                  2000                  2000             2.7181290E-04         1.0000000E+30             21790       
 NEXT SEEDS: 54593D6       0       0       0       0       0   181CD    3039       0       0
      99950                    50                    50             2.7175285E-04         1.0000000E+30             22241       
 NEXT SEEDS: 553555A       0       0       0       0       0   181CD    3039       0       0
      99951                    49                    49             2.7175013E-04         1.0000000E+30             22241       
 NEXT SEEDS: 5535599       0       0       0       0       0   181CD    3039       0       0
      99952                    48                    48             2.7178744E-04         1.0000000E+30             22244       
 NEXT SEEDS: 55367B2       0       0       0       0       0   181CD    3039       0       0
      99953                    47                    47             2.7178472E-04         1.0000000E+30             22244       
 NEXT SEEDS: 55367F3       0       0       0       0       0   181CD    3039       0       0
      99954                    46                    46             2.7182202E-04         1.0000000E+30             22245       
 NEXT SEEDS: 5537436       0       0       0       0       0   181CD    3039       0       0
      99955                    45                    45             2.7181930E-04         1.0000000E+30             22245       
 NEXT SEEDS: 5537471       0       0       0       0       0   181CD    3039       0       0
      99956                    44                    44             2.7181658E-04         1.0000000E+30             22245       
 NEXT SEEDS: 553748F       0       0       0       0       0   181CD    3039       0       0
      99957                    43                    43             2.7181386E-04         1.0000000E+30             22245       
 NEXT SEEDS: 55374B2       0       0       0       0       0   181CD    3039       0       0
      99958                    42                    42             2.7181114E-04         1.0000000E+30             22245       
 NEXT SEEDS: 55374DF       0       0       0       0       0   181CD    3039       0       0
      99959                    41                    41             2.7180842E-04         1.0000000E+30             22245       
 NEXT SEEDS: 5537535       0       0       0       0       0   181CD    3039       0       0
      99960                    40                    40             2.7184572E-04         1.0000000E+30             22245       
 NEXT SEEDS: 55375C9       0       0       0       0       0   181CD    3039       0       0
      99961                    39                    39             2.7184300E-04         1.0000000E+30             22245       
 NEXT SEEDS: 5537638       0       0       0       0       0   181CD    3039       0       0
      99962                    38                    38             2.7184028E-04         1.0000000E+30             22245       
 NEXT SEEDS: 5537663       0       0       0       0       0   181CD    3039       0       0
      99963                    37                    37             2.7183756E-04         1.0000000E+30             22245       
 NEXT SEEDS: 55376B2       0       0       0       0       0   181CD    3039       0       0
      99964                    36                    36             2.7183484E-04         1.0000000E+30             22245       
 NEXT SEEDS: 5537708       0       0       0       0       0   181CD    3039       0       0
      99965                    35                    35             2.7183212E-04         1.0000000E+30             22245       
 NEXT SEEDS: 5537733       0       0       0       0       0   181CD    3039       0       0
      99966                    34                    34             2.7182940E-04         1.0000000E+30             22245       
 NEXT SEEDS: 553775D       0       0       0       0       0   181CD    3039       0       0
      99967                    33                    33             2.7182668E-04         1.0000000E+30             22245       
 NEXT SEEDS: 55377A9       0       0       0       0       0   181CD    3039       0       0
      99968                    32                    32             2.7182396E-04         1.0000000E+30             22245       
 NEXT SEEDS: 55377CC       0       0       0       0       0   181CD    3039       0       0
      99969                    31                    31             2.7186125E-04         1.0000000E+30             22246       
 NEXT SEEDS: 5537BBB       0       0       0       0       0   181CD    3039       0       0
      99970                    30                    30             2.7185853E-04         1.0000000E+30             22246       
 NEXT SEEDS: 5537BDB       0       0       0       0       0   181CD    3039       0       0
      99971                    29                    29             2.7185581E-04         1.0000000E+30             22246       
 NEXT SEEDS: 5537C0F       0       0       0       0       0   181CD    3039       0       0
      99972                    28                    28             2.7185310E-04         1.0000000E+30             22246       
 NEXT SEEDS: 5537C58       0       0       0       0       0   181CD    3039       0       0
      99973                    27                    27             2.7185038E-04         1.0000000E+30             22246       
 NEXT SEEDS: 5537CA0       0       0       0       0       0   181CD    3039       0       0
      99974                    26                    26             2.7184766E-04         1.0000000E+30             22246       
 NEXT SEEDS: 5537CD5       0       0       0       0       0   181CD    3039       0       0
      99975                    25                    25             2.7184494E-04         1.0000000E+30             22246       
 NEXT SEEDS: 5537D19       0       0       0       0       0   181CD    3039       0       0
      99976                    24                    24             2.7184222E-04         1.0000000E+30             22246       
 NEXT SEEDS: 5537D64       0       0       0       0       0   181CD    3039       0       0
      99977                    23                    23             2.7183950E-04         1.0000000E+30             22246       
 NEXT SEEDS: 5537D99       0       0       0       0       0   181CD    3039       0       0
      99978                    22                    22             2.7183678E-04         1.0000000E+30             22246       
 NEXT SEEDS: 5537DC8       0       0       0       0       0   181CD    3039       0       0
      99979                    21                    21             2.7183406E-04         1.0000000E+30             22246       
 NEXT SEEDS: 5537DE7       0       0       0       0       0   181CD    3039       0       0
      99980                    20                    20             2.7187137E-04         1.0000000E+30             22246       
 NEXT SEEDS: 5537E39       0       0       0       0       0   181CD    3039       0       0
      99981                    19                    19             2.7186865E-04         1.0000000E+30             22246       
 NEXT SEEDS: 5537E58       0       0       0       0       0   181CD    3039       0       0
      99982                    18                    18             2.7186593E-04         1.0000000E+30             22246       
 NEXT SEEDS: 5537E8D       0       0       0       0       0   181CD    3039       0       0
      99983                    17                    17             2.7186321E-04         1.0000000E+30             22246       
 NEXT SEEDS: 5537EC0       0       0       0       0       0   181CD    3039       0       0
      99984                    16                    16             2.7186049E-04         1.0000000E+30             22246       
 NEXT SEEDS: 5537F1F       0       0       0       0       0   181CD    3039       0       0
      99985                    15                    15             2.7185777E-04         1.0000000E+30             22246       
 NEXT SEEDS: 5537F3D       0       0       0       0       0   181CD    3039       0       0
      99986                    14                    14             2.7185505E-04         1.0000000E+30             22246       
 NEXT SEEDS: 5537F6F       0       0       0       0       0   181CD    3039       0       0
      99987                    13                    13             2.7185233E-04         1.0000000E+30             22246       
 NEXT SEEDS: 5537F98       0       0       0       0       0   181CD    3039       0       0
      99988                    12                    12             2.7184961E-04         1.0000000E+30             22246       
 NEXT SEEDS: 5538002       0       0       0       0       0   181CD    3039       0       0
      99989                    11                    11             2.7184690E-04         1.0000000E+30             22246       
 NEXT SEEDS: 5538063       0       0       0       0       0   181CD    3039       0       0
      99990                    10                    10             2.7184418E-04         1.0000000E+30             22246       
 NEXT SEEDS: 553808D       0       0       0       0       0   181CD    3039       0       0
      99991                     9                     9             2.7184146E-04         1.0000000E+30             22246       
 NEXT SEEDS: 55380CA       0       0       0       0       0   181CD    3039       0       0
      99992                     8                     8             2.7183874E-04         1.0000000E+30             22246       
 NEXT SEEDS: 55380ED       0       0       0       0       0   181CD    3039       0       0
      99993                     7                     7             2.7183602E-04         1.0000000E+30             22246       
 NEXT SEEDS: 5538132       0       0       0       0       0   181CD    3039       0       0
      99994                     6                     6             2.7183330E-04         1.0000000E+30             22246       
 NEXT SEEDS: 55381AA       0       0       0       0       0   181CD    3039       0       0
      99995                     5                     5             2.7183058E-04         1.0000000E+30             22247       
 NEXT SEEDS: 55389AD       0       0       0       0       0   181CD    3039       0       0
      99996                     4                     4             2.7182787E-04         1.0000000E+30             22247       
 NEXT SEEDS: 5538A00       0       0       0       0       0   181CD    3039       0       0
      99997                     3                     3             2.7182515E-04         1.0000000E+30             22247       
 NEXT SEEDS: 5538A33       0       0       0       0       0   181CD    3039       0       0
      99998                     2                     2             2.7182243E-04         1.0000000E+30             22247       
 NEXT SEEDS: 5538A62       0       0       0       0       0   181CD    3039       0       0
      99999                     1                     1             2.7181971E-04         1.0000000E+30             22247       
 NEXT SEEDS: 5538A9D       0       0       0       0       0   181CD    3039       0       0
     100000                     0                     1             2.7181699E-04         1.0000000E+30             22247       
 NEXT SEEDS: 5538AFD       0       0       0       0       0   181CD    3039       0       0
